[2022-01-04 23:38:41,828] {taskinstance.py:1032} INFO - Dependencies all met for <TaskInstance: example_bash_operator.this_will_skip manual__2022-01-05T02:37:22.196874+00:00 [queued]>
[2022-01-04 23:38:41,840] {taskinstance.py:1032} INFO - Dependencies all met for <TaskInstance: example_bash_operator.this_will_skip manual__2022-01-05T02:37:22.196874+00:00 [queued]>
[2022-01-04 23:38:41,840] {taskinstance.py:1238} INFO - 
--------------------------------------------------------------------------------
[2022-01-04 23:38:41,840] {taskinstance.py:1239} INFO - Starting attempt 1 of 1
[2022-01-04 23:38:41,840] {taskinstance.py:1240} INFO - 
--------------------------------------------------------------------------------
[2022-01-04 23:38:41,958] {taskinstance.py:1259} INFO - Executing <Task(BashOperator): this_will_skip> on 2022-01-05 02:37:22.196874+00:00
[2022-01-04 23:38:41,960] {standard_task_runner.py:52} INFO - Started process 11521 to run task
[2022-01-04 23:38:41,965] {standard_task_runner.py:76} INFO - Running: ['airflow', 'tasks', 'run', 'example_bash_operator', 'this_will_skip', 'manual__2022-01-05T02:37:22.196874+00:00', '--job-id', '13', '--raw', '--subdir', '/home/rhavel/Documentos/DEPLOY-PROJECTS/first-airflow/venv/lib/python3.9/site-packages/airflow/example_dags/example_bash_operator.py', '--cfg-path', '/tmp/tmptcbuhizw', '--error-file', '/tmp/tmpraz9rsz4']
[2022-01-04 23:38:41,966] {standard_task_runner.py:77} INFO - Job 13: Subtask this_will_skip
[2022-01-04 23:38:42,100] {logging_mixin.py:109} INFO - Running <TaskInstance: example_bash_operator.this_will_skip manual__2022-01-05T02:37:22.196874+00:00 [running]> on host rhavel-VPCEG13EB
[2022-01-04 23:38:42,310] {taskinstance.py:1424} INFO - Exporting the following env vars:
AIRFLOW_CTX_DAG_OWNER=airflow
AIRFLOW_CTX_DAG_ID=example_bash_operator
AIRFLOW_CTX_TASK_ID=this_will_skip
AIRFLOW_CTX_EXECUTION_DATE=2022-01-05T02:37:22.196874+00:00
AIRFLOW_CTX_DAG_RUN_ID=manual__2022-01-05T02:37:22.196874+00:00
[2022-01-04 23:38:42,311] {subprocess.py:62} INFO - Tmp dir root location: 
 /tmp
[2022-01-04 23:38:42,311] {subprocess.py:74} INFO - Running command: ['bash', '-c', 'echo "hello world"; exit 99;']
[2022-01-04 23:38:42,319] {subprocess.py:85} INFO - Output:
[2022-01-04 23:38:42,321] {subprocess.py:89} INFO - hello world
[2022-01-04 23:38:42,321] {subprocess.py:93} INFO - Command exited with return code 99
[2022-01-04 23:38:42,323] {taskinstance.py:1356} INFO - Bash command returned exit code 99. Skipping.
[2022-01-04 23:38:42,338] {taskinstance.py:1267} INFO - Marking task as SKIPPED. dag_id=example_bash_operator, task_id=this_will_skip, execution_date=20220105T023722, start_date=20220105T023841, end_date=20220105T023842
[2022-01-04 23:38:42,459] {local_task_job.py:154} INFO - Task exited with return code 0
[2022-01-04 23:38:42,591] {local_task_job.py:264} INFO - 0 downstream tasks scheduled from follow-on schedule check
