[2022-01-04 23:33:19,813] {processor.py:163} INFO - Started process (PID=11128) to work on /home/rhavel/Documentos/DEPLOY-PROJECTS/first-airflow/venv/lib/python3.9/site-packages/airflow/example_dags/subdags/subdag.py
[2022-01-04 23:33:19,815] {processor.py:642} INFO - Processing file /home/rhavel/Documentos/DEPLOY-PROJECTS/first-airflow/venv/lib/python3.9/site-packages/airflow/example_dags/subdags/subdag.py for tasks to queue
[2022-01-04 23:33:19,817] {logging_mixin.py:109} INFO - [2022-01-04 23:33:19,817] {dagbag.py:500} INFO - Filling up the DagBag from /home/rhavel/Documentos/DEPLOY-PROJECTS/first-airflow/venv/lib/python3.9/site-packages/airflow/example_dags/subdags/subdag.py
[2022-01-04 23:33:19,846] {processor.py:656} WARNING - No viable dags retrieved from /home/rhavel/Documentos/DEPLOY-PROJECTS/first-airflow/venv/lib/python3.9/site-packages/airflow/example_dags/subdags/subdag.py
[2022-01-04 23:33:19,852] {processor.py:171} INFO - Processing /home/rhavel/Documentos/DEPLOY-PROJECTS/first-airflow/venv/lib/python3.9/site-packages/airflow/example_dags/subdags/subdag.py took 0.043 seconds
[2022-01-04 23:34:09,225] {processor.py:163} INFO - Started process (PID=11189) to work on /home/rhavel/Documentos/DEPLOY-PROJECTS/first-airflow/venv/lib/python3.9/site-packages/airflow/example_dags/subdags/subdag.py
[2022-01-04 23:34:09,239] {processor.py:642} INFO - Processing file /home/rhavel/Documentos/DEPLOY-PROJECTS/first-airflow/venv/lib/python3.9/site-packages/airflow/example_dags/subdags/subdag.py for tasks to queue
[2022-01-04 23:34:09,240] {logging_mixin.py:109} INFO - [2022-01-04 23:34:09,240] {dagbag.py:500} INFO - Filling up the DagBag from /home/rhavel/Documentos/DEPLOY-PROJECTS/first-airflow/venv/lib/python3.9/site-packages/airflow/example_dags/subdags/subdag.py
[2022-01-04 23:34:09,254] {processor.py:656} WARNING - No viable dags retrieved from /home/rhavel/Documentos/DEPLOY-PROJECTS/first-airflow/venv/lib/python3.9/site-packages/airflow/example_dags/subdags/subdag.py
[2022-01-04 23:34:09,257] {processor.py:171} INFO - Processing /home/rhavel/Documentos/DEPLOY-PROJECTS/first-airflow/venv/lib/python3.9/site-packages/airflow/example_dags/subdags/subdag.py took 0.036 seconds
[2022-01-04 23:34:53,179] {processor.py:163} INFO - Started process (PID=11297) to work on /home/rhavel/Documentos/DEPLOY-PROJECTS/first-airflow/venv/lib/python3.9/site-packages/airflow/example_dags/subdags/subdag.py
[2022-01-04 23:34:53,198] {processor.py:642} INFO - Processing file /home/rhavel/Documentos/DEPLOY-PROJECTS/first-airflow/venv/lib/python3.9/site-packages/airflow/example_dags/subdags/subdag.py for tasks to queue
[2022-01-04 23:34:53,199] {logging_mixin.py:109} INFO - [2022-01-04 23:34:53,199] {dagbag.py:500} INFO - Filling up the DagBag from /home/rhavel/Documentos/DEPLOY-PROJECTS/first-airflow/venv/lib/python3.9/site-packages/airflow/example_dags/subdags/subdag.py
[2022-01-04 23:34:53,213] {processor.py:656} WARNING - No viable dags retrieved from /home/rhavel/Documentos/DEPLOY-PROJECTS/first-airflow/venv/lib/python3.9/site-packages/airflow/example_dags/subdags/subdag.py
[2022-01-04 23:34:53,216] {processor.py:171} INFO - Processing /home/rhavel/Documentos/DEPLOY-PROJECTS/first-airflow/venv/lib/python3.9/site-packages/airflow/example_dags/subdags/subdag.py took 0.040 seconds
[2022-01-04 23:35:40,898] {processor.py:163} INFO - Started process (PID=11356) to work on /home/rhavel/Documentos/DEPLOY-PROJECTS/first-airflow/venv/lib/python3.9/site-packages/airflow/example_dags/subdags/subdag.py
[2022-01-04 23:35:40,959] {processor.py:642} INFO - Processing file /home/rhavel/Documentos/DEPLOY-PROJECTS/first-airflow/venv/lib/python3.9/site-packages/airflow/example_dags/subdags/subdag.py for tasks to queue
[2022-01-04 23:35:40,961] {logging_mixin.py:109} INFO - [2022-01-04 23:35:40,961] {dagbag.py:500} INFO - Filling up the DagBag from /home/rhavel/Documentos/DEPLOY-PROJECTS/first-airflow/venv/lib/python3.9/site-packages/airflow/example_dags/subdags/subdag.py
[2022-01-04 23:35:41,001] {processor.py:656} WARNING - No viable dags retrieved from /home/rhavel/Documentos/DEPLOY-PROJECTS/first-airflow/venv/lib/python3.9/site-packages/airflow/example_dags/subdags/subdag.py
[2022-01-04 23:35:41,004] {processor.py:171} INFO - Processing /home/rhavel/Documentos/DEPLOY-PROJECTS/first-airflow/venv/lib/python3.9/site-packages/airflow/example_dags/subdags/subdag.py took 0.111 seconds
[2022-01-04 23:36:13,878] {processor.py:163} INFO - Started process (PID=11385) to work on /home/rhavel/Documentos/DEPLOY-PROJECTS/first-airflow/venv/lib/python3.9/site-packages/airflow/example_dags/subdags/subdag.py
[2022-01-04 23:36:13,902] {processor.py:642} INFO - Processing file /home/rhavel/Documentos/DEPLOY-PROJECTS/first-airflow/venv/lib/python3.9/site-packages/airflow/example_dags/subdags/subdag.py for tasks to queue
[2022-01-04 23:36:13,902] {logging_mixin.py:109} INFO - [2022-01-04 23:36:13,902] {dagbag.py:500} INFO - Filling up the DagBag from /home/rhavel/Documentos/DEPLOY-PROJECTS/first-airflow/venv/lib/python3.9/site-packages/airflow/example_dags/subdags/subdag.py
[2022-01-04 23:36:13,916] {processor.py:656} WARNING - No viable dags retrieved from /home/rhavel/Documentos/DEPLOY-PROJECTS/first-airflow/venv/lib/python3.9/site-packages/airflow/example_dags/subdags/subdag.py
[2022-01-04 23:36:13,918] {processor.py:171} INFO - Processing /home/rhavel/Documentos/DEPLOY-PROJECTS/first-airflow/venv/lib/python3.9/site-packages/airflow/example_dags/subdags/subdag.py took 0.045 seconds
[2022-01-04 23:36:54,439] {processor.py:163} INFO - Started process (PID=11427) to work on /home/rhavel/Documentos/DEPLOY-PROJECTS/first-airflow/venv/lib/python3.9/site-packages/airflow/example_dags/subdags/subdag.py
[2022-01-04 23:36:54,460] {processor.py:642} INFO - Processing file /home/rhavel/Documentos/DEPLOY-PROJECTS/first-airflow/venv/lib/python3.9/site-packages/airflow/example_dags/subdags/subdag.py for tasks to queue
[2022-01-04 23:36:54,461] {logging_mixin.py:109} INFO - [2022-01-04 23:36:54,461] {dagbag.py:500} INFO - Filling up the DagBag from /home/rhavel/Documentos/DEPLOY-PROJECTS/first-airflow/venv/lib/python3.9/site-packages/airflow/example_dags/subdags/subdag.py
[2022-01-04 23:36:54,481] {processor.py:656} WARNING - No viable dags retrieved from /home/rhavel/Documentos/DEPLOY-PROJECTS/first-airflow/venv/lib/python3.9/site-packages/airflow/example_dags/subdags/subdag.py
[2022-01-04 23:36:54,483] {processor.py:171} INFO - Processing /home/rhavel/Documentos/DEPLOY-PROJECTS/first-airflow/venv/lib/python3.9/site-packages/airflow/example_dags/subdags/subdag.py took 0.049 seconds
