[2022-01-07 18:52:56,765] {taskinstance.py:1032} INFO - Dependencies all met for <TaskInstance: tutorial_etl_dag.load manual__2022-01-07T21:52:26.966844+00:00 [queued]>
[2022-01-07 18:52:56,777] {taskinstance.py:1032} INFO - Dependencies all met for <TaskInstance: tutorial_etl_dag.load manual__2022-01-07T21:52:26.966844+00:00 [queued]>
[2022-01-07 18:52:56,777] {taskinstance.py:1238} INFO - 
--------------------------------------------------------------------------------
[2022-01-07 18:52:56,777] {taskinstance.py:1239} INFO - Starting attempt 1 of 1
[2022-01-07 18:52:56,778] {taskinstance.py:1240} INFO - 
--------------------------------------------------------------------------------
[2022-01-07 18:52:56,912] {taskinstance.py:1259} INFO - Executing <Task(PythonOperator): load> on 2022-01-07 21:52:26.966844+00:00
[2022-01-07 18:52:56,915] {standard_task_runner.py:52} INFO - Started process 13539 to run task
[2022-01-07 18:52:56,921] {standard_task_runner.py:76} INFO - Running: ['airflow', 'tasks', 'run', 'tutorial_etl_dag', 'load', 'manual__2022-01-07T21:52:26.966844+00:00', '--job-id', '67', '--raw', '--subdir', '/home/rhavel/Documentos/STUDY-PROJECTS/airflow-study/projects/shritam-airflow/venv/lib/python3.9/site-packages/airflow/example_dags/tutorial_etl_dag.py', '--cfg-path', '/tmp/tmpeigr_qp8', '--error-file', '/tmp/tmpct9yzgwo']
[2022-01-07 18:52:56,923] {standard_task_runner.py:77} INFO - Job 67: Subtask load
[2022-01-07 18:52:57,092] {logging_mixin.py:109} INFO - Running <TaskInstance: tutorial_etl_dag.load manual__2022-01-07T21:52:26.966844+00:00 [running]> on host rhavel-VPCEG13EB
[2022-01-07 18:52:57,532] {taskinstance.py:1424} INFO - Exporting the following env vars:
AIRFLOW_CTX_DAG_OWNER=airflow
AIRFLOW_CTX_DAG_ID=tutorial_etl_dag
AIRFLOW_CTX_TASK_ID=load
AIRFLOW_CTX_EXECUTION_DATE=2022-01-07T21:52:26.966844+00:00
AIRFLOW_CTX_DAG_RUN_ID=manual__2022-01-07T21:52:26.966844+00:00
[2022-01-07 18:52:57,552] {logging_mixin.py:109} WARNING - /home/rhavel/Documentos/STUDY-PROJECTS/airflow-study/projects/shritam-airflow/venv/lib/python3.9/site-packages/airflow/utils/context.py:152 AirflowContextDeprecationWarning: Accessing 'execution_date' from the template is deprecated and will be removed in a future version. Please use 'data_interval_start' or 'logical_date' instead.
[2022-01-07 18:52:57,554] {logging_mixin.py:109} WARNING - /home/rhavel/Documentos/STUDY-PROJECTS/airflow-study/projects/shritam-airflow/venv/lib/python3.9/site-packages/airflow/utils/context.py:152 AirflowContextDeprecationWarning: Accessing 'next_ds' from the template is deprecated and will be removed in a future version. Please use '{{ data_interval_end | ds }}' instead.
[2022-01-07 18:52:57,558] {logging_mixin.py:109} WARNING - /home/rhavel/Documentos/STUDY-PROJECTS/airflow-study/projects/shritam-airflow/venv/lib/python3.9/site-packages/airflow/utils/context.py:152 AirflowContextDeprecationWarning: Accessing 'next_ds_nodash' from the template is deprecated and will be removed in a future version. Please use '{{ data_interval_end | ds_nodash }}' instead.
[2022-01-07 18:52:57,561] {logging_mixin.py:109} WARNING - /home/rhavel/Documentos/STUDY-PROJECTS/airflow-study/projects/shritam-airflow/venv/lib/python3.9/site-packages/airflow/utils/context.py:152 AirflowContextDeprecationWarning: Accessing 'next_execution_date' from the template is deprecated and will be removed in a future version. Please use 'data_interval_end' instead.
[2022-01-07 18:52:57,562] {logging_mixin.py:109} WARNING - /home/rhavel/Documentos/STUDY-PROJECTS/airflow-study/projects/shritam-airflow/venv/lib/python3.9/site-packages/airflow/utils/context.py:152 AirflowContextDeprecationWarning: Accessing 'prev_ds' from the template is deprecated and will be removed in a future version.
[2022-01-07 18:52:57,564] {logging_mixin.py:109} WARNING - /home/rhavel/Documentos/STUDY-PROJECTS/airflow-study/projects/shritam-airflow/venv/lib/python3.9/site-packages/airflow/utils/context.py:152 AirflowContextDeprecationWarning: Accessing 'prev_ds_nodash' from the template is deprecated and will be removed in a future version.
[2022-01-07 18:52:57,565] {logging_mixin.py:109} WARNING - /home/rhavel/Documentos/STUDY-PROJECTS/airflow-study/projects/shritam-airflow/venv/lib/python3.9/site-packages/airflow/utils/context.py:152 AirflowContextDeprecationWarning: Accessing 'prev_execution_date' from the template is deprecated and will be removed in a future version.
[2022-01-07 18:52:57,567] {logging_mixin.py:109} WARNING - /home/rhavel/Documentos/STUDY-PROJECTS/airflow-study/projects/shritam-airflow/venv/lib/python3.9/site-packages/airflow/utils/context.py:152 AirflowContextDeprecationWarning: Accessing 'prev_execution_date_success' from the template is deprecated and will be removed in a future version. Please use 'prev_data_interval_start_success' instead.
[2022-01-07 18:52:57,568] {logging_mixin.py:109} WARNING - /home/rhavel/Documentos/STUDY-PROJECTS/airflow-study/projects/shritam-airflow/venv/lib/python3.9/site-packages/airflow/utils/context.py:152 AirflowContextDeprecationWarning: Accessing 'tomorrow_ds' from the template is deprecated and will be removed in a future version.
[2022-01-07 18:52:57,570] {logging_mixin.py:109} WARNING - /home/rhavel/Documentos/STUDY-PROJECTS/airflow-study/projects/shritam-airflow/venv/lib/python3.9/site-packages/airflow/utils/context.py:152 AirflowContextDeprecationWarning: Accessing 'tomorrow_ds_nodash' from the template is deprecated and will be removed in a future version.
[2022-01-07 18:52:57,572] {logging_mixin.py:109} WARNING - /home/rhavel/Documentos/STUDY-PROJECTS/airflow-study/projects/shritam-airflow/venv/lib/python3.9/site-packages/airflow/utils/context.py:152 AirflowContextDeprecationWarning: Accessing 'yesterday_ds' from the template is deprecated and will be removed in a future version.
[2022-01-07 18:52:57,574] {logging_mixin.py:109} WARNING - /home/rhavel/Documentos/STUDY-PROJECTS/airflow-study/projects/shritam-airflow/venv/lib/python3.9/site-packages/airflow/utils/context.py:152 AirflowContextDeprecationWarning: Accessing 'yesterday_ds_nodash' from the template is deprecated and will be removed in a future version.
[2022-01-07 18:52:57,579] {logging_mixin.py:109} INFO - {'total_order_value': 1236.7}
[2022-01-07 18:52:57,579] {python.py:175} INFO - Done. Returned value was: None
[2022-01-07 18:52:57,589] {taskinstance.py:1267} INFO - Marking task as SUCCESS. dag_id=tutorial_etl_dag, task_id=load, execution_date=20220107T215226, start_date=20220107T215256, end_date=20220107T215257
[2022-01-07 18:52:57,736] {local_task_job.py:154} INFO - Task exited with return code 0
[2022-01-07 18:52:57,775] {local_task_job.py:264} INFO - 0 downstream tasks scheduled from follow-on schedule check
