[2022-01-04 23:33:19,361] {processor.py:163} INFO - Started process (PID=11127) to work on /home/rhavel/Documentos/DEPLOY-PROJECTS/first-airflow/venv/lib/python3.9/site-packages/airflow/example_dags/plugins/workday.py
[2022-01-04 23:33:19,362] {processor.py:642} INFO - Processing file /home/rhavel/Documentos/DEPLOY-PROJECTS/first-airflow/venv/lib/python3.9/site-packages/airflow/example_dags/plugins/workday.py for tasks to queue
[2022-01-04 23:33:19,363] {logging_mixin.py:109} INFO - [2022-01-04 23:33:19,363] {dagbag.py:500} INFO - Filling up the DagBag from /home/rhavel/Documentos/DEPLOY-PROJECTS/first-airflow/venv/lib/python3.9/site-packages/airflow/example_dags/plugins/workday.py
[2022-01-04 23:33:19,381] {processor.py:656} WARNING - No viable dags retrieved from /home/rhavel/Documentos/DEPLOY-PROJECTS/first-airflow/venv/lib/python3.9/site-packages/airflow/example_dags/plugins/workday.py
[2022-01-04 23:33:19,385] {processor.py:171} INFO - Processing /home/rhavel/Documentos/DEPLOY-PROJECTS/first-airflow/venv/lib/python3.9/site-packages/airflow/example_dags/plugins/workday.py took 0.027 seconds
[2022-01-04 23:34:08,252] {processor.py:163} INFO - Started process (PID=11188) to work on /home/rhavel/Documentos/DEPLOY-PROJECTS/first-airflow/venv/lib/python3.9/site-packages/airflow/example_dags/plugins/workday.py
[2022-01-04 23:34:08,278] {processor.py:642} INFO - Processing file /home/rhavel/Documentos/DEPLOY-PROJECTS/first-airflow/venv/lib/python3.9/site-packages/airflow/example_dags/plugins/workday.py for tasks to queue
[2022-01-04 23:34:08,279] {logging_mixin.py:109} INFO - [2022-01-04 23:34:08,279] {dagbag.py:500} INFO - Filling up the DagBag from /home/rhavel/Documentos/DEPLOY-PROJECTS/first-airflow/venv/lib/python3.9/site-packages/airflow/example_dags/plugins/workday.py
[2022-01-04 23:34:08,318] {processor.py:656} WARNING - No viable dags retrieved from /home/rhavel/Documentos/DEPLOY-PROJECTS/first-airflow/venv/lib/python3.9/site-packages/airflow/example_dags/plugins/workday.py
[2022-01-04 23:34:08,320] {processor.py:171} INFO - Processing /home/rhavel/Documentos/DEPLOY-PROJECTS/first-airflow/venv/lib/python3.9/site-packages/airflow/example_dags/plugins/workday.py took 0.073 seconds
[2022-01-04 23:34:52,220] {processor.py:163} INFO - Started process (PID=11295) to work on /home/rhavel/Documentos/DEPLOY-PROJECTS/first-airflow/venv/lib/python3.9/site-packages/airflow/example_dags/plugins/workday.py
[2022-01-04 23:34:52,237] {processor.py:642} INFO - Processing file /home/rhavel/Documentos/DEPLOY-PROJECTS/first-airflow/venv/lib/python3.9/site-packages/airflow/example_dags/plugins/workday.py for tasks to queue
[2022-01-04 23:34:52,238] {logging_mixin.py:109} INFO - [2022-01-04 23:34:52,238] {dagbag.py:500} INFO - Filling up the DagBag from /home/rhavel/Documentos/DEPLOY-PROJECTS/first-airflow/venv/lib/python3.9/site-packages/airflow/example_dags/plugins/workday.py
[2022-01-04 23:34:52,272] {processor.py:656} WARNING - No viable dags retrieved from /home/rhavel/Documentos/DEPLOY-PROJECTS/first-airflow/venv/lib/python3.9/site-packages/airflow/example_dags/plugins/workday.py
[2022-01-04 23:34:52,275] {processor.py:171} INFO - Processing /home/rhavel/Documentos/DEPLOY-PROJECTS/first-airflow/venv/lib/python3.9/site-packages/airflow/example_dags/plugins/workday.py took 0.060 seconds
[2022-01-04 23:35:39,740] {processor.py:163} INFO - Started process (PID=11355) to work on /home/rhavel/Documentos/DEPLOY-PROJECTS/first-airflow/venv/lib/python3.9/site-packages/airflow/example_dags/plugins/workday.py
[2022-01-04 23:35:39,753] {processor.py:642} INFO - Processing file /home/rhavel/Documentos/DEPLOY-PROJECTS/first-airflow/venv/lib/python3.9/site-packages/airflow/example_dags/plugins/workday.py for tasks to queue
[2022-01-04 23:35:39,754] {logging_mixin.py:109} INFO - [2022-01-04 23:35:39,754] {dagbag.py:500} INFO - Filling up the DagBag from /home/rhavel/Documentos/DEPLOY-PROJECTS/first-airflow/venv/lib/python3.9/site-packages/airflow/example_dags/plugins/workday.py
[2022-01-04 23:35:39,803] {processor.py:656} WARNING - No viable dags retrieved from /home/rhavel/Documentos/DEPLOY-PROJECTS/first-airflow/venv/lib/python3.9/site-packages/airflow/example_dags/plugins/workday.py
[2022-01-04 23:35:39,808] {processor.py:171} INFO - Processing /home/rhavel/Documentos/DEPLOY-PROJECTS/first-airflow/venv/lib/python3.9/site-packages/airflow/example_dags/plugins/workday.py took 0.072 seconds
[2022-01-04 23:36:12,701] {processor.py:163} INFO - Started process (PID=11384) to work on /home/rhavel/Documentos/DEPLOY-PROJECTS/first-airflow/venv/lib/python3.9/site-packages/airflow/example_dags/plugins/workday.py
[2022-01-04 23:36:12,728] {processor.py:642} INFO - Processing file /home/rhavel/Documentos/DEPLOY-PROJECTS/first-airflow/venv/lib/python3.9/site-packages/airflow/example_dags/plugins/workday.py for tasks to queue
[2022-01-04 23:36:12,730] {logging_mixin.py:109} INFO - [2022-01-04 23:36:12,729] {dagbag.py:500} INFO - Filling up the DagBag from /home/rhavel/Documentos/DEPLOY-PROJECTS/first-airflow/venv/lib/python3.9/site-packages/airflow/example_dags/plugins/workday.py
[2022-01-04 23:36:12,752] {processor.py:656} WARNING - No viable dags retrieved from /home/rhavel/Documentos/DEPLOY-PROJECTS/first-airflow/venv/lib/python3.9/site-packages/airflow/example_dags/plugins/workday.py
[2022-01-04 23:36:12,755] {processor.py:171} INFO - Processing /home/rhavel/Documentos/DEPLOY-PROJECTS/first-airflow/venv/lib/python3.9/site-packages/airflow/example_dags/plugins/workday.py took 0.060 seconds
[2022-01-04 23:36:53,158] {processor.py:163} INFO - Started process (PID=11426) to work on /home/rhavel/Documentos/DEPLOY-PROJECTS/first-airflow/venv/lib/python3.9/site-packages/airflow/example_dags/plugins/workday.py
[2022-01-04 23:36:53,176] {processor.py:642} INFO - Processing file /home/rhavel/Documentos/DEPLOY-PROJECTS/first-airflow/venv/lib/python3.9/site-packages/airflow/example_dags/plugins/workday.py for tasks to queue
[2022-01-04 23:36:53,178] {logging_mixin.py:109} INFO - [2022-01-04 23:36:53,177] {dagbag.py:500} INFO - Filling up the DagBag from /home/rhavel/Documentos/DEPLOY-PROJECTS/first-airflow/venv/lib/python3.9/site-packages/airflow/example_dags/plugins/workday.py
[2022-01-04 23:36:53,199] {processor.py:656} WARNING - No viable dags retrieved from /home/rhavel/Documentos/DEPLOY-PROJECTS/first-airflow/venv/lib/python3.9/site-packages/airflow/example_dags/plugins/workday.py
[2022-01-04 23:36:53,203] {processor.py:171} INFO - Processing /home/rhavel/Documentos/DEPLOY-PROJECTS/first-airflow/venv/lib/python3.9/site-packages/airflow/example_dags/plugins/workday.py took 0.052 seconds
