[2022-01-04 23:37:53,526] {taskinstance.py:1032} INFO - Dependencies all met for <TaskInstance: example_bash_operator.runme_2 scheduled__2022-01-04T00:00:00+00:00 [queued]>
[2022-01-04 23:37:53,537] {taskinstance.py:1032} INFO - Dependencies all met for <TaskInstance: example_bash_operator.runme_2 scheduled__2022-01-04T00:00:00+00:00 [queued]>
[2022-01-04 23:37:53,537] {taskinstance.py:1238} INFO - 
--------------------------------------------------------------------------------
[2022-01-04 23:37:53,537] {taskinstance.py:1239} INFO - Starting attempt 1 of 1
[2022-01-04 23:37:53,537] {taskinstance.py:1240} INFO - 
--------------------------------------------------------------------------------
[2022-01-04 23:37:53,642] {taskinstance.py:1259} INFO - Executing <Task(BashOperator): runme_2> on 2022-01-04 00:00:00+00:00
[2022-01-04 23:37:53,647] {standard_task_runner.py:52} INFO - Started process 11477 to run task
[2022-01-04 23:37:53,657] {standard_task_runner.py:76} INFO - Running: ['airflow', 'tasks', 'run', 'example_bash_operator', 'runme_2', 'scheduled__2022-01-04T00:00:00+00:00', '--job-id', '5', '--raw', '--subdir', '/home/rhavel/Documentos/DEPLOY-PROJECTS/first-airflow/venv/lib/python3.9/site-packages/airflow/example_dags/example_bash_operator.py', '--cfg-path', '/tmp/tmpgwurj8yt', '--error-file', '/tmp/tmpsvd8esv0']
[2022-01-04 23:37:53,658] {standard_task_runner.py:77} INFO - Job 5: Subtask runme_2
[2022-01-04 23:37:53,882] {logging_mixin.py:109} INFO - Running <TaskInstance: example_bash_operator.runme_2 scheduled__2022-01-04T00:00:00+00:00 [running]> on host rhavel-VPCEG13EB
[2022-01-04 23:37:54,102] {taskinstance.py:1424} INFO - Exporting the following env vars:
AIRFLOW_CTX_DAG_OWNER=airflow
AIRFLOW_CTX_DAG_ID=example_bash_operator
AIRFLOW_CTX_TASK_ID=runme_2
AIRFLOW_CTX_EXECUTION_DATE=2022-01-04T00:00:00+00:00
AIRFLOW_CTX_DAG_RUN_ID=scheduled__2022-01-04T00:00:00+00:00
[2022-01-04 23:37:54,103] {subprocess.py:62} INFO - Tmp dir root location: 
 /tmp
[2022-01-04 23:37:54,103] {subprocess.py:74} INFO - Running command: ['bash', '-c', 'echo "example_bash_operator__runme_2__20220104" && sleep 1']
[2022-01-04 23:37:54,115] {subprocess.py:85} INFO - Output:
[2022-01-04 23:37:54,116] {subprocess.py:89} INFO - example_bash_operator__runme_2__20220104
[2022-01-04 23:37:55,119] {subprocess.py:93} INFO - Command exited with return code 0
[2022-01-04 23:37:55,308] {taskinstance.py:1267} INFO - Marking task as SUCCESS. dag_id=example_bash_operator, task_id=runme_2, execution_date=20220104T000000, start_date=20220105T023753, end_date=20220105T023755
[2022-01-04 23:37:55,435] {local_task_job.py:154} INFO - Task exited with return code 0
[2022-01-04 23:37:55,554] {local_task_job.py:264} INFO - 1 downstream tasks scheduled from follow-on schedule check
