[2022-01-04 23:38:03,133] {taskinstance.py:1032} INFO - Dependencies all met for <TaskInstance: example_bash_operator.this_will_skip scheduled__2022-01-04T00:00:00+00:00 [queued]>
[2022-01-04 23:38:03,144] {taskinstance.py:1032} INFO - Dependencies all met for <TaskInstance: example_bash_operator.this_will_skip scheduled__2022-01-04T00:00:00+00:00 [queued]>
[2022-01-04 23:38:03,144] {taskinstance.py:1238} INFO - 
--------------------------------------------------------------------------------
[2022-01-04 23:38:03,144] {taskinstance.py:1239} INFO - Starting attempt 1 of 1
[2022-01-04 23:38:03,144] {taskinstance.py:1240} INFO - 
--------------------------------------------------------------------------------
[2022-01-04 23:38:03,256] {taskinstance.py:1259} INFO - Executing <Task(BashOperator): this_will_skip> on 2022-01-04 00:00:00+00:00
[2022-01-04 23:38:03,261] {standard_task_runner.py:52} INFO - Started process 11488 to run task
[2022-01-04 23:38:03,268] {standard_task_runner.py:76} INFO - Running: ['airflow', 'tasks', 'run', 'example_bash_operator', 'this_will_skip', 'scheduled__2022-01-04T00:00:00+00:00', '--job-id', '7', '--raw', '--subdir', '/home/rhavel/Documentos/DEPLOY-PROJECTS/first-airflow/venv/lib/python3.9/site-packages/airflow/example_dags/example_bash_operator.py', '--cfg-path', '/tmp/tmp5igj7opk', '--error-file', '/tmp/tmpy6orpcbu']
[2022-01-04 23:38:03,269] {standard_task_runner.py:77} INFO - Job 7: Subtask this_will_skip
[2022-01-04 23:38:03,498] {logging_mixin.py:109} INFO - Running <TaskInstance: example_bash_operator.this_will_skip scheduled__2022-01-04T00:00:00+00:00 [running]> on host rhavel-VPCEG13EB
[2022-01-04 23:38:03,725] {taskinstance.py:1424} INFO - Exporting the following env vars:
AIRFLOW_CTX_DAG_OWNER=airflow
AIRFLOW_CTX_DAG_ID=example_bash_operator
AIRFLOW_CTX_TASK_ID=this_will_skip
AIRFLOW_CTX_EXECUTION_DATE=2022-01-04T00:00:00+00:00
AIRFLOW_CTX_DAG_RUN_ID=scheduled__2022-01-04T00:00:00+00:00
[2022-01-04 23:38:03,726] {subprocess.py:62} INFO - Tmp dir root location: 
 /tmp
[2022-01-04 23:38:03,728] {subprocess.py:74} INFO - Running command: ['bash', '-c', 'echo "hello world"; exit 99;']
[2022-01-04 23:38:03,737] {subprocess.py:85} INFO - Output:
[2022-01-04 23:38:03,739] {subprocess.py:89} INFO - hello world
[2022-01-04 23:38:03,739] {subprocess.py:93} INFO - Command exited with return code 99
[2022-01-04 23:38:03,740] {taskinstance.py:1356} INFO - Bash command returned exit code 99. Skipping.
[2022-01-04 23:38:03,755] {taskinstance.py:1267} INFO - Marking task as SKIPPED. dag_id=example_bash_operator, task_id=this_will_skip, execution_date=20220104T000000, start_date=20220105T023803, end_date=20220105T023803
[2022-01-04 23:38:03,922] {local_task_job.py:154} INFO - Task exited with return code 0
[2022-01-04 23:38:04,044] {local_task_job.py:264} INFO - 0 downstream tasks scheduled from follow-on schedule check
