[2022-01-07 18:53:40,492] {taskinstance.py:1032} INFO - Dependencies all met for <TaskInstance: tutorial_etl_dag.load manual__2022-01-07T21:53:03.969460+00:00 [queued]>
[2022-01-07 18:53:40,508] {taskinstance.py:1032} INFO - Dependencies all met for <TaskInstance: tutorial_etl_dag.load manual__2022-01-07T21:53:03.969460+00:00 [queued]>
[2022-01-07 18:53:40,509] {taskinstance.py:1238} INFO - 
--------------------------------------------------------------------------------
[2022-01-07 18:53:40,509] {taskinstance.py:1239} INFO - Starting attempt 1 of 1
[2022-01-07 18:53:40,509] {taskinstance.py:1240} INFO - 
--------------------------------------------------------------------------------
[2022-01-07 18:53:40,634] {taskinstance.py:1259} INFO - Executing <Task(PythonOperator): load> on 2022-01-07 21:53:03.969460+00:00
[2022-01-07 18:53:40,638] {standard_task_runner.py:52} INFO - Started process 13582 to run task
[2022-01-07 18:53:40,646] {standard_task_runner.py:76} INFO - Running: ['airflow', 'tasks', 'run', 'tutorial_etl_dag', 'load', 'manual__2022-01-07T21:53:03.969460+00:00', '--job-id', '73', '--raw', '--subdir', '/home/rhavel/Documentos/STUDY-PROJECTS/airflow-study/projects/shritam-airflow/venv/lib/python3.9/site-packages/airflow/example_dags/tutorial_etl_dag.py', '--cfg-path', '/tmp/tmpszb8oi7g', '--error-file', '/tmp/tmpjad2guz_']
[2022-01-07 18:53:40,648] {standard_task_runner.py:77} INFO - Job 73: Subtask load
[2022-01-07 18:53:40,806] {logging_mixin.py:109} INFO - Running <TaskInstance: tutorial_etl_dag.load manual__2022-01-07T21:53:03.969460+00:00 [running]> on host rhavel-VPCEG13EB
[2022-01-07 18:53:41,156] {taskinstance.py:1424} INFO - Exporting the following env vars:
AIRFLOW_CTX_DAG_OWNER=airflow
AIRFLOW_CTX_DAG_ID=tutorial_etl_dag
AIRFLOW_CTX_TASK_ID=load
AIRFLOW_CTX_EXECUTION_DATE=2022-01-07T21:53:03.969460+00:00
AIRFLOW_CTX_DAG_RUN_ID=manual__2022-01-07T21:53:03.969460+00:00
[2022-01-07 18:53:41,176] {logging_mixin.py:109} WARNING - /home/rhavel/Documentos/STUDY-PROJECTS/airflow-study/projects/shritam-airflow/venv/lib/python3.9/site-packages/airflow/utils/context.py:152 AirflowContextDeprecationWarning: Accessing 'execution_date' from the template is deprecated and will be removed in a future version. Please use 'data_interval_start' or 'logical_date' instead.
[2022-01-07 18:53:41,179] {logging_mixin.py:109} WARNING - /home/rhavel/Documentos/STUDY-PROJECTS/airflow-study/projects/shritam-airflow/venv/lib/python3.9/site-packages/airflow/utils/context.py:152 AirflowContextDeprecationWarning: Accessing 'next_ds' from the template is deprecated and will be removed in a future version. Please use '{{ data_interval_end | ds }}' instead.
[2022-01-07 18:53:41,183] {logging_mixin.py:109} WARNING - /home/rhavel/Documentos/STUDY-PROJECTS/airflow-study/projects/shritam-airflow/venv/lib/python3.9/site-packages/airflow/utils/context.py:152 AirflowContextDeprecationWarning: Accessing 'next_ds_nodash' from the template is deprecated and will be removed in a future version. Please use '{{ data_interval_end | ds_nodash }}' instead.
[2022-01-07 18:53:41,186] {logging_mixin.py:109} WARNING - /home/rhavel/Documentos/STUDY-PROJECTS/airflow-study/projects/shritam-airflow/venv/lib/python3.9/site-packages/airflow/utils/context.py:152 AirflowContextDeprecationWarning: Accessing 'next_execution_date' from the template is deprecated and will be removed in a future version. Please use 'data_interval_end' instead.
[2022-01-07 18:53:41,187] {logging_mixin.py:109} WARNING - /home/rhavel/Documentos/STUDY-PROJECTS/airflow-study/projects/shritam-airflow/venv/lib/python3.9/site-packages/airflow/utils/context.py:152 AirflowContextDeprecationWarning: Accessing 'prev_ds' from the template is deprecated and will be removed in a future version.
[2022-01-07 18:53:41,188] {logging_mixin.py:109} WARNING - /home/rhavel/Documentos/STUDY-PROJECTS/airflow-study/projects/shritam-airflow/venv/lib/python3.9/site-packages/airflow/utils/context.py:152 AirflowContextDeprecationWarning: Accessing 'prev_ds_nodash' from the template is deprecated and will be removed in a future version.
[2022-01-07 18:53:41,190] {logging_mixin.py:109} WARNING - /home/rhavel/Documentos/STUDY-PROJECTS/airflow-study/projects/shritam-airflow/venv/lib/python3.9/site-packages/airflow/utils/context.py:152 AirflowContextDeprecationWarning: Accessing 'prev_execution_date' from the template is deprecated and will be removed in a future version.
[2022-01-07 18:53:41,191] {logging_mixin.py:109} WARNING - /home/rhavel/Documentos/STUDY-PROJECTS/airflow-study/projects/shritam-airflow/venv/lib/python3.9/site-packages/airflow/utils/context.py:152 AirflowContextDeprecationWarning: Accessing 'prev_execution_date_success' from the template is deprecated and will be removed in a future version. Please use 'prev_data_interval_start_success' instead.
[2022-01-07 18:53:41,193] {logging_mixin.py:109} WARNING - /home/rhavel/Documentos/STUDY-PROJECTS/airflow-study/projects/shritam-airflow/venv/lib/python3.9/site-packages/airflow/utils/context.py:152 AirflowContextDeprecationWarning: Accessing 'tomorrow_ds' from the template is deprecated and will be removed in a future version.
[2022-01-07 18:53:41,194] {logging_mixin.py:109} WARNING - /home/rhavel/Documentos/STUDY-PROJECTS/airflow-study/projects/shritam-airflow/venv/lib/python3.9/site-packages/airflow/utils/context.py:152 AirflowContextDeprecationWarning: Accessing 'tomorrow_ds_nodash' from the template is deprecated and will be removed in a future version.
[2022-01-07 18:53:41,196] {logging_mixin.py:109} WARNING - /home/rhavel/Documentos/STUDY-PROJECTS/airflow-study/projects/shritam-airflow/venv/lib/python3.9/site-packages/airflow/utils/context.py:152 AirflowContextDeprecationWarning: Accessing 'yesterday_ds' from the template is deprecated and will be removed in a future version.
[2022-01-07 18:53:41,198] {logging_mixin.py:109} WARNING - /home/rhavel/Documentos/STUDY-PROJECTS/airflow-study/projects/shritam-airflow/venv/lib/python3.9/site-packages/airflow/utils/context.py:152 AirflowContextDeprecationWarning: Accessing 'yesterday_ds_nodash' from the template is deprecated and will be removed in a future version.
[2022-01-07 18:53:41,202] {logging_mixin.py:109} INFO - {'total_order_value': 1236.7}
[2022-01-07 18:53:41,203] {python.py:175} INFO - Done. Returned value was: None
[2022-01-07 18:53:41,211] {taskinstance.py:1267} INFO - Marking task as SUCCESS. dag_id=tutorial_etl_dag, task_id=load, execution_date=20220107T215303, start_date=20220107T215340, end_date=20220107T215341
[2022-01-07 18:53:41,343] {local_task_job.py:154} INFO - Task exited with return code 0
[2022-01-07 18:53:41,372] {local_task_job.py:264} INFO - 0 downstream tasks scheduled from follow-on schedule check
