[2022-01-04 23:33:34,814] {processor.py:163} INFO - Started process (PID=11151) to work on /home/rhavel/Documentos/DEPLOY-PROJECTS/first-airflow/venv/lib/python3.9/site-packages/airflow/example_dags/example_sla_dag.py
[2022-01-04 23:33:34,816] {processor.py:642} INFO - Processing file /home/rhavel/Documentos/DEPLOY-PROJECTS/first-airflow/venv/lib/python3.9/site-packages/airflow/example_dags/example_sla_dag.py for tasks to queue
[2022-01-04 23:33:34,817] {logging_mixin.py:109} INFO - [2022-01-04 23:33:34,817] {dagbag.py:500} INFO - Filling up the DagBag from /home/rhavel/Documentos/DEPLOY-PROJECTS/first-airflow/venv/lib/python3.9/site-packages/airflow/example_dags/example_sla_dag.py
[2022-01-04 23:33:35,200] {processor.py:654} INFO - DAG(s) dict_keys(['example_sla_dag']) retrieved from /home/rhavel/Documentos/DEPLOY-PROJECTS/first-airflow/venv/lib/python3.9/site-packages/airflow/example_dags/example_sla_dag.py
[2022-01-04 23:33:35,211] {logging_mixin.py:109} INFO - [2022-01-04 23:33:35,211] {dag.py:2396} INFO - Sync 1 DAGs
[2022-01-04 23:33:35,234] {logging_mixin.py:109} INFO - [2022-01-04 23:33:35,234] {dag.py:2935} INFO - Setting next_dagrun for example_sla_dag to 2022-01-05T02:30:00+00:00
[2022-01-04 23:33:35,736] {processor.py:171} INFO - Processing /home/rhavel/Documentos/DEPLOY-PROJECTS/first-airflow/venv/lib/python3.9/site-packages/airflow/example_dags/example_sla_dag.py took 0.928 seconds
[2022-01-04 23:34:21,983] {processor.py:163} INFO - Started process (PID=11202) to work on /home/rhavel/Documentos/DEPLOY-PROJECTS/first-airflow/venv/lib/python3.9/site-packages/airflow/example_dags/example_sla_dag.py
[2022-01-04 23:34:22,034] {processor.py:642} INFO - Processing file /home/rhavel/Documentos/DEPLOY-PROJECTS/first-airflow/venv/lib/python3.9/site-packages/airflow/example_dags/example_sla_dag.py for tasks to queue
[2022-01-04 23:34:22,036] {logging_mixin.py:109} INFO - [2022-01-04 23:34:22,036] {dagbag.py:500} INFO - Filling up the DagBag from /home/rhavel/Documentos/DEPLOY-PROJECTS/first-airflow/venv/lib/python3.9/site-packages/airflow/example_dags/example_sla_dag.py
[2022-01-04 23:34:22,095] {processor.py:654} INFO - DAG(s) dict_keys(['example_sla_dag']) retrieved from /home/rhavel/Documentos/DEPLOY-PROJECTS/first-airflow/venv/lib/python3.9/site-packages/airflow/example_dags/example_sla_dag.py
[2022-01-04 23:34:22,109] {logging_mixin.py:109} INFO - [2022-01-04 23:34:22,109] {dag.py:2396} INFO - Sync 1 DAGs
[2022-01-04 23:34:22,134] {logging_mixin.py:109} INFO - [2022-01-04 23:34:22,134] {dag.py:2935} INFO - Setting next_dagrun for example_sla_dag to 2022-01-05T02:32:00+00:00
[2022-01-04 23:34:22,247] {processor.py:171} INFO - Processing /home/rhavel/Documentos/DEPLOY-PROJECTS/first-airflow/venv/lib/python3.9/site-packages/airflow/example_dags/example_sla_dag.py took 0.269 seconds
[2022-01-04 23:35:08,977] {processor.py:163} INFO - Started process (PID=11330) to work on /home/rhavel/Documentos/DEPLOY-PROJECTS/first-airflow/venv/lib/python3.9/site-packages/airflow/example_dags/example_sla_dag.py
[2022-01-04 23:35:08,993] {processor.py:642} INFO - Processing file /home/rhavel/Documentos/DEPLOY-PROJECTS/first-airflow/venv/lib/python3.9/site-packages/airflow/example_dags/example_sla_dag.py for tasks to queue
[2022-01-04 23:35:08,994] {logging_mixin.py:109} INFO - [2022-01-04 23:35:08,994] {dagbag.py:500} INFO - Filling up the DagBag from /home/rhavel/Documentos/DEPLOY-PROJECTS/first-airflow/venv/lib/python3.9/site-packages/airflow/example_dags/example_sla_dag.py
[2022-01-04 23:35:09,062] {processor.py:654} INFO - DAG(s) dict_keys(['example_sla_dag']) retrieved from /home/rhavel/Documentos/DEPLOY-PROJECTS/first-airflow/venv/lib/python3.9/site-packages/airflow/example_dags/example_sla_dag.py
[2022-01-04 23:35:09,084] {logging_mixin.py:109} INFO - [2022-01-04 23:35:09,084] {dag.py:2396} INFO - Sync 1 DAGs
[2022-01-04 23:35:09,114] {logging_mixin.py:109} INFO - [2022-01-04 23:35:09,114] {dag.py:2935} INFO - Setting next_dagrun for example_sla_dag to 2022-01-05T02:32:00+00:00
[2022-01-04 23:35:09,314] {processor.py:171} INFO - Processing /home/rhavel/Documentos/DEPLOY-PROJECTS/first-airflow/venv/lib/python3.9/site-packages/airflow/example_dags/example_sla_dag.py took 0.342 seconds
[2022-01-04 23:35:54,885] {processor.py:163} INFO - Started process (PID=11368) to work on /home/rhavel/Documentos/DEPLOY-PROJECTS/first-airflow/venv/lib/python3.9/site-packages/airflow/example_dags/example_sla_dag.py
[2022-01-04 23:35:54,909] {processor.py:642} INFO - Processing file /home/rhavel/Documentos/DEPLOY-PROJECTS/first-airflow/venv/lib/python3.9/site-packages/airflow/example_dags/example_sla_dag.py for tasks to queue
[2022-01-04 23:35:54,910] {logging_mixin.py:109} INFO - [2022-01-04 23:35:54,910] {dagbag.py:500} INFO - Filling up the DagBag from /home/rhavel/Documentos/DEPLOY-PROJECTS/first-airflow/venv/lib/python3.9/site-packages/airflow/example_dags/example_sla_dag.py
[2022-01-04 23:35:54,946] {processor.py:654} INFO - DAG(s) dict_keys(['example_sla_dag']) retrieved from /home/rhavel/Documentos/DEPLOY-PROJECTS/first-airflow/venv/lib/python3.9/site-packages/airflow/example_dags/example_sla_dag.py
[2022-01-04 23:35:54,957] {logging_mixin.py:109} INFO - [2022-01-04 23:35:54,957] {dag.py:2396} INFO - Sync 1 DAGs
[2022-01-04 23:35:54,979] {logging_mixin.py:109} INFO - [2022-01-04 23:35:54,979] {dag.py:2935} INFO - Setting next_dagrun for example_sla_dag to 2022-01-05T02:32:00+00:00
[2022-01-04 23:35:55,058] {processor.py:171} INFO - Processing /home/rhavel/Documentos/DEPLOY-PROJECTS/first-airflow/venv/lib/python3.9/site-packages/airflow/example_dags/example_sla_dag.py took 0.181 seconds
[2022-01-04 23:36:38,142] {processor.py:163} INFO - Started process (PID=11413) to work on /home/rhavel/Documentos/DEPLOY-PROJECTS/first-airflow/venv/lib/python3.9/site-packages/airflow/example_dags/example_sla_dag.py
[2022-01-04 23:36:38,144] {processor.py:642} INFO - Processing file /home/rhavel/Documentos/DEPLOY-PROJECTS/first-airflow/venv/lib/python3.9/site-packages/airflow/example_dags/example_sla_dag.py for tasks to queue
[2022-01-04 23:36:38,144] {logging_mixin.py:109} INFO - [2022-01-04 23:36:38,144] {dagbag.py:500} INFO - Filling up the DagBag from /home/rhavel/Documentos/DEPLOY-PROJECTS/first-airflow/venv/lib/python3.9/site-packages/airflow/example_dags/example_sla_dag.py
[2022-01-04 23:36:38,176] {processor.py:654} INFO - DAG(s) dict_keys(['example_sla_dag']) retrieved from /home/rhavel/Documentos/DEPLOY-PROJECTS/first-airflow/venv/lib/python3.9/site-packages/airflow/example_dags/example_sla_dag.py
[2022-01-04 23:36:38,187] {logging_mixin.py:109} INFO - [2022-01-04 23:36:38,187] {dag.py:2396} INFO - Sync 1 DAGs
[2022-01-04 23:36:38,214] {logging_mixin.py:109} INFO - [2022-01-04 23:36:38,214] {dag.py:2935} INFO - Setting next_dagrun for example_sla_dag to 2022-01-05T02:34:00+00:00
[2022-01-04 23:36:38,311] {processor.py:171} INFO - Processing /home/rhavel/Documentos/DEPLOY-PROJECTS/first-airflow/venv/lib/python3.9/site-packages/airflow/example_dags/example_sla_dag.py took 0.173 seconds
[2022-01-04 23:37:19,061] {processor.py:163} INFO - Started process (PID=11447) to work on /home/rhavel/Documentos/DEPLOY-PROJECTS/first-airflow/venv/lib/python3.9/site-packages/airflow/example_dags/example_sla_dag.py
[2022-01-04 23:37:19,063] {processor.py:642} INFO - Processing file /home/rhavel/Documentos/DEPLOY-PROJECTS/first-airflow/venv/lib/python3.9/site-packages/airflow/example_dags/example_sla_dag.py for tasks to queue
[2022-01-04 23:37:19,064] {logging_mixin.py:109} INFO - [2022-01-04 23:37:19,063] {dagbag.py:500} INFO - Filling up the DagBag from /home/rhavel/Documentos/DEPLOY-PROJECTS/first-airflow/venv/lib/python3.9/site-packages/airflow/example_dags/example_sla_dag.py
[2022-01-04 23:37:19,095] {processor.py:654} INFO - DAG(s) dict_keys(['example_sla_dag']) retrieved from /home/rhavel/Documentos/DEPLOY-PROJECTS/first-airflow/venv/lib/python3.9/site-packages/airflow/example_dags/example_sla_dag.py
[2022-01-04 23:37:19,105] {logging_mixin.py:109} INFO - [2022-01-04 23:37:19,105] {dag.py:2396} INFO - Sync 1 DAGs
[2022-01-04 23:37:19,136] {logging_mixin.py:109} INFO - [2022-01-04 23:37:19,135] {dag.py:2935} INFO - Setting next_dagrun for example_sla_dag to 2022-01-05T02:34:00+00:00
[2022-01-04 23:37:19,226] {processor.py:171} INFO - Processing /home/rhavel/Documentos/DEPLOY-PROJECTS/first-airflow/venv/lib/python3.9/site-packages/airflow/example_dags/example_sla_dag.py took 0.170 seconds
