[2022-01-04 23:33:52,329] {processor.py:163} INFO - Started process (PID=11163) to work on /home/rhavel/Documentos/DEPLOY-PROJECTS/first-airflow/venv/lib/python3.9/site-packages/airflow/example_dags/example_latest_only.py
[2022-01-04 23:33:52,330] {processor.py:642} INFO - Processing file /home/rhavel/Documentos/DEPLOY-PROJECTS/first-airflow/venv/lib/python3.9/site-packages/airflow/example_dags/example_latest_only.py for tasks to queue
[2022-01-04 23:33:52,331] {logging_mixin.py:109} INFO - [2022-01-04 23:33:52,331] {dagbag.py:500} INFO - Filling up the DagBag from /home/rhavel/Documentos/DEPLOY-PROJECTS/first-airflow/venv/lib/python3.9/site-packages/airflow/example_dags/example_latest_only.py
[2022-01-04 23:33:52,388] {processor.py:654} INFO - DAG(s) dict_keys(['latest_only']) retrieved from /home/rhavel/Documentos/DEPLOY-PROJECTS/first-airflow/venv/lib/python3.9/site-packages/airflow/example_dags/example_latest_only.py
[2022-01-04 23:33:52,401] {logging_mixin.py:109} INFO - [2022-01-04 23:33:52,401] {dag.py:2396} INFO - Sync 1 DAGs
[2022-01-04 23:33:52,418] {logging_mixin.py:109} INFO - [2022-01-04 23:33:52,418] {dag.py:2935} INFO - Setting next_dagrun for latest_only to 2022-01-04T22:33:52.418324+00:00
[2022-01-04 23:33:52,530] {processor.py:171} INFO - Processing /home/rhavel/Documentos/DEPLOY-PROJECTS/first-airflow/venv/lib/python3.9/site-packages/airflow/example_dags/example_latest_only.py took 0.208 seconds
[2022-01-04 23:34:38,626] {processor.py:163} INFO - Started process (PID=11281) to work on /home/rhavel/Documentos/DEPLOY-PROJECTS/first-airflow/venv/lib/python3.9/site-packages/airflow/example_dags/example_latest_only.py
[2022-01-04 23:34:38,646] {processor.py:642} INFO - Processing file /home/rhavel/Documentos/DEPLOY-PROJECTS/first-airflow/venv/lib/python3.9/site-packages/airflow/example_dags/example_latest_only.py for tasks to queue
[2022-01-04 23:34:38,648] {logging_mixin.py:109} INFO - [2022-01-04 23:34:38,648] {dagbag.py:500} INFO - Filling up the DagBag from /home/rhavel/Documentos/DEPLOY-PROJECTS/first-airflow/venv/lib/python3.9/site-packages/airflow/example_dags/example_latest_only.py
[2022-01-04 23:34:38,695] {processor.py:654} INFO - DAG(s) dict_keys(['latest_only']) retrieved from /home/rhavel/Documentos/DEPLOY-PROJECTS/first-airflow/venv/lib/python3.9/site-packages/airflow/example_dags/example_latest_only.py
[2022-01-04 23:34:38,717] {logging_mixin.py:109} INFO - [2022-01-04 23:34:38,717] {dag.py:2396} INFO - Sync 1 DAGs
[2022-01-04 23:34:38,742] {logging_mixin.py:109} INFO - [2022-01-04 23:34:38,742] {dag.py:2935} INFO - Setting next_dagrun for latest_only to 2022-01-04T22:34:38.742332+00:00
[2022-01-04 23:34:38,841] {processor.py:171} INFO - Processing /home/rhavel/Documentos/DEPLOY-PROJECTS/first-airflow/venv/lib/python3.9/site-packages/airflow/example_dags/example_latest_only.py took 0.222 seconds
[2022-01-04 23:35:26,909] {processor.py:163} INFO - Started process (PID=11346) to work on /home/rhavel/Documentos/DEPLOY-PROJECTS/first-airflow/venv/lib/python3.9/site-packages/airflow/example_dags/example_latest_only.py
[2022-01-04 23:35:26,940] {processor.py:642} INFO - Processing file /home/rhavel/Documentos/DEPLOY-PROJECTS/first-airflow/venv/lib/python3.9/site-packages/airflow/example_dags/example_latest_only.py for tasks to queue
[2022-01-04 23:35:26,941] {logging_mixin.py:109} INFO - [2022-01-04 23:35:26,941] {dagbag.py:500} INFO - Filling up the DagBag from /home/rhavel/Documentos/DEPLOY-PROJECTS/first-airflow/venv/lib/python3.9/site-packages/airflow/example_dags/example_latest_only.py
[2022-01-04 23:35:27,025] {processor.py:654} INFO - DAG(s) dict_keys(['latest_only']) retrieved from /home/rhavel/Documentos/DEPLOY-PROJECTS/first-airflow/venv/lib/python3.9/site-packages/airflow/example_dags/example_latest_only.py
[2022-01-04 23:35:27,039] {logging_mixin.py:109} INFO - [2022-01-04 23:35:27,039] {dag.py:2396} INFO - Sync 1 DAGs
[2022-01-04 23:35:27,147] {logging_mixin.py:109} INFO - [2022-01-04 23:35:27,147] {dag.py:2935} INFO - Setting next_dagrun for latest_only to 2022-01-04T22:35:27.146946+00:00
[2022-01-04 23:35:27,388] {processor.py:171} INFO - Processing /home/rhavel/Documentos/DEPLOY-PROJECTS/first-airflow/venv/lib/python3.9/site-packages/airflow/example_dags/example_latest_only.py took 0.484 seconds
[2022-01-04 23:36:16,692] {processor.py:163} INFO - Started process (PID=11387) to work on /home/rhavel/Documentos/DEPLOY-PROJECTS/first-airflow/venv/lib/python3.9/site-packages/airflow/example_dags/example_latest_only.py
[2022-01-04 23:36:16,712] {processor.py:642} INFO - Processing file /home/rhavel/Documentos/DEPLOY-PROJECTS/first-airflow/venv/lib/python3.9/site-packages/airflow/example_dags/example_latest_only.py for tasks to queue
[2022-01-04 23:36:16,713] {logging_mixin.py:109} INFO - [2022-01-04 23:36:16,713] {dagbag.py:500} INFO - Filling up the DagBag from /home/rhavel/Documentos/DEPLOY-PROJECTS/first-airflow/venv/lib/python3.9/site-packages/airflow/example_dags/example_latest_only.py
[2022-01-04 23:36:16,774] {processor.py:654} INFO - DAG(s) dict_keys(['latest_only']) retrieved from /home/rhavel/Documentos/DEPLOY-PROJECTS/first-airflow/venv/lib/python3.9/site-packages/airflow/example_dags/example_latest_only.py
[2022-01-04 23:36:16,793] {logging_mixin.py:109} INFO - [2022-01-04 23:36:16,793] {dag.py:2396} INFO - Sync 1 DAGs
[2022-01-04 23:36:16,835] {logging_mixin.py:109} INFO - [2022-01-04 23:36:16,835] {dag.py:2935} INFO - Setting next_dagrun for latest_only to 2022-01-04T22:36:16.834903+00:00
[2022-01-04 23:36:17,097] {processor.py:171} INFO - Processing /home/rhavel/Documentos/DEPLOY-PROJECTS/first-airflow/venv/lib/python3.9/site-packages/airflow/example_dags/example_latest_only.py took 0.426 seconds
[2022-01-04 23:37:00,104] {processor.py:163} INFO - Started process (PID=11433) to work on /home/rhavel/Documentos/DEPLOY-PROJECTS/first-airflow/venv/lib/python3.9/site-packages/airflow/example_dags/example_latest_only.py
[2022-01-04 23:37:00,126] {processor.py:642} INFO - Processing file /home/rhavel/Documentos/DEPLOY-PROJECTS/first-airflow/venv/lib/python3.9/site-packages/airflow/example_dags/example_latest_only.py for tasks to queue
[2022-01-04 23:37:00,127] {logging_mixin.py:109} INFO - [2022-01-04 23:37:00,126] {dagbag.py:500} INFO - Filling up the DagBag from /home/rhavel/Documentos/DEPLOY-PROJECTS/first-airflow/venv/lib/python3.9/site-packages/airflow/example_dags/example_latest_only.py
[2022-01-04 23:37:00,150] {processor.py:654} INFO - DAG(s) dict_keys(['latest_only']) retrieved from /home/rhavel/Documentos/DEPLOY-PROJECTS/first-airflow/venv/lib/python3.9/site-packages/airflow/example_dags/example_latest_only.py
[2022-01-04 23:37:00,161] {logging_mixin.py:109} INFO - [2022-01-04 23:37:00,161] {dag.py:2396} INFO - Sync 1 DAGs
[2022-01-04 23:37:00,178] {logging_mixin.py:109} INFO - [2022-01-04 23:37:00,178] {dag.py:2935} INFO - Setting next_dagrun for latest_only to 2022-01-04T22:37:00.177669+00:00
[2022-01-04 23:37:00,301] {processor.py:171} INFO - Processing /home/rhavel/Documentos/DEPLOY-PROJECTS/first-airflow/venv/lib/python3.9/site-packages/airflow/example_dags/example_latest_only.py took 0.200 seconds
