[2022-01-04 23:33:42,644] {processor.py:163} INFO - Started process (PID=11155) to work on /home/rhavel/Documentos/DEPLOY-PROJECTS/first-airflow/venv/lib/python3.9/site-packages/airflow/example_dags/example_trigger_target_dag.py
[2022-01-04 23:33:42,646] {processor.py:642} INFO - Processing file /home/rhavel/Documentos/DEPLOY-PROJECTS/first-airflow/venv/lib/python3.9/site-packages/airflow/example_dags/example_trigger_target_dag.py for tasks to queue
[2022-01-04 23:33:42,647] {logging_mixin.py:109} INFO - [2022-01-04 23:33:42,647] {dagbag.py:500} INFO - Filling up the DagBag from /home/rhavel/Documentos/DEPLOY-PROJECTS/first-airflow/venv/lib/python3.9/site-packages/airflow/example_dags/example_trigger_target_dag.py
[2022-01-04 23:33:42,798] {processor.py:654} INFO - DAG(s) dict_keys(['example_trigger_target_dag']) retrieved from /home/rhavel/Documentos/DEPLOY-PROJECTS/first-airflow/venv/lib/python3.9/site-packages/airflow/example_dags/example_trigger_target_dag.py
[2022-01-04 23:33:42,858] {logging_mixin.py:109} INFO - [2022-01-04 23:33:42,858] {dag.py:2396} INFO - Sync 1 DAGs
[2022-01-04 23:33:42,931] {logging_mixin.py:109} INFO - [2022-01-04 23:33:42,930] {dag.py:2935} INFO - Setting next_dagrun for example_trigger_target_dag to None
[2022-01-04 23:33:43,040] {processor.py:171} INFO - Processing /home/rhavel/Documentos/DEPLOY-PROJECTS/first-airflow/venv/lib/python3.9/site-packages/airflow/example_dags/example_trigger_target_dag.py took 0.402 seconds
[2022-01-04 23:34:25,977] {processor.py:163} INFO - Started process (PID=11245) to work on /home/rhavel/Documentos/DEPLOY-PROJECTS/first-airflow/venv/lib/python3.9/site-packages/airflow/example_dags/example_trigger_target_dag.py
[2022-01-04 23:34:26,025] {processor.py:642} INFO - Processing file /home/rhavel/Documentos/DEPLOY-PROJECTS/first-airflow/venv/lib/python3.9/site-packages/airflow/example_dags/example_trigger_target_dag.py for tasks to queue
[2022-01-04 23:34:26,026] {logging_mixin.py:109} INFO - [2022-01-04 23:34:26,026] {dagbag.py:500} INFO - Filling up the DagBag from /home/rhavel/Documentos/DEPLOY-PROJECTS/first-airflow/venv/lib/python3.9/site-packages/airflow/example_dags/example_trigger_target_dag.py
[2022-01-04 23:34:26,084] {processor.py:654} INFO - DAG(s) dict_keys(['example_trigger_target_dag']) retrieved from /home/rhavel/Documentos/DEPLOY-PROJECTS/first-airflow/venv/lib/python3.9/site-packages/airflow/example_dags/example_trigger_target_dag.py
[2022-01-04 23:34:26,102] {logging_mixin.py:109} INFO - [2022-01-04 23:34:26,102] {dag.py:2396} INFO - Sync 1 DAGs
[2022-01-04 23:34:26,140] {logging_mixin.py:109} INFO - [2022-01-04 23:34:26,140] {dag.py:2935} INFO - Setting next_dagrun for example_trigger_target_dag to None
[2022-01-04 23:34:26,244] {processor.py:171} INFO - Processing /home/rhavel/Documentos/DEPLOY-PROJECTS/first-airflow/venv/lib/python3.9/site-packages/airflow/example_dags/example_trigger_target_dag.py took 0.272 seconds
[2022-01-04 23:35:13,584] {processor.py:163} INFO - Started process (PID=11334) to work on /home/rhavel/Documentos/DEPLOY-PROJECTS/first-airflow/venv/lib/python3.9/site-packages/airflow/example_dags/example_trigger_target_dag.py
[2022-01-04 23:35:13,627] {processor.py:642} INFO - Processing file /home/rhavel/Documentos/DEPLOY-PROJECTS/first-airflow/venv/lib/python3.9/site-packages/airflow/example_dags/example_trigger_target_dag.py for tasks to queue
[2022-01-04 23:35:13,628] {logging_mixin.py:109} INFO - [2022-01-04 23:35:13,628] {dagbag.py:500} INFO - Filling up the DagBag from /home/rhavel/Documentos/DEPLOY-PROJECTS/first-airflow/venv/lib/python3.9/site-packages/airflow/example_dags/example_trigger_target_dag.py
[2022-01-04 23:35:13,681] {processor.py:654} INFO - DAG(s) dict_keys(['example_trigger_target_dag']) retrieved from /home/rhavel/Documentos/DEPLOY-PROJECTS/first-airflow/venv/lib/python3.9/site-packages/airflow/example_dags/example_trigger_target_dag.py
[2022-01-04 23:35:13,695] {logging_mixin.py:109} INFO - [2022-01-04 23:35:13,695] {dag.py:2396} INFO - Sync 1 DAGs
[2022-01-04 23:35:13,714] {logging_mixin.py:109} INFO - [2022-01-04 23:35:13,714] {dag.py:2935} INFO - Setting next_dagrun for example_trigger_target_dag to None
[2022-01-04 23:35:13,814] {processor.py:171} INFO - Processing /home/rhavel/Documentos/DEPLOY-PROJECTS/first-airflow/venv/lib/python3.9/site-packages/airflow/example_dags/example_trigger_target_dag.py took 0.235 seconds
[2022-01-04 23:36:03,427] {processor.py:163} INFO - Started process (PID=11376) to work on /home/rhavel/Documentos/DEPLOY-PROJECTS/first-airflow/venv/lib/python3.9/site-packages/airflow/example_dags/example_trigger_target_dag.py
[2022-01-04 23:36:03,455] {processor.py:642} INFO - Processing file /home/rhavel/Documentos/DEPLOY-PROJECTS/first-airflow/venv/lib/python3.9/site-packages/airflow/example_dags/example_trigger_target_dag.py for tasks to queue
[2022-01-04 23:36:03,456] {logging_mixin.py:109} INFO - [2022-01-04 23:36:03,456] {dagbag.py:500} INFO - Filling up the DagBag from /home/rhavel/Documentos/DEPLOY-PROJECTS/first-airflow/venv/lib/python3.9/site-packages/airflow/example_dags/example_trigger_target_dag.py
[2022-01-04 23:36:03,496] {processor.py:654} INFO - DAG(s) dict_keys(['example_trigger_target_dag']) retrieved from /home/rhavel/Documentos/DEPLOY-PROJECTS/first-airflow/venv/lib/python3.9/site-packages/airflow/example_dags/example_trigger_target_dag.py
[2022-01-04 23:36:03,509] {logging_mixin.py:109} INFO - [2022-01-04 23:36:03,508] {dag.py:2396} INFO - Sync 1 DAGs
[2022-01-04 23:36:03,529] {logging_mixin.py:109} INFO - [2022-01-04 23:36:03,529] {dag.py:2935} INFO - Setting next_dagrun for example_trigger_target_dag to None
[2022-01-04 23:36:03,678] {processor.py:171} INFO - Processing /home/rhavel/Documentos/DEPLOY-PROJECTS/first-airflow/venv/lib/python3.9/site-packages/airflow/example_dags/example_trigger_target_dag.py took 0.256 seconds
[2022-01-04 23:36:46,649] {processor.py:163} INFO - Started process (PID=11419) to work on /home/rhavel/Documentos/DEPLOY-PROJECTS/first-airflow/venv/lib/python3.9/site-packages/airflow/example_dags/example_trigger_target_dag.py
[2022-01-04 23:36:46,651] {processor.py:642} INFO - Processing file /home/rhavel/Documentos/DEPLOY-PROJECTS/first-airflow/venv/lib/python3.9/site-packages/airflow/example_dags/example_trigger_target_dag.py for tasks to queue
[2022-01-04 23:36:46,651] {logging_mixin.py:109} INFO - [2022-01-04 23:36:46,651] {dagbag.py:500} INFO - Filling up the DagBag from /home/rhavel/Documentos/DEPLOY-PROJECTS/first-airflow/venv/lib/python3.9/site-packages/airflow/example_dags/example_trigger_target_dag.py
[2022-01-04 23:36:46,690] {processor.py:654} INFO - DAG(s) dict_keys(['example_trigger_target_dag']) retrieved from /home/rhavel/Documentos/DEPLOY-PROJECTS/first-airflow/venv/lib/python3.9/site-packages/airflow/example_dags/example_trigger_target_dag.py
[2022-01-04 23:36:46,704] {logging_mixin.py:109} INFO - [2022-01-04 23:36:46,704] {dag.py:2396} INFO - Sync 1 DAGs
[2022-01-04 23:36:46,723] {logging_mixin.py:109} INFO - [2022-01-04 23:36:46,723] {dag.py:2935} INFO - Setting next_dagrun for example_trigger_target_dag to None
[2022-01-04 23:36:46,808] {processor.py:171} INFO - Processing /home/rhavel/Documentos/DEPLOY-PROJECTS/first-airflow/venv/lib/python3.9/site-packages/airflow/example_dags/example_trigger_target_dag.py took 0.166 seconds
