[2022-01-04 23:33:44,286] {processor.py:163} INFO - Started process (PID=11156) to work on /home/rhavel/Documentos/DEPLOY-PROJECTS/first-airflow/venv/lib/python3.9/site-packages/airflow/example_dags/example_short_circuit_operator.py
[2022-01-04 23:33:44,299] {processor.py:642} INFO - Processing file /home/rhavel/Documentos/DEPLOY-PROJECTS/first-airflow/venv/lib/python3.9/site-packages/airflow/example_dags/example_short_circuit_operator.py for tasks to queue
[2022-01-04 23:33:44,301] {logging_mixin.py:109} INFO - [2022-01-04 23:33:44,301] {dagbag.py:500} INFO - Filling up the DagBag from /home/rhavel/Documentos/DEPLOY-PROJECTS/first-airflow/venv/lib/python3.9/site-packages/airflow/example_dags/example_short_circuit_operator.py
[2022-01-04 23:33:44,391] {processor.py:654} INFO - DAG(s) dict_keys(['example_short_circuit_operator']) retrieved from /home/rhavel/Documentos/DEPLOY-PROJECTS/first-airflow/venv/lib/python3.9/site-packages/airflow/example_dags/example_short_circuit_operator.py
[2022-01-04 23:33:44,477] {logging_mixin.py:109} INFO - [2022-01-04 23:33:44,477] {dag.py:2396} INFO - Sync 1 DAGs
[2022-01-04 23:33:44,583] {logging_mixin.py:109} INFO - [2022-01-04 23:33:44,583] {dag.py:2935} INFO - Setting next_dagrun for example_short_circuit_operator to 2022-01-04T02:33:44.582435+00:00
[2022-01-04 23:33:44,707] {processor.py:171} INFO - Processing /home/rhavel/Documentos/DEPLOY-PROJECTS/first-airflow/venv/lib/python3.9/site-packages/airflow/example_dags/example_short_circuit_operator.py took 0.427 seconds
[2022-01-04 23:34:27,614] {processor.py:163} INFO - Started process (PID=11260) to work on /home/rhavel/Documentos/DEPLOY-PROJECTS/first-airflow/venv/lib/python3.9/site-packages/airflow/example_dags/example_short_circuit_operator.py
[2022-01-04 23:34:27,645] {processor.py:642} INFO - Processing file /home/rhavel/Documentos/DEPLOY-PROJECTS/first-airflow/venv/lib/python3.9/site-packages/airflow/example_dags/example_short_circuit_operator.py for tasks to queue
[2022-01-04 23:34:27,646] {logging_mixin.py:109} INFO - [2022-01-04 23:34:27,646] {dagbag.py:500} INFO - Filling up the DagBag from /home/rhavel/Documentos/DEPLOY-PROJECTS/first-airflow/venv/lib/python3.9/site-packages/airflow/example_dags/example_short_circuit_operator.py
[2022-01-04 23:34:27,846] {processor.py:654} INFO - DAG(s) dict_keys(['example_short_circuit_operator']) retrieved from /home/rhavel/Documentos/DEPLOY-PROJECTS/first-airflow/venv/lib/python3.9/site-packages/airflow/example_dags/example_short_circuit_operator.py
[2022-01-04 23:34:27,867] {logging_mixin.py:109} INFO - [2022-01-04 23:34:27,867] {dag.py:2396} INFO - Sync 1 DAGs
[2022-01-04 23:34:27,968] {logging_mixin.py:109} INFO - [2022-01-04 23:34:27,967] {dag.py:2935} INFO - Setting next_dagrun for example_short_circuit_operator to 2022-01-04T02:34:27.967272+00:00
[2022-01-04 23:34:28,223] {processor.py:171} INFO - Processing /home/rhavel/Documentos/DEPLOY-PROJECTS/first-airflow/venv/lib/python3.9/site-packages/airflow/example_dags/example_short_circuit_operator.py took 0.631 seconds
[2022-01-04 23:35:14,549] {processor.py:163} INFO - Started process (PID=11335) to work on /home/rhavel/Documentos/DEPLOY-PROJECTS/first-airflow/venv/lib/python3.9/site-packages/airflow/example_dags/example_short_circuit_operator.py
[2022-01-04 23:35:14,560] {processor.py:642} INFO - Processing file /home/rhavel/Documentos/DEPLOY-PROJECTS/first-airflow/venv/lib/python3.9/site-packages/airflow/example_dags/example_short_circuit_operator.py for tasks to queue
[2022-01-04 23:35:14,562] {logging_mixin.py:109} INFO - [2022-01-04 23:35:14,562] {dagbag.py:500} INFO - Filling up the DagBag from /home/rhavel/Documentos/DEPLOY-PROJECTS/first-airflow/venv/lib/python3.9/site-packages/airflow/example_dags/example_short_circuit_operator.py
[2022-01-04 23:35:14,614] {processor.py:654} INFO - DAG(s) dict_keys(['example_short_circuit_operator']) retrieved from /home/rhavel/Documentos/DEPLOY-PROJECTS/first-airflow/venv/lib/python3.9/site-packages/airflow/example_dags/example_short_circuit_operator.py
[2022-01-04 23:35:14,628] {logging_mixin.py:109} INFO - [2022-01-04 23:35:14,628] {dag.py:2396} INFO - Sync 1 DAGs
[2022-01-04 23:35:14,649] {logging_mixin.py:109} INFO - [2022-01-04 23:35:14,649] {dag.py:2935} INFO - Setting next_dagrun for example_short_circuit_operator to 2022-01-04T02:35:14.648509+00:00
[2022-01-04 23:35:14,751] {processor.py:171} INFO - Processing /home/rhavel/Documentos/DEPLOY-PROJECTS/first-airflow/venv/lib/python3.9/site-packages/airflow/example_dags/example_short_circuit_operator.py took 0.206 seconds
[2022-01-04 23:36:04,447] {processor.py:163} INFO - Started process (PID=11377) to work on /home/rhavel/Documentos/DEPLOY-PROJECTS/first-airflow/venv/lib/python3.9/site-packages/airflow/example_dags/example_short_circuit_operator.py
[2022-01-04 23:36:04,457] {processor.py:642} INFO - Processing file /home/rhavel/Documentos/DEPLOY-PROJECTS/first-airflow/venv/lib/python3.9/site-packages/airflow/example_dags/example_short_circuit_operator.py for tasks to queue
[2022-01-04 23:36:04,458] {logging_mixin.py:109} INFO - [2022-01-04 23:36:04,458] {dagbag.py:500} INFO - Filling up the DagBag from /home/rhavel/Documentos/DEPLOY-PROJECTS/first-airflow/venv/lib/python3.9/site-packages/airflow/example_dags/example_short_circuit_operator.py
[2022-01-04 23:36:04,502] {processor.py:654} INFO - DAG(s) dict_keys(['example_short_circuit_operator']) retrieved from /home/rhavel/Documentos/DEPLOY-PROJECTS/first-airflow/venv/lib/python3.9/site-packages/airflow/example_dags/example_short_circuit_operator.py
[2022-01-04 23:36:04,524] {logging_mixin.py:109} INFO - [2022-01-04 23:36:04,523] {dag.py:2396} INFO - Sync 1 DAGs
[2022-01-04 23:36:04,550] {logging_mixin.py:109} INFO - [2022-01-04 23:36:04,550] {dag.py:2935} INFO - Setting next_dagrun for example_short_circuit_operator to 2022-01-04T02:36:04.549754+00:00
[2022-01-04 23:36:04,707] {processor.py:171} INFO - Processing /home/rhavel/Documentos/DEPLOY-PROJECTS/first-airflow/venv/lib/python3.9/site-packages/airflow/example_dags/example_short_circuit_operator.py took 0.264 seconds
[2022-01-04 23:36:47,621] {processor.py:163} INFO - Started process (PID=11420) to work on /home/rhavel/Documentos/DEPLOY-PROJECTS/first-airflow/venv/lib/python3.9/site-packages/airflow/example_dags/example_short_circuit_operator.py
[2022-01-04 23:36:47,623] {processor.py:642} INFO - Processing file /home/rhavel/Documentos/DEPLOY-PROJECTS/first-airflow/venv/lib/python3.9/site-packages/airflow/example_dags/example_short_circuit_operator.py for tasks to queue
[2022-01-04 23:36:47,623] {logging_mixin.py:109} INFO - [2022-01-04 23:36:47,623] {dagbag.py:500} INFO - Filling up the DagBag from /home/rhavel/Documentos/DEPLOY-PROJECTS/first-airflow/venv/lib/python3.9/site-packages/airflow/example_dags/example_short_circuit_operator.py
[2022-01-04 23:36:47,651] {processor.py:654} INFO - DAG(s) dict_keys(['example_short_circuit_operator']) retrieved from /home/rhavel/Documentos/DEPLOY-PROJECTS/first-airflow/venv/lib/python3.9/site-packages/airflow/example_dags/example_short_circuit_operator.py
[2022-01-04 23:36:47,664] {logging_mixin.py:109} INFO - [2022-01-04 23:36:47,664] {dag.py:2396} INFO - Sync 1 DAGs
[2022-01-04 23:36:47,682] {logging_mixin.py:109} INFO - [2022-01-04 23:36:47,682] {dag.py:2935} INFO - Setting next_dagrun for example_short_circuit_operator to 2022-01-04T02:36:47.681678+00:00
[2022-01-04 23:36:47,786] {processor.py:171} INFO - Processing /home/rhavel/Documentos/DEPLOY-PROJECTS/first-airflow/venv/lib/python3.9/site-packages/airflow/example_dags/example_short_circuit_operator.py took 0.169 seconds
