[2022-01-04 23:34:02,999] {processor.py:163} INFO - Started process (PID=11180) to work on /home/rhavel/Documentos/DEPLOY-PROJECTS/first-airflow/venv/lib/python3.9/site-packages/airflow/example_dags/example_branch_day_of_week_operator.py
[2022-01-04 23:34:03,001] {processor.py:642} INFO - Processing file /home/rhavel/Documentos/DEPLOY-PROJECTS/first-airflow/venv/lib/python3.9/site-packages/airflow/example_dags/example_branch_day_of_week_operator.py for tasks to queue
[2022-01-04 23:34:03,002] {logging_mixin.py:109} INFO - [2022-01-04 23:34:03,002] {dagbag.py:500} INFO - Filling up the DagBag from /home/rhavel/Documentos/DEPLOY-PROJECTS/first-airflow/venv/lib/python3.9/site-packages/airflow/example_dags/example_branch_day_of_week_operator.py
[2022-01-04 23:34:03,064] {processor.py:654} INFO - DAG(s) dict_keys(['example_weekday_branch_operator']) retrieved from /home/rhavel/Documentos/DEPLOY-PROJECTS/first-airflow/venv/lib/python3.9/site-packages/airflow/example_dags/example_branch_day_of_week_operator.py
[2022-01-04 23:34:03,075] {logging_mixin.py:109} INFO - [2022-01-04 23:34:03,075] {dag.py:2396} INFO - Sync 1 DAGs
[2022-01-04 23:34:03,094] {logging_mixin.py:109} INFO - [2022-01-04 23:34:03,094] {dag.py:2935} INFO - Setting next_dagrun for example_weekday_branch_operator to 2022-01-04 00:00:00+00:00
[2022-01-04 23:34:03,187] {processor.py:171} INFO - Processing /home/rhavel/Documentos/DEPLOY-PROJECTS/first-airflow/venv/lib/python3.9/site-packages/airflow/example_dags/example_branch_day_of_week_operator.py took 0.192 seconds
[2022-01-04 23:34:47,712] {processor.py:163} INFO - Started process (PID=11290) to work on /home/rhavel/Documentos/DEPLOY-PROJECTS/first-airflow/venv/lib/python3.9/site-packages/airflow/example_dags/example_branch_day_of_week_operator.py
[2022-01-04 23:34:47,726] {processor.py:642} INFO - Processing file /home/rhavel/Documentos/DEPLOY-PROJECTS/first-airflow/venv/lib/python3.9/site-packages/airflow/example_dags/example_branch_day_of_week_operator.py for tasks to queue
[2022-01-04 23:34:47,727] {logging_mixin.py:109} INFO - [2022-01-04 23:34:47,727] {dagbag.py:500} INFO - Filling up the DagBag from /home/rhavel/Documentos/DEPLOY-PROJECTS/first-airflow/venv/lib/python3.9/site-packages/airflow/example_dags/example_branch_day_of_week_operator.py
[2022-01-04 23:34:47,782] {processor.py:654} INFO - DAG(s) dict_keys(['example_weekday_branch_operator']) retrieved from /home/rhavel/Documentos/DEPLOY-PROJECTS/first-airflow/venv/lib/python3.9/site-packages/airflow/example_dags/example_branch_day_of_week_operator.py
[2022-01-04 23:34:47,793] {logging_mixin.py:109} INFO - [2022-01-04 23:34:47,793] {dag.py:2396} INFO - Sync 1 DAGs
[2022-01-04 23:34:47,816] {logging_mixin.py:109} INFO - [2022-01-04 23:34:47,816] {dag.py:2935} INFO - Setting next_dagrun for example_weekday_branch_operator to 2022-01-04 00:00:00+00:00
[2022-01-04 23:34:47,914] {processor.py:171} INFO - Processing /home/rhavel/Documentos/DEPLOY-PROJECTS/first-airflow/venv/lib/python3.9/site-packages/airflow/example_dags/example_branch_day_of_week_operator.py took 0.208 seconds
[2022-01-04 23:35:38,364] {processor.py:163} INFO - Started process (PID=11354) to work on /home/rhavel/Documentos/DEPLOY-PROJECTS/first-airflow/venv/lib/python3.9/site-packages/airflow/example_dags/example_branch_day_of_week_operator.py
[2022-01-04 23:35:38,387] {processor.py:642} INFO - Processing file /home/rhavel/Documentos/DEPLOY-PROJECTS/first-airflow/venv/lib/python3.9/site-packages/airflow/example_dags/example_branch_day_of_week_operator.py for tasks to queue
[2022-01-04 23:35:38,388] {logging_mixin.py:109} INFO - [2022-01-04 23:35:38,388] {dagbag.py:500} INFO - Filling up the DagBag from /home/rhavel/Documentos/DEPLOY-PROJECTS/first-airflow/venv/lib/python3.9/site-packages/airflow/example_dags/example_branch_day_of_week_operator.py
[2022-01-04 23:35:38,471] {processor.py:654} INFO - DAG(s) dict_keys(['example_weekday_branch_operator']) retrieved from /home/rhavel/Documentos/DEPLOY-PROJECTS/first-airflow/venv/lib/python3.9/site-packages/airflow/example_dags/example_branch_day_of_week_operator.py
[2022-01-04 23:35:38,487] {logging_mixin.py:109} INFO - [2022-01-04 23:35:38,487] {dag.py:2396} INFO - Sync 1 DAGs
[2022-01-04 23:35:38,520] {logging_mixin.py:109} INFO - [2022-01-04 23:35:38,520] {dag.py:2935} INFO - Setting next_dagrun for example_weekday_branch_operator to 2022-01-04 00:00:00+00:00
[2022-01-04 23:35:38,613] {processor.py:171} INFO - Processing /home/rhavel/Documentos/DEPLOY-PROJECTS/first-airflow/venv/lib/python3.9/site-packages/airflow/example_dags/example_branch_day_of_week_operator.py took 0.256 seconds
[2022-01-04 23:36:25,419] {processor.py:163} INFO - Started process (PID=11401) to work on /home/rhavel/Documentos/DEPLOY-PROJECTS/first-airflow/venv/lib/python3.9/site-packages/airflow/example_dags/example_branch_day_of_week_operator.py
[2022-01-04 23:36:25,480] {processor.py:642} INFO - Processing file /home/rhavel/Documentos/DEPLOY-PROJECTS/first-airflow/venv/lib/python3.9/site-packages/airflow/example_dags/example_branch_day_of_week_operator.py for tasks to queue
[2022-01-04 23:36:25,482] {logging_mixin.py:109} INFO - [2022-01-04 23:36:25,482] {dagbag.py:500} INFO - Filling up the DagBag from /home/rhavel/Documentos/DEPLOY-PROJECTS/first-airflow/venv/lib/python3.9/site-packages/airflow/example_dags/example_branch_day_of_week_operator.py
[2022-01-04 23:36:25,518] {processor.py:654} INFO - DAG(s) dict_keys(['example_weekday_branch_operator']) retrieved from /home/rhavel/Documentos/DEPLOY-PROJECTS/first-airflow/venv/lib/python3.9/site-packages/airflow/example_dags/example_branch_day_of_week_operator.py
[2022-01-04 23:36:25,530] {logging_mixin.py:109} INFO - [2022-01-04 23:36:25,530] {dag.py:2396} INFO - Sync 1 DAGs
[2022-01-04 23:36:25,559] {logging_mixin.py:109} INFO - [2022-01-04 23:36:25,559] {dag.py:2935} INFO - Setting next_dagrun for example_weekday_branch_operator to 2022-01-04 00:00:00+00:00
[2022-01-04 23:36:25,669] {processor.py:171} INFO - Processing /home/rhavel/Documentos/DEPLOY-PROJECTS/first-airflow/venv/lib/python3.9/site-packages/airflow/example_dags/example_branch_day_of_week_operator.py took 0.256 seconds
[2022-01-04 23:37:20,431] {processor.py:163} INFO - Started process (PID=11449) to work on /home/rhavel/Documentos/DEPLOY-PROJECTS/first-airflow/venv/lib/python3.9/site-packages/airflow/example_dags/example_branch_day_of_week_operator.py
[2022-01-04 23:37:20,432] {processor.py:642} INFO - Processing file /home/rhavel/Documentos/DEPLOY-PROJECTS/first-airflow/venv/lib/python3.9/site-packages/airflow/example_dags/example_branch_day_of_week_operator.py for tasks to queue
[2022-01-04 23:37:20,433] {logging_mixin.py:109} INFO - [2022-01-04 23:37:20,433] {dagbag.py:500} INFO - Filling up the DagBag from /home/rhavel/Documentos/DEPLOY-PROJECTS/first-airflow/venv/lib/python3.9/site-packages/airflow/example_dags/example_branch_day_of_week_operator.py
[2022-01-04 23:37:20,458] {processor.py:654} INFO - DAG(s) dict_keys(['example_weekday_branch_operator']) retrieved from /home/rhavel/Documentos/DEPLOY-PROJECTS/first-airflow/venv/lib/python3.9/site-packages/airflow/example_dags/example_branch_day_of_week_operator.py
[2022-01-04 23:37:20,469] {logging_mixin.py:109} INFO - [2022-01-04 23:37:20,469] {dag.py:2396} INFO - Sync 1 DAGs
[2022-01-04 23:37:20,489] {logging_mixin.py:109} INFO - [2022-01-04 23:37:20,489] {dag.py:2935} INFO - Setting next_dagrun for example_weekday_branch_operator to 2022-01-04 00:00:00+00:00
[2022-01-04 23:37:20,584] {processor.py:171} INFO - Processing /home/rhavel/Documentos/DEPLOY-PROJECTS/first-airflow/venv/lib/python3.9/site-packages/airflow/example_dags/example_branch_day_of_week_operator.py took 0.157 seconds
