[2022-01-04 23:33:53,797] {processor.py:163} INFO - Started process (PID=11165) to work on /home/rhavel/Documentos/DEPLOY-PROJECTS/first-airflow/venv/lib/python3.9/site-packages/airflow/example_dags/example_branch_operator.py
[2022-01-04 23:33:53,799] {processor.py:642} INFO - Processing file /home/rhavel/Documentos/DEPLOY-PROJECTS/first-airflow/venv/lib/python3.9/site-packages/airflow/example_dags/example_branch_operator.py for tasks to queue
[2022-01-04 23:33:53,801] {logging_mixin.py:109} INFO - [2022-01-04 23:33:53,801] {dagbag.py:500} INFO - Filling up the DagBag from /home/rhavel/Documentos/DEPLOY-PROJECTS/first-airflow/venv/lib/python3.9/site-packages/airflow/example_dags/example_branch_operator.py
[2022-01-04 23:33:53,860] {processor.py:654} INFO - DAG(s) dict_keys(['example_branch_operator']) retrieved from /home/rhavel/Documentos/DEPLOY-PROJECTS/first-airflow/venv/lib/python3.9/site-packages/airflow/example_dags/example_branch_operator.py
[2022-01-04 23:33:53,875] {logging_mixin.py:109} INFO - [2022-01-04 23:33:53,875] {dag.py:2396} INFO - Sync 1 DAGs
[2022-01-04 23:33:53,897] {logging_mixin.py:109} INFO - [2022-01-04 23:33:53,897] {dag.py:2935} INFO - Setting next_dagrun for example_branch_operator to 2022-01-04 00:00:00+00:00
[2022-01-04 23:33:54,009] {processor.py:171} INFO - Processing /home/rhavel/Documentos/DEPLOY-PROJECTS/first-airflow/venv/lib/python3.9/site-packages/airflow/example_dags/example_branch_operator.py took 0.217 seconds
[2022-01-04 23:34:39,986] {processor.py:163} INFO - Started process (PID=11282) to work on /home/rhavel/Documentos/DEPLOY-PROJECTS/first-airflow/venv/lib/python3.9/site-packages/airflow/example_dags/example_branch_operator.py
[2022-01-04 23:34:40,001] {processor.py:642} INFO - Processing file /home/rhavel/Documentos/DEPLOY-PROJECTS/first-airflow/venv/lib/python3.9/site-packages/airflow/example_dags/example_branch_operator.py for tasks to queue
[2022-01-04 23:34:40,003] {logging_mixin.py:109} INFO - [2022-01-04 23:34:40,003] {dagbag.py:500} INFO - Filling up the DagBag from /home/rhavel/Documentos/DEPLOY-PROJECTS/first-airflow/venv/lib/python3.9/site-packages/airflow/example_dags/example_branch_operator.py
[2022-01-04 23:34:40,045] {processor.py:654} INFO - DAG(s) dict_keys(['example_branch_operator']) retrieved from /home/rhavel/Documentos/DEPLOY-PROJECTS/first-airflow/venv/lib/python3.9/site-packages/airflow/example_dags/example_branch_operator.py
[2022-01-04 23:34:40,058] {logging_mixin.py:109} INFO - [2022-01-04 23:34:40,057] {dag.py:2396} INFO - Sync 1 DAGs
[2022-01-04 23:34:40,077] {logging_mixin.py:109} INFO - [2022-01-04 23:34:40,077] {dag.py:2935} INFO - Setting next_dagrun for example_branch_operator to 2022-01-04 00:00:00+00:00
[2022-01-04 23:34:40,163] {processor.py:171} INFO - Processing /home/rhavel/Documentos/DEPLOY-PROJECTS/first-airflow/venv/lib/python3.9/site-packages/airflow/example_dags/example_branch_operator.py took 0.183 seconds
[2022-01-04 23:35:28,469] {processor.py:163} INFO - Started process (PID=11347) to work on /home/rhavel/Documentos/DEPLOY-PROJECTS/first-airflow/venv/lib/python3.9/site-packages/airflow/example_dags/example_branch_operator.py
[2022-01-04 23:35:28,505] {processor.py:642} INFO - Processing file /home/rhavel/Documentos/DEPLOY-PROJECTS/first-airflow/venv/lib/python3.9/site-packages/airflow/example_dags/example_branch_operator.py for tasks to queue
[2022-01-04 23:35:28,507] {logging_mixin.py:109} INFO - [2022-01-04 23:35:28,506] {dagbag.py:500} INFO - Filling up the DagBag from /home/rhavel/Documentos/DEPLOY-PROJECTS/first-airflow/venv/lib/python3.9/site-packages/airflow/example_dags/example_branch_operator.py
[2022-01-04 23:35:28,559] {processor.py:654} INFO - DAG(s) dict_keys(['example_branch_operator']) retrieved from /home/rhavel/Documentos/DEPLOY-PROJECTS/first-airflow/venv/lib/python3.9/site-packages/airflow/example_dags/example_branch_operator.py
[2022-01-04 23:35:28,577] {logging_mixin.py:109} INFO - [2022-01-04 23:35:28,577] {dag.py:2396} INFO - Sync 1 DAGs
[2022-01-04 23:35:28,598] {logging_mixin.py:109} INFO - [2022-01-04 23:35:28,598] {dag.py:2935} INFO - Setting next_dagrun for example_branch_operator to 2022-01-04 00:00:00+00:00
[2022-01-04 23:35:28,682] {processor.py:171} INFO - Processing /home/rhavel/Documentos/DEPLOY-PROJECTS/first-airflow/venv/lib/python3.9/site-packages/airflow/example_dags/example_branch_operator.py took 0.217 seconds
[2022-01-04 23:36:18,318] {processor.py:163} INFO - Started process (PID=11392) to work on /home/rhavel/Documentos/DEPLOY-PROJECTS/first-airflow/venv/lib/python3.9/site-packages/airflow/example_dags/example_branch_operator.py
[2022-01-04 23:36:18,333] {processor.py:642} INFO - Processing file /home/rhavel/Documentos/DEPLOY-PROJECTS/first-airflow/venv/lib/python3.9/site-packages/airflow/example_dags/example_branch_operator.py for tasks to queue
[2022-01-04 23:36:18,334] {logging_mixin.py:109} INFO - [2022-01-04 23:36:18,334] {dagbag.py:500} INFO - Filling up the DagBag from /home/rhavel/Documentos/DEPLOY-PROJECTS/first-airflow/venv/lib/python3.9/site-packages/airflow/example_dags/example_branch_operator.py
[2022-01-04 23:36:18,376] {processor.py:654} INFO - DAG(s) dict_keys(['example_branch_operator']) retrieved from /home/rhavel/Documentos/DEPLOY-PROJECTS/first-airflow/venv/lib/python3.9/site-packages/airflow/example_dags/example_branch_operator.py
[2022-01-04 23:36:18,394] {logging_mixin.py:109} INFO - [2022-01-04 23:36:18,393] {dag.py:2396} INFO - Sync 1 DAGs
[2022-01-04 23:36:18,419] {logging_mixin.py:109} INFO - [2022-01-04 23:36:18,418] {dag.py:2935} INFO - Setting next_dagrun for example_branch_operator to 2022-01-04 00:00:00+00:00
[2022-01-04 23:36:18,518] {processor.py:171} INFO - Processing /home/rhavel/Documentos/DEPLOY-PROJECTS/first-airflow/venv/lib/python3.9/site-packages/airflow/example_dags/example_branch_operator.py took 0.205 seconds
[2022-01-04 23:37:01,471] {processor.py:163} INFO - Started process (PID=11434) to work on /home/rhavel/Documentos/DEPLOY-PROJECTS/first-airflow/venv/lib/python3.9/site-packages/airflow/example_dags/example_branch_operator.py
[2022-01-04 23:37:01,495] {processor.py:642} INFO - Processing file /home/rhavel/Documentos/DEPLOY-PROJECTS/first-airflow/venv/lib/python3.9/site-packages/airflow/example_dags/example_branch_operator.py for tasks to queue
[2022-01-04 23:37:01,497] {logging_mixin.py:109} INFO - [2022-01-04 23:37:01,497] {dagbag.py:500} INFO - Filling up the DagBag from /home/rhavel/Documentos/DEPLOY-PROJECTS/first-airflow/venv/lib/python3.9/site-packages/airflow/example_dags/example_branch_operator.py
[2022-01-04 23:37:01,532] {processor.py:654} INFO - DAG(s) dict_keys(['example_branch_operator']) retrieved from /home/rhavel/Documentos/DEPLOY-PROJECTS/first-airflow/venv/lib/python3.9/site-packages/airflow/example_dags/example_branch_operator.py
[2022-01-04 23:37:01,547] {logging_mixin.py:109} INFO - [2022-01-04 23:37:01,547] {dag.py:2396} INFO - Sync 1 DAGs
[2022-01-04 23:37:01,570] {logging_mixin.py:109} INFO - [2022-01-04 23:37:01,570] {dag.py:2935} INFO - Setting next_dagrun for example_branch_operator to 2022-01-04 00:00:00+00:00
[2022-01-04 23:37:01,681] {processor.py:171} INFO - Processing /home/rhavel/Documentos/DEPLOY-PROJECTS/first-airflow/venv/lib/python3.9/site-packages/airflow/example_dags/example_branch_operator.py took 0.214 seconds
