[2022-01-04 23:33:57,792] {processor.py:163} INFO - Started process (PID=11173) to work on /home/rhavel/Documentos/DEPLOY-PROJECTS/first-airflow/venv/lib/python3.9/site-packages/airflow/example_dags/example_bash_operator.py
[2022-01-04 23:33:57,793] {processor.py:642} INFO - Processing file /home/rhavel/Documentos/DEPLOY-PROJECTS/first-airflow/venv/lib/python3.9/site-packages/airflow/example_dags/example_bash_operator.py for tasks to queue
[2022-01-04 23:33:57,794] {logging_mixin.py:109} INFO - [2022-01-04 23:33:57,794] {dagbag.py:500} INFO - Filling up the DagBag from /home/rhavel/Documentos/DEPLOY-PROJECTS/first-airflow/venv/lib/python3.9/site-packages/airflow/example_dags/example_bash_operator.py
[2022-01-04 23:33:57,878] {processor.py:654} INFO - DAG(s) dict_keys(['example_bash_operator']) retrieved from /home/rhavel/Documentos/DEPLOY-PROJECTS/first-airflow/venv/lib/python3.9/site-packages/airflow/example_dags/example_bash_operator.py
[2022-01-04 23:33:57,891] {logging_mixin.py:109} INFO - [2022-01-04 23:33:57,890] {dag.py:2396} INFO - Sync 1 DAGs
[2022-01-04 23:33:57,909] {logging_mixin.py:109} INFO - [2022-01-04 23:33:57,908] {dag.py:2935} INFO - Setting next_dagrun for example_bash_operator to 2022-01-04 00:00:00+00:00
[2022-01-04 23:33:58,009] {processor.py:171} INFO - Processing /home/rhavel/Documentos/DEPLOY-PROJECTS/first-airflow/venv/lib/python3.9/site-packages/airflow/example_dags/example_bash_operator.py took 0.224 seconds
[2022-01-04 23:34:43,897] {processor.py:163} INFO - Started process (PID=11286) to work on /home/rhavel/Documentos/DEPLOY-PROJECTS/first-airflow/venv/lib/python3.9/site-packages/airflow/example_dags/example_bash_operator.py
[2022-01-04 23:34:43,899] {processor.py:642} INFO - Processing file /home/rhavel/Documentos/DEPLOY-PROJECTS/first-airflow/venv/lib/python3.9/site-packages/airflow/example_dags/example_bash_operator.py for tasks to queue
[2022-01-04 23:34:43,900] {logging_mixin.py:109} INFO - [2022-01-04 23:34:43,900] {dagbag.py:500} INFO - Filling up the DagBag from /home/rhavel/Documentos/DEPLOY-PROJECTS/first-airflow/venv/lib/python3.9/site-packages/airflow/example_dags/example_bash_operator.py
[2022-01-04 23:34:43,938] {processor.py:654} INFO - DAG(s) dict_keys(['example_bash_operator']) retrieved from /home/rhavel/Documentos/DEPLOY-PROJECTS/first-airflow/venv/lib/python3.9/site-packages/airflow/example_dags/example_bash_operator.py
[2022-01-04 23:34:43,950] {logging_mixin.py:109} INFO - [2022-01-04 23:34:43,949] {dag.py:2396} INFO - Sync 1 DAGs
[2022-01-04 23:34:43,971] {logging_mixin.py:109} INFO - [2022-01-04 23:34:43,970] {dag.py:2935} INFO - Setting next_dagrun for example_bash_operator to 2022-01-04 00:00:00+00:00
[2022-01-04 23:34:44,044] {processor.py:171} INFO - Processing /home/rhavel/Documentos/DEPLOY-PROJECTS/first-airflow/venv/lib/python3.9/site-packages/airflow/example_dags/example_bash_operator.py took 0.154 seconds
[2022-01-04 23:35:32,756] {processor.py:163} INFO - Started process (PID=11351) to work on /home/rhavel/Documentos/DEPLOY-PROJECTS/first-airflow/venv/lib/python3.9/site-packages/airflow/example_dags/example_bash_operator.py
[2022-01-04 23:35:32,773] {processor.py:642} INFO - Processing file /home/rhavel/Documentos/DEPLOY-PROJECTS/first-airflow/venv/lib/python3.9/site-packages/airflow/example_dags/example_bash_operator.py for tasks to queue
[2022-01-04 23:35:32,774] {logging_mixin.py:109} INFO - [2022-01-04 23:35:32,774] {dagbag.py:500} INFO - Filling up the DagBag from /home/rhavel/Documentos/DEPLOY-PROJECTS/first-airflow/venv/lib/python3.9/site-packages/airflow/example_dags/example_bash_operator.py
[2022-01-04 23:35:32,863] {processor.py:654} INFO - DAG(s) dict_keys(['example_bash_operator']) retrieved from /home/rhavel/Documentos/DEPLOY-PROJECTS/first-airflow/venv/lib/python3.9/site-packages/airflow/example_dags/example_bash_operator.py
[2022-01-04 23:35:32,892] {logging_mixin.py:109} INFO - [2022-01-04 23:35:32,892] {dag.py:2396} INFO - Sync 1 DAGs
[2022-01-04 23:35:32,958] {logging_mixin.py:109} INFO - [2022-01-04 23:35:32,958] {dag.py:2935} INFO - Setting next_dagrun for example_bash_operator to 2022-01-04 00:00:00+00:00
[2022-01-04 23:35:33,048] {processor.py:171} INFO - Processing /home/rhavel/Documentos/DEPLOY-PROJECTS/first-airflow/venv/lib/python3.9/site-packages/airflow/example_dags/example_bash_operator.py took 0.300 seconds
[2022-01-04 23:36:20,667] {processor.py:163} INFO - Started process (PID=11397) to work on /home/rhavel/Documentos/DEPLOY-PROJECTS/first-airflow/venv/lib/python3.9/site-packages/airflow/example_dags/example_bash_operator.py
[2022-01-04 23:36:20,669] {processor.py:642} INFO - Processing file /home/rhavel/Documentos/DEPLOY-PROJECTS/first-airflow/venv/lib/python3.9/site-packages/airflow/example_dags/example_bash_operator.py for tasks to queue
[2022-01-04 23:36:20,671] {logging_mixin.py:109} INFO - [2022-01-04 23:36:20,670] {dagbag.py:500} INFO - Filling up the DagBag from /home/rhavel/Documentos/DEPLOY-PROJECTS/first-airflow/venv/lib/python3.9/site-packages/airflow/example_dags/example_bash_operator.py
[2022-01-04 23:36:20,707] {processor.py:654} INFO - DAG(s) dict_keys(['example_bash_operator']) retrieved from /home/rhavel/Documentos/DEPLOY-PROJECTS/first-airflow/venv/lib/python3.9/site-packages/airflow/example_dags/example_bash_operator.py
[2022-01-04 23:36:20,721] {logging_mixin.py:109} INFO - [2022-01-04 23:36:20,721] {dag.py:2396} INFO - Sync 1 DAGs
[2022-01-04 23:36:20,741] {logging_mixin.py:109} INFO - [2022-01-04 23:36:20,741] {dag.py:2935} INFO - Setting next_dagrun for example_bash_operator to 2022-01-04 00:00:00+00:00
[2022-01-04 23:36:20,864] {processor.py:171} INFO - Processing /home/rhavel/Documentos/DEPLOY-PROJECTS/first-airflow/venv/lib/python3.9/site-packages/airflow/example_dags/example_bash_operator.py took 0.203 seconds
[2022-01-04 23:37:05,593] {processor.py:163} INFO - Started process (PID=11437) to work on /home/rhavel/Documentos/DEPLOY-PROJECTS/first-airflow/venv/lib/python3.9/site-packages/airflow/example_dags/example_bash_operator.py
[2022-01-04 23:37:05,595] {processor.py:642} INFO - Processing file /home/rhavel/Documentos/DEPLOY-PROJECTS/first-airflow/venv/lib/python3.9/site-packages/airflow/example_dags/example_bash_operator.py for tasks to queue
[2022-01-04 23:37:05,596] {logging_mixin.py:109} INFO - [2022-01-04 23:37:05,596] {dagbag.py:500} INFO - Filling up the DagBag from /home/rhavel/Documentos/DEPLOY-PROJECTS/first-airflow/venv/lib/python3.9/site-packages/airflow/example_dags/example_bash_operator.py
[2022-01-04 23:37:05,624] {processor.py:654} INFO - DAG(s) dict_keys(['example_bash_operator']) retrieved from /home/rhavel/Documentos/DEPLOY-PROJECTS/first-airflow/venv/lib/python3.9/site-packages/airflow/example_dags/example_bash_operator.py
[2022-01-04 23:37:05,635] {logging_mixin.py:109} INFO - [2022-01-04 23:37:05,635] {dag.py:2396} INFO - Sync 1 DAGs
[2022-01-04 23:37:05,655] {logging_mixin.py:109} INFO - [2022-01-04 23:37:05,654] {dag.py:2935} INFO - Setting next_dagrun for example_bash_operator to 2022-01-04 00:00:00+00:00
[2022-01-04 23:37:05,769] {processor.py:171} INFO - Processing /home/rhavel/Documentos/DEPLOY-PROJECTS/first-airflow/venv/lib/python3.9/site-packages/airflow/example_dags/example_bash_operator.py took 0.182 seconds
