[2022-01-04 23:33:25,005] {processor.py:163} INFO - Started process (PID=11140) to work on /home/rhavel/Documentos/DEPLOY-PROJECTS/first-airflow/venv/lib/python3.9/site-packages/airflow/example_dags/example_trigger_controller_dag.py
[2022-01-04 23:33:25,007] {processor.py:642} INFO - Processing file /home/rhavel/Documentos/DEPLOY-PROJECTS/first-airflow/venv/lib/python3.9/site-packages/airflow/example_dags/example_trigger_controller_dag.py for tasks to queue
[2022-01-04 23:33:25,007] {logging_mixin.py:109} INFO - [2022-01-04 23:33:25,007] {dagbag.py:500} INFO - Filling up the DagBag from /home/rhavel/Documentos/DEPLOY-PROJECTS/first-airflow/venv/lib/python3.9/site-packages/airflow/example_dags/example_trigger_controller_dag.py
[2022-01-04 23:33:25,111] {processor.py:654} INFO - DAG(s) dict_keys(['example_trigger_controller_dag']) retrieved from /home/rhavel/Documentos/DEPLOY-PROJECTS/first-airflow/venv/lib/python3.9/site-packages/airflow/example_dags/example_trigger_controller_dag.py
[2022-01-04 23:33:25,122] {logging_mixin.py:109} INFO - [2022-01-04 23:33:25,122] {dag.py:2396} INFO - Sync 1 DAGs
[2022-01-04 23:33:25,145] {logging_mixin.py:109} INFO - [2022-01-04 23:33:25,145] {dag.py:2935} INFO - Setting next_dagrun for example_trigger_controller_dag to 2021-01-01T00:00:00+00:00
[2022-01-04 23:33:25,349] {processor.py:171} INFO - Processing /home/rhavel/Documentos/DEPLOY-PROJECTS/first-airflow/venv/lib/python3.9/site-packages/airflow/example_dags/example_trigger_controller_dag.py took 0.348 seconds
[2022-01-04 23:34:14,488] {processor.py:163} INFO - Started process (PID=11195) to work on /home/rhavel/Documentos/DEPLOY-PROJECTS/first-airflow/venv/lib/python3.9/site-packages/airflow/example_dags/example_trigger_controller_dag.py
[2022-01-04 23:34:14,498] {processor.py:642} INFO - Processing file /home/rhavel/Documentos/DEPLOY-PROJECTS/first-airflow/venv/lib/python3.9/site-packages/airflow/example_dags/example_trigger_controller_dag.py for tasks to queue
[2022-01-04 23:34:14,499] {logging_mixin.py:109} INFO - [2022-01-04 23:34:14,499] {dagbag.py:500} INFO - Filling up the DagBag from /home/rhavel/Documentos/DEPLOY-PROJECTS/first-airflow/venv/lib/python3.9/site-packages/airflow/example_dags/example_trigger_controller_dag.py
[2022-01-04 23:34:14,594] {processor.py:654} INFO - DAG(s) dict_keys(['example_trigger_controller_dag']) retrieved from /home/rhavel/Documentos/DEPLOY-PROJECTS/first-airflow/venv/lib/python3.9/site-packages/airflow/example_dags/example_trigger_controller_dag.py
[2022-01-04 23:34:14,606] {logging_mixin.py:109} INFO - [2022-01-04 23:34:14,606] {dag.py:2396} INFO - Sync 1 DAGs
[2022-01-04 23:34:14,623] {logging_mixin.py:109} INFO - [2022-01-04 23:34:14,623] {dag.py:2935} INFO - Setting next_dagrun for example_trigger_controller_dag to 2021-01-01T00:00:00+00:00
[2022-01-04 23:34:14,783] {processor.py:171} INFO - Processing /home/rhavel/Documentos/DEPLOY-PROJECTS/first-airflow/venv/lib/python3.9/site-packages/airflow/example_dags/example_trigger_controller_dag.py took 0.298 seconds
[2022-01-04 23:34:58,471] {processor.py:163} INFO - Started process (PID=11318) to work on /home/rhavel/Documentos/DEPLOY-PROJECTS/first-airflow/venv/lib/python3.9/site-packages/airflow/example_dags/example_trigger_controller_dag.py
[2022-01-04 23:34:58,473] {processor.py:642} INFO - Processing file /home/rhavel/Documentos/DEPLOY-PROJECTS/first-airflow/venv/lib/python3.9/site-packages/airflow/example_dags/example_trigger_controller_dag.py for tasks to queue
[2022-01-04 23:34:58,473] {logging_mixin.py:109} INFO - [2022-01-04 23:34:58,473] {dagbag.py:500} INFO - Filling up the DagBag from /home/rhavel/Documentos/DEPLOY-PROJECTS/first-airflow/venv/lib/python3.9/site-packages/airflow/example_dags/example_trigger_controller_dag.py
[2022-01-04 23:34:58,518] {processor.py:654} INFO - DAG(s) dict_keys(['example_trigger_controller_dag']) retrieved from /home/rhavel/Documentos/DEPLOY-PROJECTS/first-airflow/venv/lib/python3.9/site-packages/airflow/example_dags/example_trigger_controller_dag.py
[2022-01-04 23:34:58,529] {logging_mixin.py:109} INFO - [2022-01-04 23:34:58,529] {dag.py:2396} INFO - Sync 1 DAGs
[2022-01-04 23:34:58,546] {logging_mixin.py:109} INFO - [2022-01-04 23:34:58,546] {dag.py:2935} INFO - Setting next_dagrun for example_trigger_controller_dag to 2021-01-01T00:00:00+00:00
[2022-01-04 23:34:58,643] {processor.py:171} INFO - Processing /home/rhavel/Documentos/DEPLOY-PROJECTS/first-airflow/venv/lib/python3.9/site-packages/airflow/example_dags/example_trigger_controller_dag.py took 0.176 seconds
[2022-01-04 23:35:46,356] {processor.py:163} INFO - Started process (PID=11362) to work on /home/rhavel/Documentos/DEPLOY-PROJECTS/first-airflow/venv/lib/python3.9/site-packages/airflow/example_dags/example_trigger_controller_dag.py
[2022-01-04 23:35:46,358] {processor.py:642} INFO - Processing file /home/rhavel/Documentos/DEPLOY-PROJECTS/first-airflow/venv/lib/python3.9/site-packages/airflow/example_dags/example_trigger_controller_dag.py for tasks to queue
[2022-01-04 23:35:46,359] {logging_mixin.py:109} INFO - [2022-01-04 23:35:46,359] {dagbag.py:500} INFO - Filling up the DagBag from /home/rhavel/Documentos/DEPLOY-PROJECTS/first-airflow/venv/lib/python3.9/site-packages/airflow/example_dags/example_trigger_controller_dag.py
[2022-01-04 23:35:46,412] {processor.py:654} INFO - DAG(s) dict_keys(['example_trigger_controller_dag']) retrieved from /home/rhavel/Documentos/DEPLOY-PROJECTS/first-airflow/venv/lib/python3.9/site-packages/airflow/example_dags/example_trigger_controller_dag.py
[2022-01-04 23:35:46,424] {logging_mixin.py:109} INFO - [2022-01-04 23:35:46,423] {dag.py:2396} INFO - Sync 1 DAGs
[2022-01-04 23:35:46,451] {logging_mixin.py:109} INFO - [2022-01-04 23:35:46,451] {dag.py:2935} INFO - Setting next_dagrun for example_trigger_controller_dag to 2021-01-01T00:00:00+00:00
[2022-01-04 23:35:46,550] {processor.py:171} INFO - Processing /home/rhavel/Documentos/DEPLOY-PROJECTS/first-airflow/venv/lib/python3.9/site-packages/airflow/example_dags/example_trigger_controller_dag.py took 0.198 seconds
[2022-01-04 23:36:29,485] {processor.py:163} INFO - Started process (PID=11405) to work on /home/rhavel/Documentos/DEPLOY-PROJECTS/first-airflow/venv/lib/python3.9/site-packages/airflow/example_dags/example_trigger_controller_dag.py
[2022-01-04 23:36:29,513] {processor.py:642} INFO - Processing file /home/rhavel/Documentos/DEPLOY-PROJECTS/first-airflow/venv/lib/python3.9/site-packages/airflow/example_dags/example_trigger_controller_dag.py for tasks to queue
[2022-01-04 23:36:29,514] {logging_mixin.py:109} INFO - [2022-01-04 23:36:29,514] {dagbag.py:500} INFO - Filling up the DagBag from /home/rhavel/Documentos/DEPLOY-PROJECTS/first-airflow/venv/lib/python3.9/site-packages/airflow/example_dags/example_trigger_controller_dag.py
[2022-01-04 23:36:29,542] {processor.py:654} INFO - DAG(s) dict_keys(['example_trigger_controller_dag']) retrieved from /home/rhavel/Documentos/DEPLOY-PROJECTS/first-airflow/venv/lib/python3.9/site-packages/airflow/example_dags/example_trigger_controller_dag.py
[2022-01-04 23:36:29,557] {logging_mixin.py:109} INFO - [2022-01-04 23:36:29,557] {dag.py:2396} INFO - Sync 1 DAGs
[2022-01-04 23:36:29,579] {logging_mixin.py:109} INFO - [2022-01-04 23:36:29,579] {dag.py:2935} INFO - Setting next_dagrun for example_trigger_controller_dag to 2021-01-01T00:00:00+00:00
[2022-01-04 23:36:29,664] {processor.py:171} INFO - Processing /home/rhavel/Documentos/DEPLOY-PROJECTS/first-airflow/venv/lib/python3.9/site-packages/airflow/example_dags/example_trigger_controller_dag.py took 0.184 seconds
[2022-01-04 23:37:11,066] {processor.py:163} INFO - Started process (PID=11441) to work on /home/rhavel/Documentos/DEPLOY-PROJECTS/first-airflow/venv/lib/python3.9/site-packages/airflow/example_dags/example_trigger_controller_dag.py
[2022-01-04 23:37:11,068] {processor.py:642} INFO - Processing file /home/rhavel/Documentos/DEPLOY-PROJECTS/first-airflow/venv/lib/python3.9/site-packages/airflow/example_dags/example_trigger_controller_dag.py for tasks to queue
[2022-01-04 23:37:11,068] {logging_mixin.py:109} INFO - [2022-01-04 23:37:11,068] {dagbag.py:500} INFO - Filling up the DagBag from /home/rhavel/Documentos/DEPLOY-PROJECTS/first-airflow/venv/lib/python3.9/site-packages/airflow/example_dags/example_trigger_controller_dag.py
[2022-01-04 23:37:11,090] {processor.py:654} INFO - DAG(s) dict_keys(['example_trigger_controller_dag']) retrieved from /home/rhavel/Documentos/DEPLOY-PROJECTS/first-airflow/venv/lib/python3.9/site-packages/airflow/example_dags/example_trigger_controller_dag.py
[2022-01-04 23:37:11,102] {logging_mixin.py:109} INFO - [2022-01-04 23:37:11,102] {dag.py:2396} INFO - Sync 1 DAGs
[2022-01-04 23:37:11,118] {logging_mixin.py:109} INFO - [2022-01-04 23:37:11,118] {dag.py:2935} INFO - Setting next_dagrun for example_trigger_controller_dag to 2021-01-01T00:00:00+00:00
[2022-01-04 23:37:11,198] {processor.py:171} INFO - Processing /home/rhavel/Documentos/DEPLOY-PROJECTS/first-airflow/venv/lib/python3.9/site-packages/airflow/example_dags/example_trigger_controller_dag.py took 0.135 seconds
