[2022-01-04 23:33:55,170] {processor.py:163} INFO - Started process (PID=11168) to work on /home/rhavel/Documentos/DEPLOY-PROJECTS/first-airflow/venv/lib/python3.9/site-packages/airflow/example_dags/example_kubernetes_executor.py
[2022-01-04 23:33:55,171] {processor.py:642} INFO - Processing file /home/rhavel/Documentos/DEPLOY-PROJECTS/first-airflow/venv/lib/python3.9/site-packages/airflow/example_dags/example_kubernetes_executor.py for tasks to queue
[2022-01-04 23:33:55,171] {logging_mixin.py:109} INFO - [2022-01-04 23:33:55,171] {dagbag.py:500} INFO - Filling up the DagBag from /home/rhavel/Documentos/DEPLOY-PROJECTS/first-airflow/venv/lib/python3.9/site-packages/airflow/example_dags/example_kubernetes_executor.py
[2022-01-04 23:33:55,284] {logging_mixin.py:109} INFO - [2022-01-04 23:33:55,284] {example_kubernetes_executor.py:38} WARNING - The example_kubernetes_executor example DAG requires the kubernetes provider. Please install it with: pip install apache-airflow[cncf.kubernetes]
[2022-01-04 23:33:55,294] {processor.py:656} WARNING - No viable dags retrieved from /home/rhavel/Documentos/DEPLOY-PROJECTS/first-airflow/venv/lib/python3.9/site-packages/airflow/example_dags/example_kubernetes_executor.py
[2022-01-04 23:33:55,296] {processor.py:171} INFO - Processing /home/rhavel/Documentos/DEPLOY-PROJECTS/first-airflow/venv/lib/python3.9/site-packages/airflow/example_dags/example_kubernetes_executor.py took 0.133 seconds
[2022-01-04 23:34:41,260] {processor.py:163} INFO - Started process (PID=11284) to work on /home/rhavel/Documentos/DEPLOY-PROJECTS/first-airflow/venv/lib/python3.9/site-packages/airflow/example_dags/example_kubernetes_executor.py
[2022-01-04 23:34:41,279] {processor.py:642} INFO - Processing file /home/rhavel/Documentos/DEPLOY-PROJECTS/first-airflow/venv/lib/python3.9/site-packages/airflow/example_dags/example_kubernetes_executor.py for tasks to queue
[2022-01-04 23:34:41,280] {logging_mixin.py:109} INFO - [2022-01-04 23:34:41,280] {dagbag.py:500} INFO - Filling up the DagBag from /home/rhavel/Documentos/DEPLOY-PROJECTS/first-airflow/venv/lib/python3.9/site-packages/airflow/example_dags/example_kubernetes_executor.py
[2022-01-04 23:34:41,316] {logging_mixin.py:109} INFO - [2022-01-04 23:34:41,316] {example_kubernetes_executor.py:38} WARNING - The example_kubernetes_executor example DAG requires the kubernetes provider. Please install it with: pip install apache-airflow[cncf.kubernetes]
[2022-01-04 23:34:41,324] {processor.py:656} WARNING - No viable dags retrieved from /home/rhavel/Documentos/DEPLOY-PROJECTS/first-airflow/venv/lib/python3.9/site-packages/airflow/example_dags/example_kubernetes_executor.py
[2022-01-04 23:34:41,327] {processor.py:171} INFO - Processing /home/rhavel/Documentos/DEPLOY-PROJECTS/first-airflow/venv/lib/python3.9/site-packages/airflow/example_dags/example_kubernetes_executor.py took 0.072 seconds
[2022-01-04 23:35:29,834] {processor.py:163} INFO - Started process (PID=11348) to work on /home/rhavel/Documentos/DEPLOY-PROJECTS/first-airflow/venv/lib/python3.9/site-packages/airflow/example_dags/example_kubernetes_executor.py
[2022-01-04 23:35:29,852] {processor.py:642} INFO - Processing file /home/rhavel/Documentos/DEPLOY-PROJECTS/first-airflow/venv/lib/python3.9/site-packages/airflow/example_dags/example_kubernetes_executor.py for tasks to queue
[2022-01-04 23:35:29,853] {logging_mixin.py:109} INFO - [2022-01-04 23:35:29,853] {dagbag.py:500} INFO - Filling up the DagBag from /home/rhavel/Documentos/DEPLOY-PROJECTS/first-airflow/venv/lib/python3.9/site-packages/airflow/example_dags/example_kubernetes_executor.py
[2022-01-04 23:35:29,967] {logging_mixin.py:109} INFO - [2022-01-04 23:35:29,967] {example_kubernetes_executor.py:38} WARNING - The example_kubernetes_executor example DAG requires the kubernetes provider. Please install it with: pip install apache-airflow[cncf.kubernetes]
[2022-01-04 23:35:29,996] {processor.py:656} WARNING - No viable dags retrieved from /home/rhavel/Documentos/DEPLOY-PROJECTS/first-airflow/venv/lib/python3.9/site-packages/airflow/example_dags/example_kubernetes_executor.py
[2022-01-04 23:35:30,016] {processor.py:171} INFO - Processing /home/rhavel/Documentos/DEPLOY-PROJECTS/first-airflow/venv/lib/python3.9/site-packages/airflow/example_dags/example_kubernetes_executor.py took 0.187 seconds
[2022-01-04 23:36:18,900] {processor.py:163} INFO - Started process (PID=11393) to work on /home/rhavel/Documentos/DEPLOY-PROJECTS/first-airflow/venv/lib/python3.9/site-packages/airflow/example_dags/example_kubernetes_executor.py
[2022-01-04 23:36:18,912] {processor.py:642} INFO - Processing file /home/rhavel/Documentos/DEPLOY-PROJECTS/first-airflow/venv/lib/python3.9/site-packages/airflow/example_dags/example_kubernetes_executor.py for tasks to queue
[2022-01-04 23:36:18,913] {logging_mixin.py:109} INFO - [2022-01-04 23:36:18,912] {dagbag.py:500} INFO - Filling up the DagBag from /home/rhavel/Documentos/DEPLOY-PROJECTS/first-airflow/venv/lib/python3.9/site-packages/airflow/example_dags/example_kubernetes_executor.py
[2022-01-04 23:36:18,924] {logging_mixin.py:109} INFO - [2022-01-04 23:36:18,924] {example_kubernetes_executor.py:38} WARNING - The example_kubernetes_executor example DAG requires the kubernetes provider. Please install it with: pip install apache-airflow[cncf.kubernetes]
[2022-01-04 23:36:18,941] {processor.py:656} WARNING - No viable dags retrieved from /home/rhavel/Documentos/DEPLOY-PROJECTS/first-airflow/venv/lib/python3.9/site-packages/airflow/example_dags/example_kubernetes_executor.py
[2022-01-04 23:36:18,945] {processor.py:171} INFO - Processing /home/rhavel/Documentos/DEPLOY-PROJECTS/first-airflow/venv/lib/python3.9/site-packages/airflow/example_dags/example_kubernetes_executor.py took 0.051 seconds
[2022-01-04 23:37:02,865] {processor.py:163} INFO - Started process (PID=11435) to work on /home/rhavel/Documentos/DEPLOY-PROJECTS/first-airflow/venv/lib/python3.9/site-packages/airflow/example_dags/example_kubernetes_executor.py
[2022-01-04 23:37:02,882] {processor.py:642} INFO - Processing file /home/rhavel/Documentos/DEPLOY-PROJECTS/first-airflow/venv/lib/python3.9/site-packages/airflow/example_dags/example_kubernetes_executor.py for tasks to queue
[2022-01-04 23:37:02,883] {logging_mixin.py:109} INFO - [2022-01-04 23:37:02,883] {dagbag.py:500} INFO - Filling up the DagBag from /home/rhavel/Documentos/DEPLOY-PROJECTS/first-airflow/venv/lib/python3.9/site-packages/airflow/example_dags/example_kubernetes_executor.py
[2022-01-04 23:37:02,900] {logging_mixin.py:109} INFO - [2022-01-04 23:37:02,900] {example_kubernetes_executor.py:38} WARNING - The example_kubernetes_executor example DAG requires the kubernetes provider. Please install it with: pip install apache-airflow[cncf.kubernetes]
[2022-01-04 23:37:02,912] {processor.py:656} WARNING - No viable dags retrieved from /home/rhavel/Documentos/DEPLOY-PROJECTS/first-airflow/venv/lib/python3.9/site-packages/airflow/example_dags/example_kubernetes_executor.py
[2022-01-04 23:37:02,919] {processor.py:171} INFO - Processing /home/rhavel/Documentos/DEPLOY-PROJECTS/first-airflow/venv/lib/python3.9/site-packages/airflow/example_dags/example_kubernetes_executor.py took 0.059 seconds
