[2022-01-04 23:33:27,836] {processor.py:163} INFO - Started process (PID=11142) to work on /home/rhavel/Documentos/DEPLOY-PROJECTS/first-airflow/venv/lib/python3.9/site-packages/airflow/example_dags/example_xcomargs.py
[2022-01-04 23:33:27,837] {processor.py:642} INFO - Processing file /home/rhavel/Documentos/DEPLOY-PROJECTS/first-airflow/venv/lib/python3.9/site-packages/airflow/example_dags/example_xcomargs.py for tasks to queue
[2022-01-04 23:33:27,838] {logging_mixin.py:109} INFO - [2022-01-04 23:33:27,838] {dagbag.py:500} INFO - Filling up the DagBag from /home/rhavel/Documentos/DEPLOY-PROJECTS/first-airflow/venv/lib/python3.9/site-packages/airflow/example_dags/example_xcomargs.py
[2022-01-04 23:33:27,892] {processor.py:654} INFO - DAG(s) dict_keys(['example_xcom_args', 'example_xcom_args_with_operators']) retrieved from /home/rhavel/Documentos/DEPLOY-PROJECTS/first-airflow/venv/lib/python3.9/site-packages/airflow/example_dags/example_xcomargs.py
[2022-01-04 23:33:27,913] {logging_mixin.py:109} INFO - [2022-01-04 23:33:27,912] {dag.py:2396} INFO - Sync 2 DAGs
[2022-01-04 23:33:27,936] {logging_mixin.py:109} INFO - [2022-01-04 23:33:27,936] {dag.py:2935} INFO - Setting next_dagrun for example_xcom_args to None
[2022-01-04 23:33:27,937] {logging_mixin.py:109} INFO - [2022-01-04 23:33:27,937] {dag.py:2935} INFO - Setting next_dagrun for example_xcom_args_with_operators to None
[2022-01-04 23:33:28,059] {processor.py:171} INFO - Processing /home/rhavel/Documentos/DEPLOY-PROJECTS/first-airflow/venv/lib/python3.9/site-packages/airflow/example_dags/example_xcomargs.py took 0.228 seconds
[2022-01-04 23:34:17,320] {processor.py:163} INFO - Started process (PID=11198) to work on /home/rhavel/Documentos/DEPLOY-PROJECTS/first-airflow/venv/lib/python3.9/site-packages/airflow/example_dags/example_xcomargs.py
[2022-01-04 23:34:17,344] {processor.py:642} INFO - Processing file /home/rhavel/Documentos/DEPLOY-PROJECTS/first-airflow/venv/lib/python3.9/site-packages/airflow/example_dags/example_xcomargs.py for tasks to queue
[2022-01-04 23:34:17,351] {logging_mixin.py:109} INFO - [2022-01-04 23:34:17,351] {dagbag.py:500} INFO - Filling up the DagBag from /home/rhavel/Documentos/DEPLOY-PROJECTS/first-airflow/venv/lib/python3.9/site-packages/airflow/example_dags/example_xcomargs.py
[2022-01-04 23:34:17,450] {processor.py:654} INFO - DAG(s) dict_keys(['example_xcom_args', 'example_xcom_args_with_operators']) retrieved from /home/rhavel/Documentos/DEPLOY-PROJECTS/first-airflow/venv/lib/python3.9/site-packages/airflow/example_dags/example_xcomargs.py
[2022-01-04 23:34:17,766] {logging_mixin.py:109} INFO - [2022-01-04 23:34:17,766] {dag.py:2396} INFO - Sync 2 DAGs
[2022-01-04 23:34:17,783] {logging_mixin.py:109} INFO - [2022-01-04 23:34:17,783] {dag.py:2935} INFO - Setting next_dagrun for example_xcom_args to None
[2022-01-04 23:34:17,784] {logging_mixin.py:109} INFO - [2022-01-04 23:34:17,783] {dag.py:2935} INFO - Setting next_dagrun for example_xcom_args_with_operators to None
[2022-01-04 23:34:17,900] {processor.py:171} INFO - Processing /home/rhavel/Documentos/DEPLOY-PROJECTS/first-airflow/venv/lib/python3.9/site-packages/airflow/example_dags/example_xcomargs.py took 0.584 seconds
[2022-01-04 23:35:01,711] {processor.py:163} INFO - Started process (PID=11324) to work on /home/rhavel/Documentos/DEPLOY-PROJECTS/first-airflow/venv/lib/python3.9/site-packages/airflow/example_dags/example_xcomargs.py
[2022-01-04 23:35:01,791] {processor.py:642} INFO - Processing file /home/rhavel/Documentos/DEPLOY-PROJECTS/first-airflow/venv/lib/python3.9/site-packages/airflow/example_dags/example_xcomargs.py for tasks to queue
[2022-01-04 23:35:01,792] {logging_mixin.py:109} INFO - [2022-01-04 23:35:01,792] {dagbag.py:500} INFO - Filling up the DagBag from /home/rhavel/Documentos/DEPLOY-PROJECTS/first-airflow/venv/lib/python3.9/site-packages/airflow/example_dags/example_xcomargs.py
[2022-01-04 23:35:01,846] {processor.py:654} INFO - DAG(s) dict_keys(['example_xcom_args', 'example_xcom_args_with_operators']) retrieved from /home/rhavel/Documentos/DEPLOY-PROJECTS/first-airflow/venv/lib/python3.9/site-packages/airflow/example_dags/example_xcomargs.py
[2022-01-04 23:35:02,177] {logging_mixin.py:109} INFO - [2022-01-04 23:35:02,177] {dag.py:2396} INFO - Sync 2 DAGs
[2022-01-04 23:35:02,194] {logging_mixin.py:109} INFO - [2022-01-04 23:35:02,194] {dag.py:2935} INFO - Setting next_dagrun for example_xcom_args to None
[2022-01-04 23:35:02,194] {logging_mixin.py:109} INFO - [2022-01-04 23:35:02,194] {dag.py:2935} INFO - Setting next_dagrun for example_xcom_args_with_operators to None
[2022-01-04 23:35:02,316] {processor.py:171} INFO - Processing /home/rhavel/Documentos/DEPLOY-PROJECTS/first-airflow/venv/lib/python3.9/site-packages/airflow/example_dags/example_xcomargs.py took 0.610 seconds
[2022-01-04 23:35:49,427] {processor.py:163} INFO - Started process (PID=11364) to work on /home/rhavel/Documentos/DEPLOY-PROJECTS/first-airflow/venv/lib/python3.9/site-packages/airflow/example_dags/example_xcomargs.py
[2022-01-04 23:35:49,454] {processor.py:642} INFO - Processing file /home/rhavel/Documentos/DEPLOY-PROJECTS/first-airflow/venv/lib/python3.9/site-packages/airflow/example_dags/example_xcomargs.py for tasks to queue
[2022-01-04 23:35:49,457] {logging_mixin.py:109} INFO - [2022-01-04 23:35:49,456] {dagbag.py:500} INFO - Filling up the DagBag from /home/rhavel/Documentos/DEPLOY-PROJECTS/first-airflow/venv/lib/python3.9/site-packages/airflow/example_dags/example_xcomargs.py
[2022-01-04 23:35:49,491] {processor.py:654} INFO - DAG(s) dict_keys(['example_xcom_args', 'example_xcom_args_with_operators']) retrieved from /home/rhavel/Documentos/DEPLOY-PROJECTS/first-airflow/venv/lib/python3.9/site-packages/airflow/example_dags/example_xcomargs.py
[2022-01-04 23:35:49,808] {logging_mixin.py:109} INFO - [2022-01-04 23:35:49,807] {dag.py:2396} INFO - Sync 2 DAGs
[2022-01-04 23:35:49,824] {logging_mixin.py:109} INFO - [2022-01-04 23:35:49,824] {dag.py:2935} INFO - Setting next_dagrun for example_xcom_args to None
[2022-01-04 23:35:49,824] {logging_mixin.py:109} INFO - [2022-01-04 23:35:49,824] {dag.py:2935} INFO - Setting next_dagrun for example_xcom_args_with_operators to None
[2022-01-04 23:35:49,914] {processor.py:171} INFO - Processing /home/rhavel/Documentos/DEPLOY-PROJECTS/first-airflow/venv/lib/python3.9/site-packages/airflow/example_dags/example_xcomargs.py took 0.492 seconds
[2022-01-04 23:36:32,926] {processor.py:163} INFO - Started process (PID=11409) to work on /home/rhavel/Documentos/DEPLOY-PROJECTS/first-airflow/venv/lib/python3.9/site-packages/airflow/example_dags/example_xcomargs.py
[2022-01-04 23:36:32,956] {processor.py:642} INFO - Processing file /home/rhavel/Documentos/DEPLOY-PROJECTS/first-airflow/venv/lib/python3.9/site-packages/airflow/example_dags/example_xcomargs.py for tasks to queue
[2022-01-04 23:36:32,957] {logging_mixin.py:109} INFO - [2022-01-04 23:36:32,957] {dagbag.py:500} INFO - Filling up the DagBag from /home/rhavel/Documentos/DEPLOY-PROJECTS/first-airflow/venv/lib/python3.9/site-packages/airflow/example_dags/example_xcomargs.py
[2022-01-04 23:36:32,992] {processor.py:654} INFO - DAG(s) dict_keys(['example_xcom_args', 'example_xcom_args_with_operators']) retrieved from /home/rhavel/Documentos/DEPLOY-PROJECTS/first-airflow/venv/lib/python3.9/site-packages/airflow/example_dags/example_xcomargs.py
[2022-01-04 23:36:33,389] {logging_mixin.py:109} INFO - [2022-01-04 23:36:33,389] {dag.py:2396} INFO - Sync 2 DAGs
[2022-01-04 23:36:33,407] {logging_mixin.py:109} INFO - [2022-01-04 23:36:33,407] {dag.py:2935} INFO - Setting next_dagrun for example_xcom_args to None
[2022-01-04 23:36:33,408] {logging_mixin.py:109} INFO - [2022-01-04 23:36:33,408] {dag.py:2935} INFO - Setting next_dagrun for example_xcom_args_with_operators to None
[2022-01-04 23:36:33,496] {processor.py:171} INFO - Processing /home/rhavel/Documentos/DEPLOY-PROJECTS/first-airflow/venv/lib/python3.9/site-packages/airflow/example_dags/example_xcomargs.py took 0.577 seconds
[2022-01-04 23:37:13,898] {processor.py:163} INFO - Started process (PID=11443) to work on /home/rhavel/Documentos/DEPLOY-PROJECTS/first-airflow/venv/lib/python3.9/site-packages/airflow/example_dags/example_xcomargs.py
[2022-01-04 23:37:13,900] {processor.py:642} INFO - Processing file /home/rhavel/Documentos/DEPLOY-PROJECTS/first-airflow/venv/lib/python3.9/site-packages/airflow/example_dags/example_xcomargs.py for tasks to queue
[2022-01-04 23:37:13,901] {logging_mixin.py:109} INFO - [2022-01-04 23:37:13,901] {dagbag.py:500} INFO - Filling up the DagBag from /home/rhavel/Documentos/DEPLOY-PROJECTS/first-airflow/venv/lib/python3.9/site-packages/airflow/example_dags/example_xcomargs.py
[2022-01-04 23:37:13,946] {processor.py:654} INFO - DAG(s) dict_keys(['example_xcom_args', 'example_xcom_args_with_operators']) retrieved from /home/rhavel/Documentos/DEPLOY-PROJECTS/first-airflow/venv/lib/python3.9/site-packages/airflow/example_dags/example_xcomargs.py
[2022-01-04 23:37:14,305] {logging_mixin.py:109} INFO - [2022-01-04 23:37:14,305] {dag.py:2396} INFO - Sync 2 DAGs
[2022-01-04 23:37:14,326] {logging_mixin.py:109} INFO - [2022-01-04 23:37:14,326] {dag.py:2935} INFO - Setting next_dagrun for example_xcom_args to None
[2022-01-04 23:37:14,327] {logging_mixin.py:109} INFO - [2022-01-04 23:37:14,327] {dag.py:2935} INFO - Setting next_dagrun for example_xcom_args_with_operators to None
[2022-01-04 23:37:14,421] {processor.py:171} INFO - Processing /home/rhavel/Documentos/DEPLOY-PROJECTS/first-airflow/venv/lib/python3.9/site-packages/airflow/example_dags/example_xcomargs.py took 0.527 seconds
