[2022-01-04 23:33:30,476] {processor.py:163} INFO - Started process (PID=11148) to work on /home/rhavel/Documentos/DEPLOY-PROJECTS/first-airflow/venv/lib/python3.9/site-packages/airflow/example_dags/example_subdag_operator.py
[2022-01-04 23:33:30,478] {processor.py:642} INFO - Processing file /home/rhavel/Documentos/DEPLOY-PROJECTS/first-airflow/venv/lib/python3.9/site-packages/airflow/example_dags/example_subdag_operator.py for tasks to queue
[2022-01-04 23:33:30,479] {logging_mixin.py:109} INFO - [2022-01-04 23:33:30,478] {dagbag.py:500} INFO - Filling up the DagBag from /home/rhavel/Documentos/DEPLOY-PROJECTS/first-airflow/venv/lib/python3.9/site-packages/airflow/example_dags/example_subdag_operator.py
[2022-01-04 23:33:30,617] {processor.py:654} INFO - DAG(s) dict_keys(['example_subdag_operator.section-1', 'example_subdag_operator.section-2', 'example_subdag_operator']) retrieved from /home/rhavel/Documentos/DEPLOY-PROJECTS/first-airflow/venv/lib/python3.9/site-packages/airflow/example_dags/example_subdag_operator.py
[2022-01-04 23:33:30,631] {logging_mixin.py:109} INFO - [2022-01-04 23:33:30,630] {dag.py:2396} INFO - Sync 3 DAGs
[2022-01-04 23:33:30,648] {logging_mixin.py:109} INFO - [2022-01-04 23:33:30,648] {dag.py:2935} INFO - Setting next_dagrun for example_subdag_operator to 2022-01-03T00:00:00+00:00
[2022-01-04 23:33:30,648] {logging_mixin.py:109} INFO - [2022-01-04 23:33:30,648] {dag.py:2935} INFO - Setting next_dagrun for example_subdag_operator.section-1 to None
[2022-01-04 23:33:30,648] {logging_mixin.py:109} INFO - [2022-01-04 23:33:30,648] {dag.py:2935} INFO - Setting next_dagrun for example_subdag_operator.section-2 to None
[2022-01-04 23:33:30,656] {logging_mixin.py:109} INFO - [2022-01-04 23:33:30,656] {dag.py:2396} INFO - Sync 2 DAGs
[2022-01-04 23:33:30,664] {logging_mixin.py:109} INFO - [2022-01-04 23:33:30,664] {dag.py:2935} INFO - Setting next_dagrun for example_subdag_operator.section-1 to None
[2022-01-04 23:33:30,665] {logging_mixin.py:109} INFO - [2022-01-04 23:33:30,665] {dag.py:2935} INFO - Setting next_dagrun for example_subdag_operator.section-2 to None
[2022-01-04 23:33:30,814] {processor.py:171} INFO - Processing /home/rhavel/Documentos/DEPLOY-PROJECTS/first-airflow/venv/lib/python3.9/site-packages/airflow/example_dags/example_subdag_operator.py took 0.343 seconds
[2022-01-04 23:34:20,238] {processor.py:163} INFO - Started process (PID=11200) to work on /home/rhavel/Documentos/DEPLOY-PROJECTS/first-airflow/venv/lib/python3.9/site-packages/airflow/example_dags/example_subdag_operator.py
[2022-01-04 23:34:20,255] {processor.py:642} INFO - Processing file /home/rhavel/Documentos/DEPLOY-PROJECTS/first-airflow/venv/lib/python3.9/site-packages/airflow/example_dags/example_subdag_operator.py for tasks to queue
[2022-01-04 23:34:20,256] {logging_mixin.py:109} INFO - [2022-01-04 23:34:20,256] {dagbag.py:500} INFO - Filling up the DagBag from /home/rhavel/Documentos/DEPLOY-PROJECTS/first-airflow/venv/lib/python3.9/site-packages/airflow/example_dags/example_subdag_operator.py
[2022-01-04 23:34:20,312] {processor.py:654} INFO - DAG(s) dict_keys(['example_subdag_operator.section-1', 'example_subdag_operator.section-2', 'example_subdag_operator']) retrieved from /home/rhavel/Documentos/DEPLOY-PROJECTS/first-airflow/venv/lib/python3.9/site-packages/airflow/example_dags/example_subdag_operator.py
[2022-01-04 23:34:20,325] {logging_mixin.py:109} INFO - [2022-01-04 23:34:20,325] {dag.py:2396} INFO - Sync 3 DAGs
[2022-01-04 23:34:20,342] {logging_mixin.py:109} INFO - [2022-01-04 23:34:20,342] {dag.py:2935} INFO - Setting next_dagrun for example_subdag_operator to 2022-01-03T00:00:00+00:00
[2022-01-04 23:34:20,343] {logging_mixin.py:109} INFO - [2022-01-04 23:34:20,343] {dag.py:2935} INFO - Setting next_dagrun for example_subdag_operator.section-1 to None
[2022-01-04 23:34:20,343] {logging_mixin.py:109} INFO - [2022-01-04 23:34:20,343] {dag.py:2935} INFO - Setting next_dagrun for example_subdag_operator.section-2 to None
[2022-01-04 23:34:20,349] {logging_mixin.py:109} INFO - [2022-01-04 23:34:20,349] {dag.py:2396} INFO - Sync 2 DAGs
[2022-01-04 23:34:20,357] {logging_mixin.py:109} INFO - [2022-01-04 23:34:20,357] {dag.py:2935} INFO - Setting next_dagrun for example_subdag_operator.section-1 to None
[2022-01-04 23:34:20,358] {logging_mixin.py:109} INFO - [2022-01-04 23:34:20,357] {dag.py:2935} INFO - Setting next_dagrun for example_subdag_operator.section-2 to None
[2022-01-04 23:34:20,457] {processor.py:171} INFO - Processing /home/rhavel/Documentos/DEPLOY-PROJECTS/first-airflow/venv/lib/python3.9/site-packages/airflow/example_dags/example_subdag_operator.py took 0.225 seconds
[2022-01-04 23:35:05,458] {processor.py:163} INFO - Started process (PID=11327) to work on /home/rhavel/Documentos/DEPLOY-PROJECTS/first-airflow/venv/lib/python3.9/site-packages/airflow/example_dags/example_subdag_operator.py
[2022-01-04 23:35:05,473] {processor.py:642} INFO - Processing file /home/rhavel/Documentos/DEPLOY-PROJECTS/first-airflow/venv/lib/python3.9/site-packages/airflow/example_dags/example_subdag_operator.py for tasks to queue
[2022-01-04 23:35:05,474] {logging_mixin.py:109} INFO - [2022-01-04 23:35:05,474] {dagbag.py:500} INFO - Filling up the DagBag from /home/rhavel/Documentos/DEPLOY-PROJECTS/first-airflow/venv/lib/python3.9/site-packages/airflow/example_dags/example_subdag_operator.py
[2022-01-04 23:35:05,664] {processor.py:654} INFO - DAG(s) dict_keys(['example_subdag_operator.section-1', 'example_subdag_operator.section-2', 'example_subdag_operator']) retrieved from /home/rhavel/Documentos/DEPLOY-PROJECTS/first-airflow/venv/lib/python3.9/site-packages/airflow/example_dags/example_subdag_operator.py
[2022-01-04 23:35:05,704] {logging_mixin.py:109} INFO - [2022-01-04 23:35:05,704] {dag.py:2396} INFO - Sync 3 DAGs
[2022-01-04 23:35:05,754] {logging_mixin.py:109} INFO - [2022-01-04 23:35:05,754] {dag.py:2935} INFO - Setting next_dagrun for example_subdag_operator to 2022-01-03T00:00:00+00:00
[2022-01-04 23:35:05,755] {logging_mixin.py:109} INFO - [2022-01-04 23:35:05,754] {dag.py:2935} INFO - Setting next_dagrun for example_subdag_operator.section-1 to None
[2022-01-04 23:35:05,755] {logging_mixin.py:109} INFO - [2022-01-04 23:35:05,755] {dag.py:2935} INFO - Setting next_dagrun for example_subdag_operator.section-2 to None
[2022-01-04 23:35:05,771] {logging_mixin.py:109} INFO - [2022-01-04 23:35:05,770] {dag.py:2396} INFO - Sync 2 DAGs
[2022-01-04 23:35:05,791] {logging_mixin.py:109} INFO - [2022-01-04 23:35:05,790] {dag.py:2935} INFO - Setting next_dagrun for example_subdag_operator.section-1 to None
[2022-01-04 23:35:05,792] {logging_mixin.py:109} INFO - [2022-01-04 23:35:05,791] {dag.py:2935} INFO - Setting next_dagrun for example_subdag_operator.section-2 to None
[2022-01-04 23:35:06,336] {processor.py:171} INFO - Processing /home/rhavel/Documentos/DEPLOY-PROJECTS/first-airflow/venv/lib/python3.9/site-packages/airflow/example_dags/example_subdag_operator.py took 0.899 seconds
[2022-01-04 23:35:52,243] {processor.py:163} INFO - Started process (PID=11366) to work on /home/rhavel/Documentos/DEPLOY-PROJECTS/first-airflow/venv/lib/python3.9/site-packages/airflow/example_dags/example_subdag_operator.py
[2022-01-04 23:35:52,266] {processor.py:642} INFO - Processing file /home/rhavel/Documentos/DEPLOY-PROJECTS/first-airflow/venv/lib/python3.9/site-packages/airflow/example_dags/example_subdag_operator.py for tasks to queue
[2022-01-04 23:35:52,268] {logging_mixin.py:109} INFO - [2022-01-04 23:35:52,267] {dagbag.py:500} INFO - Filling up the DagBag from /home/rhavel/Documentos/DEPLOY-PROJECTS/first-airflow/venv/lib/python3.9/site-packages/airflow/example_dags/example_subdag_operator.py
[2022-01-04 23:35:52,321] {processor.py:654} INFO - DAG(s) dict_keys(['example_subdag_operator.section-1', 'example_subdag_operator.section-2', 'example_subdag_operator']) retrieved from /home/rhavel/Documentos/DEPLOY-PROJECTS/first-airflow/venv/lib/python3.9/site-packages/airflow/example_dags/example_subdag_operator.py
[2022-01-04 23:35:52,339] {logging_mixin.py:109} INFO - [2022-01-04 23:35:52,339] {dag.py:2396} INFO - Sync 3 DAGs
[2022-01-04 23:35:52,364] {logging_mixin.py:109} INFO - [2022-01-04 23:35:52,364] {dag.py:2935} INFO - Setting next_dagrun for example_subdag_operator to 2022-01-03T00:00:00+00:00
[2022-01-04 23:35:52,365] {logging_mixin.py:109} INFO - [2022-01-04 23:35:52,365] {dag.py:2935} INFO - Setting next_dagrun for example_subdag_operator.section-1 to None
[2022-01-04 23:35:52,365] {logging_mixin.py:109} INFO - [2022-01-04 23:35:52,365] {dag.py:2935} INFO - Setting next_dagrun for example_subdag_operator.section-2 to None
[2022-01-04 23:35:52,371] {logging_mixin.py:109} INFO - [2022-01-04 23:35:52,371] {dag.py:2396} INFO - Sync 2 DAGs
[2022-01-04 23:35:52,385] {logging_mixin.py:109} INFO - [2022-01-04 23:35:52,385] {dag.py:2935} INFO - Setting next_dagrun for example_subdag_operator.section-1 to None
[2022-01-04 23:35:52,386] {logging_mixin.py:109} INFO - [2022-01-04 23:35:52,386] {dag.py:2935} INFO - Setting next_dagrun for example_subdag_operator.section-2 to None
[2022-01-04 23:35:52,473] {processor.py:171} INFO - Processing /home/rhavel/Documentos/DEPLOY-PROJECTS/first-airflow/venv/lib/python3.9/site-packages/airflow/example_dags/example_subdag_operator.py took 0.235 seconds
[2022-01-04 23:36:35,419] {processor.py:163} INFO - Started process (PID=11411) to work on /home/rhavel/Documentos/DEPLOY-PROJECTS/first-airflow/venv/lib/python3.9/site-packages/airflow/example_dags/example_subdag_operator.py
[2022-01-04 23:36:35,435] {processor.py:642} INFO - Processing file /home/rhavel/Documentos/DEPLOY-PROJECTS/first-airflow/venv/lib/python3.9/site-packages/airflow/example_dags/example_subdag_operator.py for tasks to queue
[2022-01-04 23:36:35,436] {logging_mixin.py:109} INFO - [2022-01-04 23:36:35,436] {dagbag.py:500} INFO - Filling up the DagBag from /home/rhavel/Documentos/DEPLOY-PROJECTS/first-airflow/venv/lib/python3.9/site-packages/airflow/example_dags/example_subdag_operator.py
[2022-01-04 23:36:35,471] {processor.py:654} INFO - DAG(s) dict_keys(['example_subdag_operator.section-1', 'example_subdag_operator.section-2', 'example_subdag_operator']) retrieved from /home/rhavel/Documentos/DEPLOY-PROJECTS/first-airflow/venv/lib/python3.9/site-packages/airflow/example_dags/example_subdag_operator.py
[2022-01-04 23:36:35,485] {logging_mixin.py:109} INFO - [2022-01-04 23:36:35,485] {dag.py:2396} INFO - Sync 3 DAGs
[2022-01-04 23:36:35,501] {logging_mixin.py:109} INFO - [2022-01-04 23:36:35,501] {dag.py:2935} INFO - Setting next_dagrun for example_subdag_operator to 2022-01-03T00:00:00+00:00
[2022-01-04 23:36:35,501] {logging_mixin.py:109} INFO - [2022-01-04 23:36:35,501] {dag.py:2935} INFO - Setting next_dagrun for example_subdag_operator.section-1 to None
[2022-01-04 23:36:35,502] {logging_mixin.py:109} INFO - [2022-01-04 23:36:35,501] {dag.py:2935} INFO - Setting next_dagrun for example_subdag_operator.section-2 to None
[2022-01-04 23:36:35,507] {logging_mixin.py:109} INFO - [2022-01-04 23:36:35,506] {dag.py:2396} INFO - Sync 2 DAGs
[2022-01-04 23:36:35,515] {logging_mixin.py:109} INFO - [2022-01-04 23:36:35,514] {dag.py:2935} INFO - Setting next_dagrun for example_subdag_operator.section-1 to None
[2022-01-04 23:36:35,515] {logging_mixin.py:109} INFO - [2022-01-04 23:36:35,515] {dag.py:2935} INFO - Setting next_dagrun for example_subdag_operator.section-2 to None
[2022-01-04 23:36:35,600] {processor.py:171} INFO - Processing /home/rhavel/Documentos/DEPLOY-PROJECTS/first-airflow/venv/lib/python3.9/site-packages/airflow/example_dags/example_subdag_operator.py took 0.186 seconds
[2022-01-04 23:37:16,430] {processor.py:163} INFO - Started process (PID=11445) to work on /home/rhavel/Documentos/DEPLOY-PROJECTS/first-airflow/venv/lib/python3.9/site-packages/airflow/example_dags/example_subdag_operator.py
[2022-01-04 23:37:16,452] {processor.py:642} INFO - Processing file /home/rhavel/Documentos/DEPLOY-PROJECTS/first-airflow/venv/lib/python3.9/site-packages/airflow/example_dags/example_subdag_operator.py for tasks to queue
[2022-01-04 23:37:16,454] {logging_mixin.py:109} INFO - [2022-01-04 23:37:16,454] {dagbag.py:500} INFO - Filling up the DagBag from /home/rhavel/Documentos/DEPLOY-PROJECTS/first-airflow/venv/lib/python3.9/site-packages/airflow/example_dags/example_subdag_operator.py
[2022-01-04 23:37:16,493] {processor.py:654} INFO - DAG(s) dict_keys(['example_subdag_operator.section-1', 'example_subdag_operator.section-2', 'example_subdag_operator']) retrieved from /home/rhavel/Documentos/DEPLOY-PROJECTS/first-airflow/venv/lib/python3.9/site-packages/airflow/example_dags/example_subdag_operator.py
[2022-01-04 23:37:16,507] {logging_mixin.py:109} INFO - [2022-01-04 23:37:16,507] {dag.py:2396} INFO - Sync 3 DAGs
[2022-01-04 23:37:16,524] {logging_mixin.py:109} INFO - [2022-01-04 23:37:16,523] {dag.py:2935} INFO - Setting next_dagrun for example_subdag_operator to 2022-01-03T00:00:00+00:00
[2022-01-04 23:37:16,524] {logging_mixin.py:109} INFO - [2022-01-04 23:37:16,524] {dag.py:2935} INFO - Setting next_dagrun for example_subdag_operator.section-1 to None
[2022-01-04 23:37:16,524] {logging_mixin.py:109} INFO - [2022-01-04 23:37:16,524] {dag.py:2935} INFO - Setting next_dagrun for example_subdag_operator.section-2 to None
[2022-01-04 23:37:16,531] {logging_mixin.py:109} INFO - [2022-01-04 23:37:16,531] {dag.py:2396} INFO - Sync 2 DAGs
[2022-01-04 23:37:16,540] {logging_mixin.py:109} INFO - [2022-01-04 23:37:16,540] {dag.py:2935} INFO - Setting next_dagrun for example_subdag_operator.section-1 to None
[2022-01-04 23:37:16,541] {logging_mixin.py:109} INFO - [2022-01-04 23:37:16,541] {dag.py:2935} INFO - Setting next_dagrun for example_subdag_operator.section-2 to None
[2022-01-04 23:37:16,648] {processor.py:171} INFO - Processing /home/rhavel/Documentos/DEPLOY-PROJECTS/first-airflow/venv/lib/python3.9/site-packages/airflow/example_dags/example_subdag_operator.py took 0.222 seconds
