[2022-01-04 23:34:01,636] {processor.py:163} INFO - Started process (PID=11179) to work on /home/rhavel/Documentos/DEPLOY-PROJECTS/first-airflow/venv/lib/python3.9/site-packages/airflow/example_dags/example_nested_branch_dag.py
[2022-01-04 23:34:01,638] {processor.py:642} INFO - Processing file /home/rhavel/Documentos/DEPLOY-PROJECTS/first-airflow/venv/lib/python3.9/site-packages/airflow/example_dags/example_nested_branch_dag.py for tasks to queue
[2022-01-04 23:34:01,641] {logging_mixin.py:109} INFO - [2022-01-04 23:34:01,640] {dagbag.py:500} INFO - Filling up the DagBag from /home/rhavel/Documentos/DEPLOY-PROJECTS/first-airflow/venv/lib/python3.9/site-packages/airflow/example_dags/example_nested_branch_dag.py
[2022-01-04 23:34:01,701] {processor.py:654} INFO - DAG(s) dict_keys(['example_nested_branch_dag']) retrieved from /home/rhavel/Documentos/DEPLOY-PROJECTS/first-airflow/venv/lib/python3.9/site-packages/airflow/example_dags/example_nested_branch_dag.py
[2022-01-04 23:34:01,726] {logging_mixin.py:109} INFO - [2022-01-04 23:34:01,726] {dag.py:2396} INFO - Sync 1 DAGs
[2022-01-04 23:34:01,757] {logging_mixin.py:109} INFO - [2022-01-04 23:34:01,757] {dag.py:2935} INFO - Setting next_dagrun for example_nested_branch_dag to 2022-01-04 00:00:00+00:00
[2022-01-04 23:34:01,865] {processor.py:171} INFO - Processing /home/rhavel/Documentos/DEPLOY-PROJECTS/first-airflow/venv/lib/python3.9/site-packages/airflow/example_dags/example_nested_branch_dag.py took 0.233 seconds
[2022-01-04 23:34:46,336] {processor.py:163} INFO - Started process (PID=11288) to work on /home/rhavel/Documentos/DEPLOY-PROJECTS/first-airflow/venv/lib/python3.9/site-packages/airflow/example_dags/example_nested_branch_dag.py
[2022-01-04 23:34:46,358] {processor.py:642} INFO - Processing file /home/rhavel/Documentos/DEPLOY-PROJECTS/first-airflow/venv/lib/python3.9/site-packages/airflow/example_dags/example_nested_branch_dag.py for tasks to queue
[2022-01-04 23:34:46,360] {logging_mixin.py:109} INFO - [2022-01-04 23:34:46,359] {dagbag.py:500} INFO - Filling up the DagBag from /home/rhavel/Documentos/DEPLOY-PROJECTS/first-airflow/venv/lib/python3.9/site-packages/airflow/example_dags/example_nested_branch_dag.py
[2022-01-04 23:34:46,475] {processor.py:654} INFO - DAG(s) dict_keys(['example_nested_branch_dag']) retrieved from /home/rhavel/Documentos/DEPLOY-PROJECTS/first-airflow/venv/lib/python3.9/site-packages/airflow/example_dags/example_nested_branch_dag.py
[2022-01-04 23:34:46,494] {logging_mixin.py:109} INFO - [2022-01-04 23:34:46,494] {dag.py:2396} INFO - Sync 1 DAGs
[2022-01-04 23:34:46,519] {logging_mixin.py:109} INFO - [2022-01-04 23:34:46,519] {dag.py:2935} INFO - Setting next_dagrun for example_nested_branch_dag to 2022-01-04 00:00:00+00:00
[2022-01-04 23:34:46,611] {processor.py:171} INFO - Processing /home/rhavel/Documentos/DEPLOY-PROJECTS/first-airflow/venv/lib/python3.9/site-packages/airflow/example_dags/example_nested_branch_dag.py took 0.281 seconds
[2022-01-04 23:35:36,389] {processor.py:163} INFO - Started process (PID=11353) to work on /home/rhavel/Documentos/DEPLOY-PROJECTS/first-airflow/venv/lib/python3.9/site-packages/airflow/example_dags/example_nested_branch_dag.py
[2022-01-04 23:35:36,909] {processor.py:642} INFO - Processing file /home/rhavel/Documentos/DEPLOY-PROJECTS/first-airflow/venv/lib/python3.9/site-packages/airflow/example_dags/example_nested_branch_dag.py for tasks to queue
[2022-01-04 23:35:36,910] {logging_mixin.py:109} INFO - [2022-01-04 23:35:36,910] {dagbag.py:500} INFO - Filling up the DagBag from /home/rhavel/Documentos/DEPLOY-PROJECTS/first-airflow/venv/lib/python3.9/site-packages/airflow/example_dags/example_nested_branch_dag.py
[2022-01-04 23:35:36,995] {processor.py:654} INFO - DAG(s) dict_keys(['example_nested_branch_dag']) retrieved from /home/rhavel/Documentos/DEPLOY-PROJECTS/first-airflow/venv/lib/python3.9/site-packages/airflow/example_dags/example_nested_branch_dag.py
[2022-01-04 23:35:37,016] {logging_mixin.py:109} INFO - [2022-01-04 23:35:37,015] {dag.py:2396} INFO - Sync 1 DAGs
[2022-01-04 23:35:37,048] {logging_mixin.py:109} INFO - [2022-01-04 23:35:37,047] {dag.py:2935} INFO - Setting next_dagrun for example_nested_branch_dag to 2022-01-04 00:00:00+00:00
[2022-01-04 23:35:37,141] {processor.py:171} INFO - Processing /home/rhavel/Documentos/DEPLOY-PROJECTS/first-airflow/venv/lib/python3.9/site-packages/airflow/example_dags/example_nested_branch_dag.py took 0.757 seconds
[2022-01-04 23:36:23,818] {processor.py:163} INFO - Started process (PID=11400) to work on /home/rhavel/Documentos/DEPLOY-PROJECTS/first-airflow/venv/lib/python3.9/site-packages/airflow/example_dags/example_nested_branch_dag.py
[2022-01-04 23:36:23,857] {processor.py:642} INFO - Processing file /home/rhavel/Documentos/DEPLOY-PROJECTS/first-airflow/venv/lib/python3.9/site-packages/airflow/example_dags/example_nested_branch_dag.py for tasks to queue
[2022-01-04 23:36:23,859] {logging_mixin.py:109} INFO - [2022-01-04 23:36:23,858] {dagbag.py:500} INFO - Filling up the DagBag from /home/rhavel/Documentos/DEPLOY-PROJECTS/first-airflow/venv/lib/python3.9/site-packages/airflow/example_dags/example_nested_branch_dag.py
[2022-01-04 23:36:23,946] {processor.py:654} INFO - DAG(s) dict_keys(['example_nested_branch_dag']) retrieved from /home/rhavel/Documentos/DEPLOY-PROJECTS/first-airflow/venv/lib/python3.9/site-packages/airflow/example_dags/example_nested_branch_dag.py
[2022-01-04 23:36:23,965] {logging_mixin.py:109} INFO - [2022-01-04 23:36:23,964] {dag.py:2396} INFO - Sync 1 DAGs
[2022-01-04 23:36:23,998] {logging_mixin.py:109} INFO - [2022-01-04 23:36:23,998] {dag.py:2935} INFO - Setting next_dagrun for example_nested_branch_dag to 2022-01-04 00:00:00+00:00
[2022-01-04 23:36:24,230] {processor.py:171} INFO - Processing /home/rhavel/Documentos/DEPLOY-PROJECTS/first-airflow/venv/lib/python3.9/site-packages/airflow/example_dags/example_nested_branch_dag.py took 0.422 seconds
[2022-01-04 23:37:19,592] {processor.py:163} INFO - Started process (PID=11448) to work on /home/rhavel/Documentos/DEPLOY-PROJECTS/first-airflow/venv/lib/python3.9/site-packages/airflow/example_dags/example_nested_branch_dag.py
[2022-01-04 23:37:19,594] {processor.py:642} INFO - Processing file /home/rhavel/Documentos/DEPLOY-PROJECTS/first-airflow/venv/lib/python3.9/site-packages/airflow/example_dags/example_nested_branch_dag.py for tasks to queue
[2022-01-04 23:37:19,594] {logging_mixin.py:109} INFO - [2022-01-04 23:37:19,594] {dagbag.py:500} INFO - Filling up the DagBag from /home/rhavel/Documentos/DEPLOY-PROJECTS/first-airflow/venv/lib/python3.9/site-packages/airflow/example_dags/example_nested_branch_dag.py
[2022-01-04 23:37:19,625] {processor.py:654} INFO - DAG(s) dict_keys(['example_nested_branch_dag']) retrieved from /home/rhavel/Documentos/DEPLOY-PROJECTS/first-airflow/venv/lib/python3.9/site-packages/airflow/example_dags/example_nested_branch_dag.py
[2022-01-04 23:37:19,638] {logging_mixin.py:109} INFO - [2022-01-04 23:37:19,638] {dag.py:2396} INFO - Sync 1 DAGs
[2022-01-04 23:37:19,660] {logging_mixin.py:109} INFO - [2022-01-04 23:37:19,660] {dag.py:2935} INFO - Setting next_dagrun for example_nested_branch_dag to 2022-01-04 00:00:00+00:00
[2022-01-04 23:37:19,748] {processor.py:171} INFO - Processing /home/rhavel/Documentos/DEPLOY-PROJECTS/first-airflow/venv/lib/python3.9/site-packages/airflow/example_dags/example_nested_branch_dag.py took 0.161 seconds
