[2022-01-04 23:33:59,368] {processor.py:163} INFO - Started process (PID=11176) to work on /home/rhavel/Documentos/DEPLOY-PROJECTS/first-airflow/venv/lib/python3.9/site-packages/airflow/example_dags/example_dag_decorator.py
[2022-01-04 23:33:59,370] {processor.py:642} INFO - Processing file /home/rhavel/Documentos/DEPLOY-PROJECTS/first-airflow/venv/lib/python3.9/site-packages/airflow/example_dags/example_dag_decorator.py for tasks to queue
[2022-01-04 23:33:59,371] {logging_mixin.py:109} INFO - [2022-01-04 23:33:59,371] {dagbag.py:500} INFO - Filling up the DagBag from /home/rhavel/Documentos/DEPLOY-PROJECTS/first-airflow/venv/lib/python3.9/site-packages/airflow/example_dags/example_dag_decorator.py
[2022-01-04 23:33:59,504] {processor.py:654} INFO - DAG(s) dict_keys(['example_dag_decorator']) retrieved from /home/rhavel/Documentos/DEPLOY-PROJECTS/first-airflow/venv/lib/python3.9/site-packages/airflow/example_dags/example_dag_decorator.py
[2022-01-04 23:34:00,342] {logging_mixin.py:109} INFO - [2022-01-04 23:34:00,341] {dag.py:2396} INFO - Sync 1 DAGs
[2022-01-04 23:34:00,358] {logging_mixin.py:109} INFO - [2022-01-04 23:34:00,358] {dag.py:2935} INFO - Setting next_dagrun for example_dag_decorator to None
[2022-01-04 23:34:00,509] {processor.py:171} INFO - Processing /home/rhavel/Documentos/DEPLOY-PROJECTS/first-airflow/venv/lib/python3.9/site-packages/airflow/example_dags/example_dag_decorator.py took 1.146 seconds
[2022-01-04 23:34:45,143] {processor.py:163} INFO - Started process (PID=11287) to work on /home/rhavel/Documentos/DEPLOY-PROJECTS/first-airflow/venv/lib/python3.9/site-packages/airflow/example_dags/example_dag_decorator.py
[2022-01-04 23:34:45,145] {processor.py:642} INFO - Processing file /home/rhavel/Documentos/DEPLOY-PROJECTS/first-airflow/venv/lib/python3.9/site-packages/airflow/example_dags/example_dag_decorator.py for tasks to queue
[2022-01-04 23:34:45,146] {logging_mixin.py:109} INFO - [2022-01-04 23:34:45,145] {dagbag.py:500} INFO - Filling up the DagBag from /home/rhavel/Documentos/DEPLOY-PROJECTS/first-airflow/venv/lib/python3.9/site-packages/airflow/example_dags/example_dag_decorator.py
[2022-01-04 23:34:45,225] {processor.py:654} INFO - DAG(s) dict_keys(['example_dag_decorator']) retrieved from /home/rhavel/Documentos/DEPLOY-PROJECTS/first-airflow/venv/lib/python3.9/site-packages/airflow/example_dags/example_dag_decorator.py
[2022-01-04 23:34:45,535] {logging_mixin.py:109} INFO - [2022-01-04 23:34:45,535] {dag.py:2396} INFO - Sync 1 DAGs
[2022-01-04 23:34:45,552] {logging_mixin.py:109} INFO - [2022-01-04 23:34:45,552] {dag.py:2935} INFO - Setting next_dagrun for example_dag_decorator to None
[2022-01-04 23:34:45,653] {processor.py:171} INFO - Processing /home/rhavel/Documentos/DEPLOY-PROJECTS/first-airflow/venv/lib/python3.9/site-packages/airflow/example_dags/example_dag_decorator.py took 0.513 seconds
[2022-01-04 23:35:34,239] {processor.py:163} INFO - Started process (PID=11352) to work on /home/rhavel/Documentos/DEPLOY-PROJECTS/first-airflow/venv/lib/python3.9/site-packages/airflow/example_dags/example_dag_decorator.py
[2022-01-04 23:35:34,262] {processor.py:642} INFO - Processing file /home/rhavel/Documentos/DEPLOY-PROJECTS/first-airflow/venv/lib/python3.9/site-packages/airflow/example_dags/example_dag_decorator.py for tasks to queue
[2022-01-04 23:35:34,264] {logging_mixin.py:109} INFO - [2022-01-04 23:35:34,263] {dagbag.py:500} INFO - Filling up the DagBag from /home/rhavel/Documentos/DEPLOY-PROJECTS/first-airflow/venv/lib/python3.9/site-packages/airflow/example_dags/example_dag_decorator.py
[2022-01-04 23:35:34,388] {processor.py:654} INFO - DAG(s) dict_keys(['example_dag_decorator']) retrieved from /home/rhavel/Documentos/DEPLOY-PROJECTS/first-airflow/venv/lib/python3.9/site-packages/airflow/example_dags/example_dag_decorator.py
[2022-01-04 23:35:35,070] {logging_mixin.py:109} INFO - [2022-01-04 23:35:35,069] {dag.py:2396} INFO - Sync 1 DAGs
[2022-01-04 23:35:35,104] {logging_mixin.py:109} INFO - [2022-01-04 23:35:35,103] {dag.py:2935} INFO - Setting next_dagrun for example_dag_decorator to None
[2022-01-04 23:35:35,207] {processor.py:171} INFO - Processing /home/rhavel/Documentos/DEPLOY-PROJECTS/first-airflow/venv/lib/python3.9/site-packages/airflow/example_dags/example_dag_decorator.py took 0.974 seconds
[2022-01-04 23:36:22,141] {processor.py:163} INFO - Started process (PID=11398) to work on /home/rhavel/Documentos/DEPLOY-PROJECTS/first-airflow/venv/lib/python3.9/site-packages/airflow/example_dags/example_dag_decorator.py
[2022-01-04 23:36:22,145] {processor.py:642} INFO - Processing file /home/rhavel/Documentos/DEPLOY-PROJECTS/first-airflow/venv/lib/python3.9/site-packages/airflow/example_dags/example_dag_decorator.py for tasks to queue
[2022-01-04 23:36:22,145] {logging_mixin.py:109} INFO - [2022-01-04 23:36:22,145] {dagbag.py:500} INFO - Filling up the DagBag from /home/rhavel/Documentos/DEPLOY-PROJECTS/first-airflow/venv/lib/python3.9/site-packages/airflow/example_dags/example_dag_decorator.py
[2022-01-04 23:36:22,183] {processor.py:654} INFO - DAG(s) dict_keys(['example_dag_decorator']) retrieved from /home/rhavel/Documentos/DEPLOY-PROJECTS/first-airflow/venv/lib/python3.9/site-packages/airflow/example_dags/example_dag_decorator.py
[2022-01-04 23:36:22,522] {logging_mixin.py:109} INFO - [2022-01-04 23:36:22,522] {dag.py:2396} INFO - Sync 1 DAGs
[2022-01-04 23:36:22,546] {logging_mixin.py:109} INFO - [2022-01-04 23:36:22,546] {dag.py:2935} INFO - Setting next_dagrun for example_dag_decorator to None
[2022-01-04 23:36:22,650] {processor.py:171} INFO - Processing /home/rhavel/Documentos/DEPLOY-PROJECTS/first-airflow/venv/lib/python3.9/site-packages/airflow/example_dags/example_dag_decorator.py took 0.516 seconds
[2022-01-04 23:37:06,850] {processor.py:163} INFO - Started process (PID=11438) to work on /home/rhavel/Documentos/DEPLOY-PROJECTS/first-airflow/venv/lib/python3.9/site-packages/airflow/example_dags/example_dag_decorator.py
[2022-01-04 23:37:06,852] {processor.py:642} INFO - Processing file /home/rhavel/Documentos/DEPLOY-PROJECTS/first-airflow/venv/lib/python3.9/site-packages/airflow/example_dags/example_dag_decorator.py for tasks to queue
[2022-01-04 23:37:06,852] {logging_mixin.py:109} INFO - [2022-01-04 23:37:06,852] {dagbag.py:500} INFO - Filling up the DagBag from /home/rhavel/Documentos/DEPLOY-PROJECTS/first-airflow/venv/lib/python3.9/site-packages/airflow/example_dags/example_dag_decorator.py
[2022-01-04 23:37:06,893] {processor.py:654} INFO - DAG(s) dict_keys(['example_dag_decorator']) retrieved from /home/rhavel/Documentos/DEPLOY-PROJECTS/first-airflow/venv/lib/python3.9/site-packages/airflow/example_dags/example_dag_decorator.py
[2022-01-04 23:37:07,207] {logging_mixin.py:109} INFO - [2022-01-04 23:37:07,206] {dag.py:2396} INFO - Sync 1 DAGs
[2022-01-04 23:37:07,220] {logging_mixin.py:109} INFO - [2022-01-04 23:37:07,220] {dag.py:2935} INFO - Setting next_dagrun for example_dag_decorator to None
[2022-01-04 23:37:07,315] {processor.py:171} INFO - Processing /home/rhavel/Documentos/DEPLOY-PROJECTS/first-airflow/venv/lib/python3.9/site-packages/airflow/example_dags/example_dag_decorator.py took 0.470 seconds
