[2022-01-04 23:33:56,427] {processor.py:163} INFO - Started process (PID=11171) to work on /home/rhavel/Documentos/DEPLOY-PROJECTS/first-airflow/venv/lib/python3.9/site-packages/airflow/example_dags/example_branch_python_dop_operator_3.py
[2022-01-04 23:33:56,429] {processor.py:642} INFO - Processing file /home/rhavel/Documentos/DEPLOY-PROJECTS/first-airflow/venv/lib/python3.9/site-packages/airflow/example_dags/example_branch_python_dop_operator_3.py for tasks to queue
[2022-01-04 23:33:56,429] {logging_mixin.py:109} INFO - [2022-01-04 23:33:56,429] {dagbag.py:500} INFO - Filling up the DagBag from /home/rhavel/Documentos/DEPLOY-PROJECTS/first-airflow/venv/lib/python3.9/site-packages/airflow/example_dags/example_branch_python_dop_operator_3.py
[2022-01-04 23:33:56,527] {processor.py:654} INFO - DAG(s) dict_keys(['example_branch_dop_operator_v3']) retrieved from /home/rhavel/Documentos/DEPLOY-PROJECTS/first-airflow/venv/lib/python3.9/site-packages/airflow/example_dags/example_branch_python_dop_operator_3.py
[2022-01-04 23:33:56,540] {logging_mixin.py:109} INFO - [2022-01-04 23:33:56,540] {dag.py:2396} INFO - Sync 1 DAGs
[2022-01-04 23:33:56,568] {logging_mixin.py:109} INFO - [2022-01-04 23:33:56,568] {dag.py:2935} INFO - Setting next_dagrun for example_branch_dop_operator_v3 to 2022-01-05T02:32:00+00:00
[2022-01-04 23:33:56,667] {processor.py:171} INFO - Processing /home/rhavel/Documentos/DEPLOY-PROJECTS/first-airflow/venv/lib/python3.9/site-packages/airflow/example_dags/example_branch_python_dop_operator_3.py took 0.245 seconds
[2022-01-04 23:34:42,420] {processor.py:163} INFO - Started process (PID=11285) to work on /home/rhavel/Documentos/DEPLOY-PROJECTS/first-airflow/venv/lib/python3.9/site-packages/airflow/example_dags/example_branch_python_dop_operator_3.py
[2022-01-04 23:34:42,446] {processor.py:642} INFO - Processing file /home/rhavel/Documentos/DEPLOY-PROJECTS/first-airflow/venv/lib/python3.9/site-packages/airflow/example_dags/example_branch_python_dop_operator_3.py for tasks to queue
[2022-01-04 23:34:42,447] {logging_mixin.py:109} INFO - [2022-01-04 23:34:42,447] {dagbag.py:500} INFO - Filling up the DagBag from /home/rhavel/Documentos/DEPLOY-PROJECTS/first-airflow/venv/lib/python3.9/site-packages/airflow/example_dags/example_branch_python_dop_operator_3.py
[2022-01-04 23:34:42,495] {processor.py:654} INFO - DAG(s) dict_keys(['example_branch_dop_operator_v3']) retrieved from /home/rhavel/Documentos/DEPLOY-PROJECTS/first-airflow/venv/lib/python3.9/site-packages/airflow/example_dags/example_branch_python_dop_operator_3.py
[2022-01-04 23:34:42,507] {logging_mixin.py:109} INFO - [2022-01-04 23:34:42,507] {dag.py:2396} INFO - Sync 1 DAGs
[2022-01-04 23:34:42,536] {logging_mixin.py:109} INFO - [2022-01-04 23:34:42,536] {dag.py:2935} INFO - Setting next_dagrun for example_branch_dop_operator_v3 to 2022-01-05T02:33:00+00:00
[2022-01-04 23:34:42,642] {processor.py:171} INFO - Processing /home/rhavel/Documentos/DEPLOY-PROJECTS/first-airflow/venv/lib/python3.9/site-packages/airflow/example_dags/example_branch_python_dop_operator_3.py took 0.226 seconds
[2022-01-04 23:35:30,909] {processor.py:163} INFO - Started process (PID=11349) to work on /home/rhavel/Documentos/DEPLOY-PROJECTS/first-airflow/venv/lib/python3.9/site-packages/airflow/example_dags/example_branch_python_dop_operator_3.py
[2022-01-04 23:35:30,929] {processor.py:642} INFO - Processing file /home/rhavel/Documentos/DEPLOY-PROJECTS/first-airflow/venv/lib/python3.9/site-packages/airflow/example_dags/example_branch_python_dop_operator_3.py for tasks to queue
[2022-01-04 23:35:30,930] {logging_mixin.py:109} INFO - [2022-01-04 23:35:30,930] {dagbag.py:500} INFO - Filling up the DagBag from /home/rhavel/Documentos/DEPLOY-PROJECTS/first-airflow/venv/lib/python3.9/site-packages/airflow/example_dags/example_branch_python_dop_operator_3.py
[2022-01-04 23:35:31,035] {processor.py:654} INFO - DAG(s) dict_keys(['example_branch_dop_operator_v3']) retrieved from /home/rhavel/Documentos/DEPLOY-PROJECTS/first-airflow/venv/lib/python3.9/site-packages/airflow/example_dags/example_branch_python_dop_operator_3.py
[2022-01-04 23:35:31,064] {logging_mixin.py:109} INFO - [2022-01-04 23:35:31,064] {dag.py:2396} INFO - Sync 1 DAGs
[2022-01-04 23:35:31,124] {logging_mixin.py:109} INFO - [2022-01-04 23:35:31,124] {dag.py:2935} INFO - Setting next_dagrun for example_branch_dop_operator_v3 to 2022-01-05T02:34:00+00:00
[2022-01-04 23:35:31,375] {processor.py:171} INFO - Processing /home/rhavel/Documentos/DEPLOY-PROJECTS/first-airflow/venv/lib/python3.9/site-packages/airflow/example_dags/example_branch_python_dop_operator_3.py took 0.471 seconds
[2022-01-04 23:36:20,045] {processor.py:163} INFO - Started process (PID=11396) to work on /home/rhavel/Documentos/DEPLOY-PROJECTS/first-airflow/venv/lib/python3.9/site-packages/airflow/example_dags/example_branch_python_dop_operator_3.py
[2022-01-04 23:36:20,100] {processor.py:642} INFO - Processing file /home/rhavel/Documentos/DEPLOY-PROJECTS/first-airflow/venv/lib/python3.9/site-packages/airflow/example_dags/example_branch_python_dop_operator_3.py for tasks to queue
[2022-01-04 23:36:20,101] {logging_mixin.py:109} INFO - [2022-01-04 23:36:20,101] {dagbag.py:500} INFO - Filling up the DagBag from /home/rhavel/Documentos/DEPLOY-PROJECTS/first-airflow/venv/lib/python3.9/site-packages/airflow/example_dags/example_branch_python_dop_operator_3.py
[2022-01-04 23:36:20,130] {processor.py:654} INFO - DAG(s) dict_keys(['example_branch_dop_operator_v3']) retrieved from /home/rhavel/Documentos/DEPLOY-PROJECTS/first-airflow/venv/lib/python3.9/site-packages/airflow/example_dags/example_branch_python_dop_operator_3.py
[2022-01-04 23:36:20,142] {logging_mixin.py:109} INFO - [2022-01-04 23:36:20,142] {dag.py:2396} INFO - Sync 1 DAGs
[2022-01-04 23:36:20,171] {logging_mixin.py:109} INFO - [2022-01-04 23:36:20,171] {dag.py:2935} INFO - Setting next_dagrun for example_branch_dop_operator_v3 to 2022-01-05T02:35:00+00:00
[2022-01-04 23:36:20,307] {processor.py:171} INFO - Processing /home/rhavel/Documentos/DEPLOY-PROJECTS/first-airflow/venv/lib/python3.9/site-packages/airflow/example_dags/example_branch_python_dop_operator_3.py took 0.265 seconds
[2022-01-04 23:37:04,030] {processor.py:163} INFO - Started process (PID=11436) to work on /home/rhavel/Documentos/DEPLOY-PROJECTS/first-airflow/venv/lib/python3.9/site-packages/airflow/example_dags/example_branch_python_dop_operator_3.py
[2022-01-04 23:37:04,037] {processor.py:642} INFO - Processing file /home/rhavel/Documentos/DEPLOY-PROJECTS/first-airflow/venv/lib/python3.9/site-packages/airflow/example_dags/example_branch_python_dop_operator_3.py for tasks to queue
[2022-01-04 23:37:04,038] {logging_mixin.py:109} INFO - [2022-01-04 23:37:04,038] {dagbag.py:500} INFO - Filling up the DagBag from /home/rhavel/Documentos/DEPLOY-PROJECTS/first-airflow/venv/lib/python3.9/site-packages/airflow/example_dags/example_branch_python_dop_operator_3.py
[2022-01-04 23:37:04,070] {processor.py:654} INFO - DAG(s) dict_keys(['example_branch_dop_operator_v3']) retrieved from /home/rhavel/Documentos/DEPLOY-PROJECTS/first-airflow/venv/lib/python3.9/site-packages/airflow/example_dags/example_branch_python_dop_operator_3.py
[2022-01-04 23:37:04,081] {logging_mixin.py:109} INFO - [2022-01-04 23:37:04,081] {dag.py:2396} INFO - Sync 1 DAGs
[2022-01-04 23:37:04,104] {logging_mixin.py:109} INFO - [2022-01-04 23:37:04,104] {dag.py:2935} INFO - Setting next_dagrun for example_branch_dop_operator_v3 to 2022-01-05T02:36:00+00:00
[2022-01-04 23:37:04,325] {processor.py:171} INFO - Processing /home/rhavel/Documentos/DEPLOY-PROJECTS/first-airflow/venv/lib/python3.9/site-packages/airflow/example_dags/example_branch_python_dop_operator_3.py took 0.299 seconds
