[2022-01-04 23:33:32,080] {processor.py:163} INFO - Started process (PID=11149) to work on /home/rhavel/Documentos/DEPLOY-PROJECTS/first-airflow/venv/lib/python3.9/site-packages/airflow/example_dags/example_skip_dag.py
[2022-01-04 23:33:32,081] {processor.py:642} INFO - Processing file /home/rhavel/Documentos/DEPLOY-PROJECTS/first-airflow/venv/lib/python3.9/site-packages/airflow/example_dags/example_skip_dag.py for tasks to queue
[2022-01-04 23:33:32,082] {logging_mixin.py:109} INFO - [2022-01-04 23:33:32,082] {dagbag.py:500} INFO - Filling up the DagBag from /home/rhavel/Documentos/DEPLOY-PROJECTS/first-airflow/venv/lib/python3.9/site-packages/airflow/example_dags/example_skip_dag.py
[2022-01-04 23:33:33,436] {processor.py:654} INFO - DAG(s) dict_keys(['example_skip_dag']) retrieved from /home/rhavel/Documentos/DEPLOY-PROJECTS/first-airflow/venv/lib/python3.9/site-packages/airflow/example_dags/example_skip_dag.py
[2022-01-04 23:33:33,456] {logging_mixin.py:109} INFO - [2022-01-04 23:33:33,456] {dag.py:2396} INFO - Sync 1 DAGs
[2022-01-04 23:33:33,492] {logging_mixin.py:109} INFO - [2022-01-04 23:33:33,492] {dag.py:2935} INFO - Setting next_dagrun for example_skip_dag to 2022-01-04T02:33:33.477632+00:00
[2022-01-04 23:33:33,671] {processor.py:171} INFO - Processing /home/rhavel/Documentos/DEPLOY-PROJECTS/first-airflow/venv/lib/python3.9/site-packages/airflow/example_dags/example_skip_dag.py took 1.599 seconds
[2022-01-04 23:34:20,622] {processor.py:163} INFO - Started process (PID=11201) to work on /home/rhavel/Documentos/DEPLOY-PROJECTS/first-airflow/venv/lib/python3.9/site-packages/airflow/example_dags/example_skip_dag.py
[2022-01-04 23:34:20,623] {processor.py:642} INFO - Processing file /home/rhavel/Documentos/DEPLOY-PROJECTS/first-airflow/venv/lib/python3.9/site-packages/airflow/example_dags/example_skip_dag.py for tasks to queue
[2022-01-04 23:34:20,624] {logging_mixin.py:109} INFO - [2022-01-04 23:34:20,624] {dagbag.py:500} INFO - Filling up the DagBag from /home/rhavel/Documentos/DEPLOY-PROJECTS/first-airflow/venv/lib/python3.9/site-packages/airflow/example_dags/example_skip_dag.py
[2022-01-04 23:34:20,648] {processor.py:654} INFO - DAG(s) dict_keys(['example_skip_dag']) retrieved from /home/rhavel/Documentos/DEPLOY-PROJECTS/first-airflow/venv/lib/python3.9/site-packages/airflow/example_dags/example_skip_dag.py
[2022-01-04 23:34:20,661] {logging_mixin.py:109} INFO - [2022-01-04 23:34:20,661] {dag.py:2396} INFO - Sync 1 DAGs
[2022-01-04 23:34:20,677] {logging_mixin.py:109} INFO - [2022-01-04 23:34:20,677] {dag.py:2935} INFO - Setting next_dagrun for example_skip_dag to 2022-01-04T02:34:20.677391+00:00
[2022-01-04 23:34:20,779] {processor.py:171} INFO - Processing /home/rhavel/Documentos/DEPLOY-PROJECTS/first-airflow/venv/lib/python3.9/site-packages/airflow/example_dags/example_skip_dag.py took 0.161 seconds
[2022-01-04 23:35:07,507] {processor.py:163} INFO - Started process (PID=11329) to work on /home/rhavel/Documentos/DEPLOY-PROJECTS/first-airflow/venv/lib/python3.9/site-packages/airflow/example_dags/example_skip_dag.py
[2022-01-04 23:35:07,604] {processor.py:642} INFO - Processing file /home/rhavel/Documentos/DEPLOY-PROJECTS/first-airflow/venv/lib/python3.9/site-packages/airflow/example_dags/example_skip_dag.py for tasks to queue
[2022-01-04 23:35:07,605] {logging_mixin.py:109} INFO - [2022-01-04 23:35:07,605] {dagbag.py:500} INFO - Filling up the DagBag from /home/rhavel/Documentos/DEPLOY-PROJECTS/first-airflow/venv/lib/python3.9/site-packages/airflow/example_dags/example_skip_dag.py
[2022-01-04 23:35:07,656] {processor.py:654} INFO - DAG(s) dict_keys(['example_skip_dag']) retrieved from /home/rhavel/Documentos/DEPLOY-PROJECTS/first-airflow/venv/lib/python3.9/site-packages/airflow/example_dags/example_skip_dag.py
[2022-01-04 23:35:07,676] {logging_mixin.py:109} INFO - [2022-01-04 23:35:07,676] {dag.py:2396} INFO - Sync 1 DAGs
[2022-01-04 23:35:07,701] {logging_mixin.py:109} INFO - [2022-01-04 23:35:07,701] {dag.py:2935} INFO - Setting next_dagrun for example_skip_dag to 2022-01-04T02:35:07.700705+00:00
[2022-01-04 23:35:07,813] {processor.py:171} INFO - Processing /home/rhavel/Documentos/DEPLOY-PROJECTS/first-airflow/venv/lib/python3.9/site-packages/airflow/example_dags/example_skip_dag.py took 0.311 seconds
[2022-01-04 23:35:53,421] {processor.py:163} INFO - Started process (PID=11367) to work on /home/rhavel/Documentos/DEPLOY-PROJECTS/first-airflow/venv/lib/python3.9/site-packages/airflow/example_dags/example_skip_dag.py
[2022-01-04 23:35:53,442] {processor.py:642} INFO - Processing file /home/rhavel/Documentos/DEPLOY-PROJECTS/first-airflow/venv/lib/python3.9/site-packages/airflow/example_dags/example_skip_dag.py for tasks to queue
[2022-01-04 23:35:53,444] {logging_mixin.py:109} INFO - [2022-01-04 23:35:53,444] {dagbag.py:500} INFO - Filling up the DagBag from /home/rhavel/Documentos/DEPLOY-PROJECTS/first-airflow/venv/lib/python3.9/site-packages/airflow/example_dags/example_skip_dag.py
[2022-01-04 23:35:53,483] {processor.py:654} INFO - DAG(s) dict_keys(['example_skip_dag']) retrieved from /home/rhavel/Documentos/DEPLOY-PROJECTS/first-airflow/venv/lib/python3.9/site-packages/airflow/example_dags/example_skip_dag.py
[2022-01-04 23:35:53,502] {logging_mixin.py:109} INFO - [2022-01-04 23:35:53,502] {dag.py:2396} INFO - Sync 1 DAGs
[2022-01-04 23:35:53,523] {logging_mixin.py:109} INFO - [2022-01-04 23:35:53,523] {dag.py:2935} INFO - Setting next_dagrun for example_skip_dag to 2022-01-04T02:35:53.523029+00:00
[2022-01-04 23:35:53,632] {processor.py:171} INFO - Processing /home/rhavel/Documentos/DEPLOY-PROJECTS/first-airflow/venv/lib/python3.9/site-packages/airflow/example_dags/example_skip_dag.py took 0.216 seconds
[2022-01-04 23:36:36,683] {processor.py:163} INFO - Started process (PID=11412) to work on /home/rhavel/Documentos/DEPLOY-PROJECTS/first-airflow/venv/lib/python3.9/site-packages/airflow/example_dags/example_skip_dag.py
[2022-01-04 23:36:36,724] {processor.py:642} INFO - Processing file /home/rhavel/Documentos/DEPLOY-PROJECTS/first-airflow/venv/lib/python3.9/site-packages/airflow/example_dags/example_skip_dag.py for tasks to queue
[2022-01-04 23:36:36,726] {logging_mixin.py:109} INFO - [2022-01-04 23:36:36,726] {dagbag.py:500} INFO - Filling up the DagBag from /home/rhavel/Documentos/DEPLOY-PROJECTS/first-airflow/venv/lib/python3.9/site-packages/airflow/example_dags/example_skip_dag.py
[2022-01-04 23:36:36,753] {processor.py:654} INFO - DAG(s) dict_keys(['example_skip_dag']) retrieved from /home/rhavel/Documentos/DEPLOY-PROJECTS/first-airflow/venv/lib/python3.9/site-packages/airflow/example_dags/example_skip_dag.py
[2022-01-04 23:36:36,767] {logging_mixin.py:109} INFO - [2022-01-04 23:36:36,767] {dag.py:2396} INFO - Sync 1 DAGs
[2022-01-04 23:36:36,784] {logging_mixin.py:109} INFO - [2022-01-04 23:36:36,784] {dag.py:2935} INFO - Setting next_dagrun for example_skip_dag to 2022-01-04T02:36:36.784100+00:00
[2022-01-04 23:36:36,877] {processor.py:171} INFO - Processing /home/rhavel/Documentos/DEPLOY-PROJECTS/first-airflow/venv/lib/python3.9/site-packages/airflow/example_dags/example_skip_dag.py took 0.199 seconds
[2022-01-04 23:37:17,800] {processor.py:163} INFO - Started process (PID=11446) to work on /home/rhavel/Documentos/DEPLOY-PROJECTS/first-airflow/venv/lib/python3.9/site-packages/airflow/example_dags/example_skip_dag.py
[2022-01-04 23:37:17,802] {processor.py:642} INFO - Processing file /home/rhavel/Documentos/DEPLOY-PROJECTS/first-airflow/venv/lib/python3.9/site-packages/airflow/example_dags/example_skip_dag.py for tasks to queue
[2022-01-04 23:37:17,803] {logging_mixin.py:109} INFO - [2022-01-04 23:37:17,803] {dagbag.py:500} INFO - Filling up the DagBag from /home/rhavel/Documentos/DEPLOY-PROJECTS/first-airflow/venv/lib/python3.9/site-packages/airflow/example_dags/example_skip_dag.py
[2022-01-04 23:37:17,828] {processor.py:654} INFO - DAG(s) dict_keys(['example_skip_dag']) retrieved from /home/rhavel/Documentos/DEPLOY-PROJECTS/first-airflow/venv/lib/python3.9/site-packages/airflow/example_dags/example_skip_dag.py
[2022-01-04 23:37:17,842] {logging_mixin.py:109} INFO - [2022-01-04 23:37:17,842] {dag.py:2396} INFO - Sync 1 DAGs
[2022-01-04 23:37:17,860] {logging_mixin.py:109} INFO - [2022-01-04 23:37:17,860] {dag.py:2935} INFO - Setting next_dagrun for example_skip_dag to 2022-01-04T02:37:17.859657+00:00
[2022-01-04 23:37:17,955] {processor.py:171} INFO - Processing /home/rhavel/Documentos/DEPLOY-PROJECTS/first-airflow/venv/lib/python3.9/site-packages/airflow/example_dags/example_skip_dag.py took 0.158 seconds
