[2022-01-04 23:33:51,093] {processor.py:163} INFO - Started process (PID=11162) to work on /home/rhavel/Documentos/DEPLOY-PROJECTS/first-airflow/venv/lib/python3.9/site-packages/airflow/example_dags/example_latest_only_with_trigger.py
[2022-01-04 23:33:51,095] {processor.py:642} INFO - Processing file /home/rhavel/Documentos/DEPLOY-PROJECTS/first-airflow/venv/lib/python3.9/site-packages/airflow/example_dags/example_latest_only_with_trigger.py for tasks to queue
[2022-01-04 23:33:51,097] {logging_mixin.py:109} INFO - [2022-01-04 23:33:51,096] {dagbag.py:500} INFO - Filling up the DagBag from /home/rhavel/Documentos/DEPLOY-PROJECTS/first-airflow/venv/lib/python3.9/site-packages/airflow/example_dags/example_latest_only_with_trigger.py
[2022-01-04 23:33:51,158] {processor.py:654} INFO - DAG(s) dict_keys(['latest_only_with_trigger']) retrieved from /home/rhavel/Documentos/DEPLOY-PROJECTS/first-airflow/venv/lib/python3.9/site-packages/airflow/example_dags/example_latest_only_with_trigger.py
[2022-01-04 23:33:51,178] {logging_mixin.py:109} INFO - [2022-01-04 23:33:51,178] {dag.py:2396} INFO - Sync 1 DAGs
[2022-01-04 23:33:51,204] {logging_mixin.py:109} INFO - [2022-01-04 23:33:51,204] {dag.py:2935} INFO - Setting next_dagrun for latest_only_with_trigger to 2022-01-04T22:33:51.203620+00:00
[2022-01-04 23:33:51,329] {processor.py:171} INFO - Processing /home/rhavel/Documentos/DEPLOY-PROJECTS/first-airflow/venv/lib/python3.9/site-packages/airflow/example_dags/example_latest_only_with_trigger.py took 0.240 seconds
[2022-01-04 23:34:36,970] {processor.py:163} INFO - Started process (PID=11280) to work on /home/rhavel/Documentos/DEPLOY-PROJECTS/first-airflow/venv/lib/python3.9/site-packages/airflow/example_dags/example_latest_only_with_trigger.py
[2022-01-04 23:34:37,001] {processor.py:642} INFO - Processing file /home/rhavel/Documentos/DEPLOY-PROJECTS/first-airflow/venv/lib/python3.9/site-packages/airflow/example_dags/example_latest_only_with_trigger.py for tasks to queue
[2022-01-04 23:34:37,002] {logging_mixin.py:109} INFO - [2022-01-04 23:34:37,001] {dagbag.py:500} INFO - Filling up the DagBag from /home/rhavel/Documentos/DEPLOY-PROJECTS/first-airflow/venv/lib/python3.9/site-packages/airflow/example_dags/example_latest_only_with_trigger.py
[2022-01-04 23:34:37,111] {processor.py:654} INFO - DAG(s) dict_keys(['latest_only_with_trigger']) retrieved from /home/rhavel/Documentos/DEPLOY-PROJECTS/first-airflow/venv/lib/python3.9/site-packages/airflow/example_dags/example_latest_only_with_trigger.py
[2022-01-04 23:34:37,127] {logging_mixin.py:109} INFO - [2022-01-04 23:34:37,127] {dag.py:2396} INFO - Sync 1 DAGs
[2022-01-04 23:34:37,148] {logging_mixin.py:109} INFO - [2022-01-04 23:34:37,147] {dag.py:2935} INFO - Setting next_dagrun for latest_only_with_trigger to 2022-01-04T22:34:37.147387+00:00
[2022-01-04 23:34:37,391] {processor.py:171} INFO - Processing /home/rhavel/Documentos/DEPLOY-PROJECTS/first-airflow/venv/lib/python3.9/site-packages/airflow/example_dags/example_latest_only_with_trigger.py took 0.427 seconds
[2022-01-04 23:35:25,360] {processor.py:163} INFO - Started process (PID=11345) to work on /home/rhavel/Documentos/DEPLOY-PROJECTS/first-airflow/venv/lib/python3.9/site-packages/airflow/example_dags/example_latest_only_with_trigger.py
[2022-01-04 23:35:25,384] {processor.py:642} INFO - Processing file /home/rhavel/Documentos/DEPLOY-PROJECTS/first-airflow/venv/lib/python3.9/site-packages/airflow/example_dags/example_latest_only_with_trigger.py for tasks to queue
[2022-01-04 23:35:25,386] {logging_mixin.py:109} INFO - [2022-01-04 23:35:25,385] {dagbag.py:500} INFO - Filling up the DagBag from /home/rhavel/Documentos/DEPLOY-PROJECTS/first-airflow/venv/lib/python3.9/site-packages/airflow/example_dags/example_latest_only_with_trigger.py
[2022-01-04 23:35:25,438] {processor.py:654} INFO - DAG(s) dict_keys(['latest_only_with_trigger']) retrieved from /home/rhavel/Documentos/DEPLOY-PROJECTS/first-airflow/venv/lib/python3.9/site-packages/airflow/example_dags/example_latest_only_with_trigger.py
[2022-01-04 23:35:25,454] {logging_mixin.py:109} INFO - [2022-01-04 23:35:25,454] {dag.py:2396} INFO - Sync 1 DAGs
[2022-01-04 23:35:25,472] {logging_mixin.py:109} INFO - [2022-01-04 23:35:25,471] {dag.py:2935} INFO - Setting next_dagrun for latest_only_with_trigger to 2022-01-04T22:35:25.471515+00:00
[2022-01-04 23:35:25,593] {processor.py:171} INFO - Processing /home/rhavel/Documentos/DEPLOY-PROJECTS/first-airflow/venv/lib/python3.9/site-packages/airflow/example_dags/example_latest_only_with_trigger.py took 0.238 seconds
[2022-01-04 23:36:11,324] {processor.py:163} INFO - Started process (PID=11383) to work on /home/rhavel/Documentos/DEPLOY-PROJECTS/first-airflow/venv/lib/python3.9/site-packages/airflow/example_dags/example_latest_only_with_trigger.py
[2022-01-04 23:36:11,344] {processor.py:642} INFO - Processing file /home/rhavel/Documentos/DEPLOY-PROJECTS/first-airflow/venv/lib/python3.9/site-packages/airflow/example_dags/example_latest_only_with_trigger.py for tasks to queue
[2022-01-04 23:36:11,345] {logging_mixin.py:109} INFO - [2022-01-04 23:36:11,345] {dagbag.py:500} INFO - Filling up the DagBag from /home/rhavel/Documentos/DEPLOY-PROJECTS/first-airflow/venv/lib/python3.9/site-packages/airflow/example_dags/example_latest_only_with_trigger.py
[2022-01-04 23:36:11,386] {processor.py:654} INFO - DAG(s) dict_keys(['latest_only_with_trigger']) retrieved from /home/rhavel/Documentos/DEPLOY-PROJECTS/first-airflow/venv/lib/python3.9/site-packages/airflow/example_dags/example_latest_only_with_trigger.py
[2022-01-04 23:36:11,404] {logging_mixin.py:109} INFO - [2022-01-04 23:36:11,404] {dag.py:2396} INFO - Sync 1 DAGs
[2022-01-04 23:36:11,434] {logging_mixin.py:109} INFO - [2022-01-04 23:36:11,434] {dag.py:2935} INFO - Setting next_dagrun for latest_only_with_trigger to 2022-01-04T22:36:11.433582+00:00
[2022-01-04 23:36:11,541] {processor.py:171} INFO - Processing /home/rhavel/Documentos/DEPLOY-PROJECTS/first-airflow/venv/lib/python3.9/site-packages/airflow/example_dags/example_latest_only_with_trigger.py took 0.221 seconds
[2022-01-04 23:36:58,118] {processor.py:163} INFO - Started process (PID=11430) to work on /home/rhavel/Documentos/DEPLOY-PROJECTS/first-airflow/venv/lib/python3.9/site-packages/airflow/example_dags/example_latest_only_with_trigger.py
[2022-01-04 23:36:58,120] {processor.py:642} INFO - Processing file /home/rhavel/Documentos/DEPLOY-PROJECTS/first-airflow/venv/lib/python3.9/site-packages/airflow/example_dags/example_latest_only_with_trigger.py for tasks to queue
[2022-01-04 23:36:58,121] {logging_mixin.py:109} INFO - [2022-01-04 23:36:58,121] {dagbag.py:500} INFO - Filling up the DagBag from /home/rhavel/Documentos/DEPLOY-PROJECTS/first-airflow/venv/lib/python3.9/site-packages/airflow/example_dags/example_latest_only_with_trigger.py
[2022-01-04 23:36:58,147] {processor.py:654} INFO - DAG(s) dict_keys(['latest_only_with_trigger']) retrieved from /home/rhavel/Documentos/DEPLOY-PROJECTS/first-airflow/venv/lib/python3.9/site-packages/airflow/example_dags/example_latest_only_with_trigger.py
[2022-01-04 23:36:58,159] {logging_mixin.py:109} INFO - [2022-01-04 23:36:58,158] {dag.py:2396} INFO - Sync 1 DAGs
[2022-01-04 23:36:58,176] {logging_mixin.py:109} INFO - [2022-01-04 23:36:58,175] {dag.py:2935} INFO - Setting next_dagrun for latest_only_with_trigger to 2022-01-04T22:36:58.175601+00:00
[2022-01-04 23:36:58,847] {processor.py:171} INFO - Processing /home/rhavel/Documentos/DEPLOY-PROJECTS/first-airflow/venv/lib/python3.9/site-packages/airflow/example_dags/example_latest_only_with_trigger.py took 0.733 seconds
