[2022-01-04 23:33:29,194] {processor.py:163} INFO - Started process (PID=11143) to work on /home/rhavel/Documentos/DEPLOY-PROJECTS/first-airflow/venv/lib/python3.9/site-packages/airflow/example_dags/example_python_operator.py
[2022-01-04 23:33:29,196] {processor.py:642} INFO - Processing file /home/rhavel/Documentos/DEPLOY-PROJECTS/first-airflow/venv/lib/python3.9/site-packages/airflow/example_dags/example_python_operator.py for tasks to queue
[2022-01-04 23:33:29,197] {logging_mixin.py:109} INFO - [2022-01-04 23:33:29,197] {dagbag.py:500} INFO - Filling up the DagBag from /home/rhavel/Documentos/DEPLOY-PROJECTS/first-airflow/venv/lib/python3.9/site-packages/airflow/example_dags/example_python_operator.py
[2022-01-04 23:33:29,245] {processor.py:654} INFO - DAG(s) dict_keys(['example_python_operator']) retrieved from /home/rhavel/Documentos/DEPLOY-PROJECTS/first-airflow/venv/lib/python3.9/site-packages/airflow/example_dags/example_python_operator.py
[2022-01-04 23:33:29,262] {logging_mixin.py:109} INFO - [2022-01-04 23:33:29,262] {dag.py:2396} INFO - Sync 1 DAGs
[2022-01-04 23:33:29,287] {logging_mixin.py:109} INFO - [2022-01-04 23:33:29,286] {dag.py:2935} INFO - Setting next_dagrun for example_python_operator to None
[2022-01-04 23:33:29,715] {processor.py:171} INFO - Processing /home/rhavel/Documentos/DEPLOY-PROJECTS/first-airflow/venv/lib/python3.9/site-packages/airflow/example_dags/example_python_operator.py took 0.526 seconds
[2022-01-04 23:34:18,982] {processor.py:163} INFO - Started process (PID=11199) to work on /home/rhavel/Documentos/DEPLOY-PROJECTS/first-airflow/venv/lib/python3.9/site-packages/airflow/example_dags/example_python_operator.py
[2022-01-04 23:34:19,000] {processor.py:642} INFO - Processing file /home/rhavel/Documentos/DEPLOY-PROJECTS/first-airflow/venv/lib/python3.9/site-packages/airflow/example_dags/example_python_operator.py for tasks to queue
[2022-01-04 23:34:19,000] {logging_mixin.py:109} INFO - [2022-01-04 23:34:19,000] {dagbag.py:500} INFO - Filling up the DagBag from /home/rhavel/Documentos/DEPLOY-PROJECTS/first-airflow/venv/lib/python3.9/site-packages/airflow/example_dags/example_python_operator.py
[2022-01-04 23:34:19,053] {processor.py:654} INFO - DAG(s) dict_keys(['example_python_operator']) retrieved from /home/rhavel/Documentos/DEPLOY-PROJECTS/first-airflow/venv/lib/python3.9/site-packages/airflow/example_dags/example_python_operator.py
[2022-01-04 23:34:19,065] {logging_mixin.py:109} INFO - [2022-01-04 23:34:19,065] {dag.py:2396} INFO - Sync 1 DAGs
[2022-01-04 23:34:19,082] {logging_mixin.py:109} INFO - [2022-01-04 23:34:19,082] {dag.py:2935} INFO - Setting next_dagrun for example_python_operator to None
[2022-01-04 23:34:19,167] {processor.py:171} INFO - Processing /home/rhavel/Documentos/DEPLOY-PROJECTS/first-airflow/venv/lib/python3.9/site-packages/airflow/example_dags/example_python_operator.py took 0.192 seconds
[2022-01-04 23:35:03,548] {processor.py:163} INFO - Started process (PID=11326) to work on /home/rhavel/Documentos/DEPLOY-PROJECTS/first-airflow/venv/lib/python3.9/site-packages/airflow/example_dags/example_python_operator.py
[2022-01-04 23:35:03,561] {processor.py:642} INFO - Processing file /home/rhavel/Documentos/DEPLOY-PROJECTS/first-airflow/venv/lib/python3.9/site-packages/airflow/example_dags/example_python_operator.py for tasks to queue
[2022-01-04 23:35:03,562] {logging_mixin.py:109} INFO - [2022-01-04 23:35:03,562] {dagbag.py:500} INFO - Filling up the DagBag from /home/rhavel/Documentos/DEPLOY-PROJECTS/first-airflow/venv/lib/python3.9/site-packages/airflow/example_dags/example_python_operator.py
[2022-01-04 23:35:03,696] {processor.py:654} INFO - DAG(s) dict_keys(['example_python_operator']) retrieved from /home/rhavel/Documentos/DEPLOY-PROJECTS/first-airflow/venv/lib/python3.9/site-packages/airflow/example_dags/example_python_operator.py
[2022-01-04 23:35:03,718] {logging_mixin.py:109} INFO - [2022-01-04 23:35:03,717] {dag.py:2396} INFO - Sync 1 DAGs
[2022-01-04 23:35:03,745] {logging_mixin.py:109} INFO - [2022-01-04 23:35:03,745] {dag.py:2935} INFO - Setting next_dagrun for example_python_operator to None
[2022-01-04 23:35:04,211] {processor.py:171} INFO - Processing /home/rhavel/Documentos/DEPLOY-PROJECTS/first-airflow/venv/lib/python3.9/site-packages/airflow/example_dags/example_python_operator.py took 0.668 seconds
[2022-01-04 23:35:50,985] {processor.py:163} INFO - Started process (PID=11365) to work on /home/rhavel/Documentos/DEPLOY-PROJECTS/first-airflow/venv/lib/python3.9/site-packages/airflow/example_dags/example_python_operator.py
[2022-01-04 23:35:50,986] {processor.py:642} INFO - Processing file /home/rhavel/Documentos/DEPLOY-PROJECTS/first-airflow/venv/lib/python3.9/site-packages/airflow/example_dags/example_python_operator.py for tasks to queue
[2022-01-04 23:35:50,988] {logging_mixin.py:109} INFO - [2022-01-04 23:35:50,987] {dagbag.py:500} INFO - Filling up the DagBag from /home/rhavel/Documentos/DEPLOY-PROJECTS/first-airflow/venv/lib/python3.9/site-packages/airflow/example_dags/example_python_operator.py
[2022-01-04 23:35:51,034] {processor.py:654} INFO - DAG(s) dict_keys(['example_python_operator']) retrieved from /home/rhavel/Documentos/DEPLOY-PROJECTS/first-airflow/venv/lib/python3.9/site-packages/airflow/example_dags/example_python_operator.py
[2022-01-04 23:35:51,052] {logging_mixin.py:109} INFO - [2022-01-04 23:35:51,052] {dag.py:2396} INFO - Sync 1 DAGs
[2022-01-04 23:35:51,078] {logging_mixin.py:109} INFO - [2022-01-04 23:35:51,078] {dag.py:2935} INFO - Setting next_dagrun for example_python_operator to None
[2022-01-04 23:35:51,164] {processor.py:171} INFO - Processing /home/rhavel/Documentos/DEPLOY-PROJECTS/first-airflow/venv/lib/python3.9/site-packages/airflow/example_dags/example_python_operator.py took 0.185 seconds
[2022-01-04 23:36:34,054] {processor.py:163} INFO - Started process (PID=11410) to work on /home/rhavel/Documentos/DEPLOY-PROJECTS/first-airflow/venv/lib/python3.9/site-packages/airflow/example_dags/example_python_operator.py
[2022-01-04 23:36:34,101] {processor.py:642} INFO - Processing file /home/rhavel/Documentos/DEPLOY-PROJECTS/first-airflow/venv/lib/python3.9/site-packages/airflow/example_dags/example_python_operator.py for tasks to queue
[2022-01-04 23:36:34,101] {logging_mixin.py:109} INFO - [2022-01-04 23:36:34,101] {dagbag.py:500} INFO - Filling up the DagBag from /home/rhavel/Documentos/DEPLOY-PROJECTS/first-airflow/venv/lib/python3.9/site-packages/airflow/example_dags/example_python_operator.py
[2022-01-04 23:36:34,138] {processor.py:654} INFO - DAG(s) dict_keys(['example_python_operator']) retrieved from /home/rhavel/Documentos/DEPLOY-PROJECTS/first-airflow/venv/lib/python3.9/site-packages/airflow/example_dags/example_python_operator.py
[2022-01-04 23:36:34,154] {logging_mixin.py:109} INFO - [2022-01-04 23:36:34,154] {dag.py:2396} INFO - Sync 1 DAGs
[2022-01-04 23:36:34,178] {logging_mixin.py:109} INFO - [2022-01-04 23:36:34,177] {dag.py:2935} INFO - Setting next_dagrun for example_python_operator to None
[2022-01-04 23:36:34,276] {processor.py:171} INFO - Processing /home/rhavel/Documentos/DEPLOY-PROJECTS/first-airflow/venv/lib/python3.9/site-packages/airflow/example_dags/example_python_operator.py took 0.227 seconds
[2022-01-04 23:37:15,076] {processor.py:163} INFO - Started process (PID=11444) to work on /home/rhavel/Documentos/DEPLOY-PROJECTS/first-airflow/venv/lib/python3.9/site-packages/airflow/example_dags/example_python_operator.py
[2022-01-04 23:37:15,077] {processor.py:642} INFO - Processing file /home/rhavel/Documentos/DEPLOY-PROJECTS/first-airflow/venv/lib/python3.9/site-packages/airflow/example_dags/example_python_operator.py for tasks to queue
[2022-01-04 23:37:15,078] {logging_mixin.py:109} INFO - [2022-01-04 23:37:15,078] {dagbag.py:500} INFO - Filling up the DagBag from /home/rhavel/Documentos/DEPLOY-PROJECTS/first-airflow/venv/lib/python3.9/site-packages/airflow/example_dags/example_python_operator.py
[2022-01-04 23:37:15,113] {processor.py:654} INFO - DAG(s) dict_keys(['example_python_operator']) retrieved from /home/rhavel/Documentos/DEPLOY-PROJECTS/first-airflow/venv/lib/python3.9/site-packages/airflow/example_dags/example_python_operator.py
[2022-01-04 23:37:15,126] {logging_mixin.py:109} INFO - [2022-01-04 23:37:15,126] {dag.py:2396} INFO - Sync 1 DAGs
[2022-01-04 23:37:15,143] {logging_mixin.py:109} INFO - [2022-01-04 23:37:15,143] {dag.py:2935} INFO - Setting next_dagrun for example_python_operator to None
[2022-01-04 23:37:15,237] {processor.py:171} INFO - Processing /home/rhavel/Documentos/DEPLOY-PROJECTS/first-airflow/venv/lib/python3.9/site-packages/airflow/example_dags/example_python_operator.py took 0.164 seconds
