[2022-01-04 23:33:24,006] {processor.py:163} INFO - Started process (PID=11139) to work on /home/rhavel/Documentos/DEPLOY-PROJECTS/first-airflow/venv/lib/python3.9/site-packages/airflow/example_dags/example_time_delta_sensor_async.py
[2022-01-04 23:33:24,008] {processor.py:642} INFO - Processing file /home/rhavel/Documentos/DEPLOY-PROJECTS/first-airflow/venv/lib/python3.9/site-packages/airflow/example_dags/example_time_delta_sensor_async.py for tasks to queue
[2022-01-04 23:33:24,009] {logging_mixin.py:109} INFO - [2022-01-04 23:33:24,009] {dagbag.py:500} INFO - Filling up the DagBag from /home/rhavel/Documentos/DEPLOY-PROJECTS/first-airflow/venv/lib/python3.9/site-packages/airflow/example_dags/example_time_delta_sensor_async.py
[2022-01-04 23:33:24,209] {processor.py:654} INFO - DAG(s) dict_keys(['example_time_delta_sensor_async']) retrieved from /home/rhavel/Documentos/DEPLOY-PROJECTS/first-airflow/venv/lib/python3.9/site-packages/airflow/example_dags/example_time_delta_sensor_async.py
[2022-01-04 23:33:24,225] {logging_mixin.py:109} INFO - [2022-01-04 23:33:24,225] {dag.py:2396} INFO - Sync 1 DAGs
[2022-01-04 23:33:24,246] {logging_mixin.py:109} INFO - [2022-01-04 23:33:24,246] {dag.py:2935} INFO - Setting next_dagrun for example_time_delta_sensor_async to None
[2022-01-04 23:33:24,404] {processor.py:171} INFO - Processing /home/rhavel/Documentos/DEPLOY-PROJECTS/first-airflow/venv/lib/python3.9/site-packages/airflow/example_dags/example_time_delta_sensor_async.py took 0.402 seconds
[2022-01-04 23:34:13,237] {processor.py:163} INFO - Started process (PID=11193) to work on /home/rhavel/Documentos/DEPLOY-PROJECTS/first-airflow/venv/lib/python3.9/site-packages/airflow/example_dags/example_time_delta_sensor_async.py
[2022-01-04 23:34:13,365] {processor.py:642} INFO - Processing file /home/rhavel/Documentos/DEPLOY-PROJECTS/first-airflow/venv/lib/python3.9/site-packages/airflow/example_dags/example_time_delta_sensor_async.py for tasks to queue
[2022-01-04 23:34:13,366] {logging_mixin.py:109} INFO - [2022-01-04 23:34:13,366] {dagbag.py:500} INFO - Filling up the DagBag from /home/rhavel/Documentos/DEPLOY-PROJECTS/first-airflow/venv/lib/python3.9/site-packages/airflow/example_dags/example_time_delta_sensor_async.py
[2022-01-04 23:34:13,551] {processor.py:654} INFO - DAG(s) dict_keys(['example_time_delta_sensor_async']) retrieved from /home/rhavel/Documentos/DEPLOY-PROJECTS/first-airflow/venv/lib/python3.9/site-packages/airflow/example_dags/example_time_delta_sensor_async.py
[2022-01-04 23:34:13,576] {logging_mixin.py:109} INFO - [2022-01-04 23:34:13,576] {dag.py:2396} INFO - Sync 1 DAGs
[2022-01-04 23:34:13,608] {logging_mixin.py:109} INFO - [2022-01-04 23:34:13,608] {dag.py:2935} INFO - Setting next_dagrun for example_time_delta_sensor_async to None
[2022-01-04 23:34:13,709] {processor.py:171} INFO - Processing /home/rhavel/Documentos/DEPLOY-PROJECTS/first-airflow/venv/lib/python3.9/site-packages/airflow/example_dags/example_time_delta_sensor_async.py took 0.476 seconds
[2022-01-04 23:34:57,129] {processor.py:163} INFO - Started process (PID=11312) to work on /home/rhavel/Documentos/DEPLOY-PROJECTS/first-airflow/venv/lib/python3.9/site-packages/airflow/example_dags/example_time_delta_sensor_async.py
[2022-01-04 23:34:57,147] {processor.py:642} INFO - Processing file /home/rhavel/Documentos/DEPLOY-PROJECTS/first-airflow/venv/lib/python3.9/site-packages/airflow/example_dags/example_time_delta_sensor_async.py for tasks to queue
[2022-01-04 23:34:57,155] {logging_mixin.py:109} INFO - [2022-01-04 23:34:57,155] {dagbag.py:500} INFO - Filling up the DagBag from /home/rhavel/Documentos/DEPLOY-PROJECTS/first-airflow/venv/lib/python3.9/site-packages/airflow/example_dags/example_time_delta_sensor_async.py
[2022-01-04 23:34:57,284] {processor.py:654} INFO - DAG(s) dict_keys(['example_time_delta_sensor_async']) retrieved from /home/rhavel/Documentos/DEPLOY-PROJECTS/first-airflow/venv/lib/python3.9/site-packages/airflow/example_dags/example_time_delta_sensor_async.py
[2022-01-04 23:34:57,298] {logging_mixin.py:109} INFO - [2022-01-04 23:34:57,298] {dag.py:2396} INFO - Sync 1 DAGs
[2022-01-04 23:34:57,322] {logging_mixin.py:109} INFO - [2022-01-04 23:34:57,322] {dag.py:2935} INFO - Setting next_dagrun for example_time_delta_sensor_async to None
[2022-01-04 23:34:57,534] {processor.py:171} INFO - Processing /home/rhavel/Documentos/DEPLOY-PROJECTS/first-airflow/venv/lib/python3.9/site-packages/airflow/example_dags/example_time_delta_sensor_async.py took 0.411 seconds
[2022-01-04 23:35:44,997] {processor.py:163} INFO - Started process (PID=11361) to work on /home/rhavel/Documentos/DEPLOY-PROJECTS/first-airflow/venv/lib/python3.9/site-packages/airflow/example_dags/example_time_delta_sensor_async.py
[2022-01-04 23:35:45,021] {processor.py:642} INFO - Processing file /home/rhavel/Documentos/DEPLOY-PROJECTS/first-airflow/venv/lib/python3.9/site-packages/airflow/example_dags/example_time_delta_sensor_async.py for tasks to queue
[2022-01-04 23:35:45,022] {logging_mixin.py:109} INFO - [2022-01-04 23:35:45,022] {dagbag.py:500} INFO - Filling up the DagBag from /home/rhavel/Documentos/DEPLOY-PROJECTS/first-airflow/venv/lib/python3.9/site-packages/airflow/example_dags/example_time_delta_sensor_async.py
[2022-01-04 23:35:45,085] {processor.py:654} INFO - DAG(s) dict_keys(['example_time_delta_sensor_async']) retrieved from /home/rhavel/Documentos/DEPLOY-PROJECTS/first-airflow/venv/lib/python3.9/site-packages/airflow/example_dags/example_time_delta_sensor_async.py
[2022-01-04 23:35:45,102] {logging_mixin.py:109} INFO - [2022-01-04 23:35:45,102] {dag.py:2396} INFO - Sync 1 DAGs
[2022-01-04 23:35:45,121] {logging_mixin.py:109} INFO - [2022-01-04 23:35:45,121] {dag.py:2935} INFO - Setting next_dagrun for example_time_delta_sensor_async to None
[2022-01-04 23:35:45,204] {processor.py:171} INFO - Processing /home/rhavel/Documentos/DEPLOY-PROJECTS/first-airflow/venv/lib/python3.9/site-packages/airflow/example_dags/example_time_delta_sensor_async.py took 0.214 seconds
[2022-01-04 23:36:27,664] {processor.py:163} INFO - Started process (PID=11403) to work on /home/rhavel/Documentos/DEPLOY-PROJECTS/first-airflow/venv/lib/python3.9/site-packages/airflow/example_dags/example_time_delta_sensor_async.py
[2022-01-04 23:36:27,667] {processor.py:642} INFO - Processing file /home/rhavel/Documentos/DEPLOY-PROJECTS/first-airflow/venv/lib/python3.9/site-packages/airflow/example_dags/example_time_delta_sensor_async.py for tasks to queue
[2022-01-04 23:36:27,668] {logging_mixin.py:109} INFO - [2022-01-04 23:36:27,668] {dagbag.py:500} INFO - Filling up the DagBag from /home/rhavel/Documentos/DEPLOY-PROJECTS/first-airflow/venv/lib/python3.9/site-packages/airflow/example_dags/example_time_delta_sensor_async.py
[2022-01-04 23:36:28,029] {processor.py:654} INFO - DAG(s) dict_keys(['example_time_delta_sensor_async']) retrieved from /home/rhavel/Documentos/DEPLOY-PROJECTS/first-airflow/venv/lib/python3.9/site-packages/airflow/example_dags/example_time_delta_sensor_async.py
[2022-01-04 23:36:28,051] {logging_mixin.py:109} INFO - [2022-01-04 23:36:28,051] {dag.py:2396} INFO - Sync 1 DAGs
[2022-01-04 23:36:28,077] {logging_mixin.py:109} INFO - [2022-01-04 23:36:28,076] {dag.py:2935} INFO - Setting next_dagrun for example_time_delta_sensor_async to None
[2022-01-04 23:36:28,306] {processor.py:171} INFO - Processing /home/rhavel/Documentos/DEPLOY-PROJECTS/first-airflow/venv/lib/python3.9/site-packages/airflow/example_dags/example_time_delta_sensor_async.py took 0.648 seconds
[2022-01-04 23:37:09,590] {processor.py:163} INFO - Started process (PID=11440) to work on /home/rhavel/Documentos/DEPLOY-PROJECTS/first-airflow/venv/lib/python3.9/site-packages/airflow/example_dags/example_time_delta_sensor_async.py
[2022-01-04 23:37:09,683] {processor.py:642} INFO - Processing file /home/rhavel/Documentos/DEPLOY-PROJECTS/first-airflow/venv/lib/python3.9/site-packages/airflow/example_dags/example_time_delta_sensor_async.py for tasks to queue
[2022-01-04 23:37:09,684] {logging_mixin.py:109} INFO - [2022-01-04 23:37:09,684] {dagbag.py:500} INFO - Filling up the DagBag from /home/rhavel/Documentos/DEPLOY-PROJECTS/first-airflow/venv/lib/python3.9/site-packages/airflow/example_dags/example_time_delta_sensor_async.py
[2022-01-04 23:37:09,707] {processor.py:654} INFO - DAG(s) dict_keys(['example_time_delta_sensor_async']) retrieved from /home/rhavel/Documentos/DEPLOY-PROJECTS/first-airflow/venv/lib/python3.9/site-packages/airflow/example_dags/example_time_delta_sensor_async.py
[2022-01-04 23:37:09,718] {logging_mixin.py:109} INFO - [2022-01-04 23:37:09,717] {dag.py:2396} INFO - Sync 1 DAGs
[2022-01-04 23:37:09,733] {logging_mixin.py:109} INFO - [2022-01-04 23:37:09,733] {dag.py:2935} INFO - Setting next_dagrun for example_time_delta_sensor_async to None
[2022-01-04 23:37:09,820] {processor.py:171} INFO - Processing /home/rhavel/Documentos/DEPLOY-PROJECTS/first-airflow/venv/lib/python3.9/site-packages/airflow/example_dags/example_time_delta_sensor_async.py took 0.235 seconds
