[2022-01-04 23:33:49,711] {processor.py:163} INFO - Started process (PID=11161) to work on /home/rhavel/Documentos/DEPLOY-PROJECTS/first-airflow/venv/lib/python3.9/site-packages/airflow/example_dags/example_complex.py
[2022-01-04 23:33:49,712] {processor.py:642} INFO - Processing file /home/rhavel/Documentos/DEPLOY-PROJECTS/first-airflow/venv/lib/python3.9/site-packages/airflow/example_dags/example_complex.py for tasks to queue
[2022-01-04 23:33:49,714] {logging_mixin.py:109} INFO - [2022-01-04 23:33:49,713] {dagbag.py:500} INFO - Filling up the DagBag from /home/rhavel/Documentos/DEPLOY-PROJECTS/first-airflow/venv/lib/python3.9/site-packages/airflow/example_dags/example_complex.py
[2022-01-04 23:33:49,799] {processor.py:654} INFO - DAG(s) dict_keys(['example_complex']) retrieved from /home/rhavel/Documentos/DEPLOY-PROJECTS/first-airflow/venv/lib/python3.9/site-packages/airflow/example_dags/example_complex.py
[2022-01-04 23:33:49,826] {logging_mixin.py:109} INFO - [2022-01-04 23:33:49,826] {dag.py:2396} INFO - Sync 1 DAGs
[2022-01-04 23:33:49,852] {logging_mixin.py:109} INFO - [2022-01-04 23:33:49,852] {dag.py:2935} INFO - Setting next_dagrun for example_complex to None
[2022-01-04 23:33:49,951] {processor.py:171} INFO - Processing /home/rhavel/Documentos/DEPLOY-PROJECTS/first-airflow/venv/lib/python3.9/site-packages/airflow/example_dags/example_complex.py took 0.244 seconds
[2022-01-04 23:34:32,974] {processor.py:163} INFO - Started process (PID=11266) to work on /home/rhavel/Documentos/DEPLOY-PROJECTS/first-airflow/venv/lib/python3.9/site-packages/airflow/example_dags/example_complex.py
[2022-01-04 23:34:32,990] {processor.py:642} INFO - Processing file /home/rhavel/Documentos/DEPLOY-PROJECTS/first-airflow/venv/lib/python3.9/site-packages/airflow/example_dags/example_complex.py for tasks to queue
[2022-01-04 23:34:32,991] {logging_mixin.py:109} INFO - [2022-01-04 23:34:32,991] {dagbag.py:500} INFO - Filling up the DagBag from /home/rhavel/Documentos/DEPLOY-PROJECTS/first-airflow/venv/lib/python3.9/site-packages/airflow/example_dags/example_complex.py
[2022-01-04 23:34:33,054] {processor.py:654} INFO - DAG(s) dict_keys(['example_complex']) retrieved from /home/rhavel/Documentos/DEPLOY-PROJECTS/first-airflow/venv/lib/python3.9/site-packages/airflow/example_dags/example_complex.py
[2022-01-04 23:34:33,073] {logging_mixin.py:109} INFO - [2022-01-04 23:34:33,073] {dag.py:2396} INFO - Sync 1 DAGs
[2022-01-04 23:34:33,089] {logging_mixin.py:109} INFO - [2022-01-04 23:34:33,089] {dag.py:2935} INFO - Setting next_dagrun for example_complex to None
[2022-01-04 23:34:33,178] {processor.py:171} INFO - Processing /home/rhavel/Documentos/DEPLOY-PROJECTS/first-airflow/venv/lib/python3.9/site-packages/airflow/example_dags/example_complex.py took 0.211 seconds
[2022-01-04 23:35:20,003] {processor.py:163} INFO - Started process (PID=11339) to work on /home/rhavel/Documentos/DEPLOY-PROJECTS/first-airflow/venv/lib/python3.9/site-packages/airflow/example_dags/example_complex.py
[2022-01-04 23:35:20,005] {processor.py:642} INFO - Processing file /home/rhavel/Documentos/DEPLOY-PROJECTS/first-airflow/venv/lib/python3.9/site-packages/airflow/example_dags/example_complex.py for tasks to queue
[2022-01-04 23:35:20,006] {logging_mixin.py:109} INFO - [2022-01-04 23:35:20,005] {dagbag.py:500} INFO - Filling up the DagBag from /home/rhavel/Documentos/DEPLOY-PROJECTS/first-airflow/venv/lib/python3.9/site-packages/airflow/example_dags/example_complex.py
[2022-01-04 23:35:20,042] {processor.py:654} INFO - DAG(s) dict_keys(['example_complex']) retrieved from /home/rhavel/Documentos/DEPLOY-PROJECTS/first-airflow/venv/lib/python3.9/site-packages/airflow/example_dags/example_complex.py
[2022-01-04 23:35:20,062] {logging_mixin.py:109} INFO - [2022-01-04 23:35:20,062] {dag.py:2396} INFO - Sync 1 DAGs
[2022-01-04 23:35:20,078] {logging_mixin.py:109} INFO - [2022-01-04 23:35:20,078] {dag.py:2935} INFO - Setting next_dagrun for example_complex to None
[2022-01-04 23:35:20,170] {processor.py:171} INFO - Processing /home/rhavel/Documentos/DEPLOY-PROJECTS/first-airflow/venv/lib/python3.9/site-packages/airflow/example_dags/example_complex.py took 0.171 seconds
[2022-01-04 23:36:09,805] {processor.py:163} INFO - Started process (PID=11382) to work on /home/rhavel/Documentos/DEPLOY-PROJECTS/first-airflow/venv/lib/python3.9/site-packages/airflow/example_dags/example_complex.py
[2022-01-04 23:36:09,845] {processor.py:642} INFO - Processing file /home/rhavel/Documentos/DEPLOY-PROJECTS/first-airflow/venv/lib/python3.9/site-packages/airflow/example_dags/example_complex.py for tasks to queue
[2022-01-04 23:36:09,846] {logging_mixin.py:109} INFO - [2022-01-04 23:36:09,846] {dagbag.py:500} INFO - Filling up the DagBag from /home/rhavel/Documentos/DEPLOY-PROJECTS/first-airflow/venv/lib/python3.9/site-packages/airflow/example_dags/example_complex.py
[2022-01-04 23:36:09,893] {processor.py:654} INFO - DAG(s) dict_keys(['example_complex']) retrieved from /home/rhavel/Documentos/DEPLOY-PROJECTS/first-airflow/venv/lib/python3.9/site-packages/airflow/example_dags/example_complex.py
[2022-01-04 23:36:09,914] {logging_mixin.py:109} INFO - [2022-01-04 23:36:09,914] {dag.py:2396} INFO - Sync 1 DAGs
[2022-01-04 23:36:09,936] {logging_mixin.py:109} INFO - [2022-01-04 23:36:09,936] {dag.py:2935} INFO - Setting next_dagrun for example_complex to None
[2022-01-04 23:36:10,049] {processor.py:171} INFO - Processing /home/rhavel/Documentos/DEPLOY-PROJECTS/first-airflow/venv/lib/python3.9/site-packages/airflow/example_dags/example_complex.py took 0.250 seconds
[2022-01-04 23:36:56,853] {processor.py:163} INFO - Started process (PID=11429) to work on /home/rhavel/Documentos/DEPLOY-PROJECTS/first-airflow/venv/lib/python3.9/site-packages/airflow/example_dags/example_complex.py
[2022-01-04 23:36:56,855] {processor.py:642} INFO - Processing file /home/rhavel/Documentos/DEPLOY-PROJECTS/first-airflow/venv/lib/python3.9/site-packages/airflow/example_dags/example_complex.py for tasks to queue
[2022-01-04 23:36:56,856] {logging_mixin.py:109} INFO - [2022-01-04 23:36:56,856] {dagbag.py:500} INFO - Filling up the DagBag from /home/rhavel/Documentos/DEPLOY-PROJECTS/first-airflow/venv/lib/python3.9/site-packages/airflow/example_dags/example_complex.py
[2022-01-04 23:36:56,888] {processor.py:654} INFO - DAG(s) dict_keys(['example_complex']) retrieved from /home/rhavel/Documentos/DEPLOY-PROJECTS/first-airflow/venv/lib/python3.9/site-packages/airflow/example_dags/example_complex.py
[2022-01-04 23:36:56,906] {logging_mixin.py:109} INFO - [2022-01-04 23:36:56,906] {dag.py:2396} INFO - Sync 1 DAGs
[2022-01-04 23:36:56,923] {logging_mixin.py:109} INFO - [2022-01-04 23:36:56,923] {dag.py:2935} INFO - Setting next_dagrun for example_complex to None
[2022-01-04 23:36:57,008] {processor.py:171} INFO - Processing /home/rhavel/Documentos/DEPLOY-PROJECTS/first-airflow/venv/lib/python3.9/site-packages/airflow/example_dags/example_complex.py took 0.158 seconds
