[2022-01-04 23:33:40,956] {processor.py:163} INFO - Started process (PID=11154) to work on /home/rhavel/Documentos/DEPLOY-PROJECTS/first-airflow/venv/lib/python3.9/site-packages/airflow/example_dags/example_task_group.py
[2022-01-04 23:33:40,959] {processor.py:642} INFO - Processing file /home/rhavel/Documentos/DEPLOY-PROJECTS/first-airflow/venv/lib/python3.9/site-packages/airflow/example_dags/example_task_group.py for tasks to queue
[2022-01-04 23:33:40,969] {logging_mixin.py:109} INFO - [2022-01-04 23:33:40,968] {dagbag.py:500} INFO - Filling up the DagBag from /home/rhavel/Documentos/DEPLOY-PROJECTS/first-airflow/venv/lib/python3.9/site-packages/airflow/example_dags/example_task_group.py
[2022-01-04 23:33:41,075] {processor.py:654} INFO - DAG(s) dict_keys(['example_task_group']) retrieved from /home/rhavel/Documentos/DEPLOY-PROJECTS/first-airflow/venv/lib/python3.9/site-packages/airflow/example_dags/example_task_group.py
[2022-01-04 23:33:41,123] {logging_mixin.py:109} INFO - [2022-01-04 23:33:41,122] {dag.py:2396} INFO - Sync 1 DAGs
[2022-01-04 23:33:41,175] {logging_mixin.py:109} INFO - [2022-01-04 23:33:41,175] {dag.py:2935} INFO - Setting next_dagrun for example_task_group to 2022-01-04T02:33:41.174612+00:00
[2022-01-04 23:33:41,306] {processor.py:171} INFO - Processing /home/rhavel/Documentos/DEPLOY-PROJECTS/first-airflow/venv/lib/python3.9/site-packages/airflow/example_dags/example_task_group.py took 0.355 seconds
[2022-01-04 23:34:25,003] {processor.py:163} INFO - Started process (PID=11204) to work on /home/rhavel/Documentos/DEPLOY-PROJECTS/first-airflow/venv/lib/python3.9/site-packages/airflow/example_dags/example_task_group.py
[2022-01-04 23:34:25,022] {processor.py:642} INFO - Processing file /home/rhavel/Documentos/DEPLOY-PROJECTS/first-airflow/venv/lib/python3.9/site-packages/airflow/example_dags/example_task_group.py for tasks to queue
[2022-01-04 23:34:25,031] {logging_mixin.py:109} INFO - [2022-01-04 23:34:25,031] {dagbag.py:500} INFO - Filling up the DagBag from /home/rhavel/Documentos/DEPLOY-PROJECTS/first-airflow/venv/lib/python3.9/site-packages/airflow/example_dags/example_task_group.py
[2022-01-04 23:34:25,141] {processor.py:654} INFO - DAG(s) dict_keys(['example_task_group']) retrieved from /home/rhavel/Documentos/DEPLOY-PROJECTS/first-airflow/venv/lib/python3.9/site-packages/airflow/example_dags/example_task_group.py
[2022-01-04 23:34:25,158] {logging_mixin.py:109} INFO - [2022-01-04 23:34:25,158] {dag.py:2396} INFO - Sync 1 DAGs
[2022-01-04 23:34:25,182] {logging_mixin.py:109} INFO - [2022-01-04 23:34:25,182] {dag.py:2935} INFO - Setting next_dagrun for example_task_group to 2022-01-04T02:34:25.181651+00:00
[2022-01-04 23:34:25,302] {processor.py:171} INFO - Processing /home/rhavel/Documentos/DEPLOY-PROJECTS/first-airflow/venv/lib/python3.9/site-packages/airflow/example_dags/example_task_group.py took 0.307 seconds
[2022-01-04 23:35:12,212] {processor.py:163} INFO - Started process (PID=11333) to work on /home/rhavel/Documentos/DEPLOY-PROJECTS/first-airflow/venv/lib/python3.9/site-packages/airflow/example_dags/example_task_group.py
[2022-01-04 23:35:12,238] {processor.py:642} INFO - Processing file /home/rhavel/Documentos/DEPLOY-PROJECTS/first-airflow/venv/lib/python3.9/site-packages/airflow/example_dags/example_task_group.py for tasks to queue
[2022-01-04 23:35:12,240] {logging_mixin.py:109} INFO - [2022-01-04 23:35:12,240] {dagbag.py:500} INFO - Filling up the DagBag from /home/rhavel/Documentos/DEPLOY-PROJECTS/first-airflow/venv/lib/python3.9/site-packages/airflow/example_dags/example_task_group.py
[2022-01-04 23:35:12,288] {processor.py:654} INFO - DAG(s) dict_keys(['example_task_group']) retrieved from /home/rhavel/Documentos/DEPLOY-PROJECTS/first-airflow/venv/lib/python3.9/site-packages/airflow/example_dags/example_task_group.py
[2022-01-04 23:35:12,301] {logging_mixin.py:109} INFO - [2022-01-04 23:35:12,301] {dag.py:2396} INFO - Sync 1 DAGs
[2022-01-04 23:35:12,317] {logging_mixin.py:109} INFO - [2022-01-04 23:35:12,316] {dag.py:2935} INFO - Setting next_dagrun for example_task_group to 2022-01-04T02:35:12.316569+00:00
[2022-01-04 23:35:12,415] {processor.py:171} INFO - Processing /home/rhavel/Documentos/DEPLOY-PROJECTS/first-airflow/venv/lib/python3.9/site-packages/airflow/example_dags/example_task_group.py took 0.208 seconds
[2022-01-04 23:36:02,112] {processor.py:163} INFO - Started process (PID=11375) to work on /home/rhavel/Documentos/DEPLOY-PROJECTS/first-airflow/venv/lib/python3.9/site-packages/airflow/example_dags/example_task_group.py
[2022-01-04 23:36:02,121] {processor.py:642} INFO - Processing file /home/rhavel/Documentos/DEPLOY-PROJECTS/first-airflow/venv/lib/python3.9/site-packages/airflow/example_dags/example_task_group.py for tasks to queue
[2022-01-04 23:36:02,122] {logging_mixin.py:109} INFO - [2022-01-04 23:36:02,122] {dagbag.py:500} INFO - Filling up the DagBag from /home/rhavel/Documentos/DEPLOY-PROJECTS/first-airflow/venv/lib/python3.9/site-packages/airflow/example_dags/example_task_group.py
[2022-01-04 23:36:02,162] {processor.py:654} INFO - DAG(s) dict_keys(['example_task_group']) retrieved from /home/rhavel/Documentos/DEPLOY-PROJECTS/first-airflow/venv/lib/python3.9/site-packages/airflow/example_dags/example_task_group.py
[2022-01-04 23:36:02,183] {logging_mixin.py:109} INFO - [2022-01-04 23:36:02,182] {dag.py:2396} INFO - Sync 1 DAGs
[2022-01-04 23:36:02,210] {logging_mixin.py:109} INFO - [2022-01-04 23:36:02,210] {dag.py:2935} INFO - Setting next_dagrun for example_task_group to 2022-01-04T02:36:02.210050+00:00
[2022-01-04 23:36:02,314] {processor.py:171} INFO - Processing /home/rhavel/Documentos/DEPLOY-PROJECTS/first-airflow/venv/lib/python3.9/site-packages/airflow/example_dags/example_task_group.py took 0.206 seconds
[2022-01-04 23:36:45,385] {processor.py:163} INFO - Started process (PID=11418) to work on /home/rhavel/Documentos/DEPLOY-PROJECTS/first-airflow/venv/lib/python3.9/site-packages/airflow/example_dags/example_task_group.py
[2022-01-04 23:36:45,413] {processor.py:642} INFO - Processing file /home/rhavel/Documentos/DEPLOY-PROJECTS/first-airflow/venv/lib/python3.9/site-packages/airflow/example_dags/example_task_group.py for tasks to queue
[2022-01-04 23:36:45,414] {logging_mixin.py:109} INFO - [2022-01-04 23:36:45,413] {dagbag.py:500} INFO - Filling up the DagBag from /home/rhavel/Documentos/DEPLOY-PROJECTS/first-airflow/venv/lib/python3.9/site-packages/airflow/example_dags/example_task_group.py
[2022-01-04 23:36:45,442] {processor.py:654} INFO - DAG(s) dict_keys(['example_task_group']) retrieved from /home/rhavel/Documentos/DEPLOY-PROJECTS/first-airflow/venv/lib/python3.9/site-packages/airflow/example_dags/example_task_group.py
[2022-01-04 23:36:45,454] {logging_mixin.py:109} INFO - [2022-01-04 23:36:45,454] {dag.py:2396} INFO - Sync 1 DAGs
[2022-01-04 23:36:45,470] {logging_mixin.py:109} INFO - [2022-01-04 23:36:45,470] {dag.py:2935} INFO - Setting next_dagrun for example_task_group to 2022-01-04T02:36:45.470168+00:00
[2022-01-04 23:36:45,568] {processor.py:171} INFO - Processing /home/rhavel/Documentos/DEPLOY-PROJECTS/first-airflow/venv/lib/python3.9/site-packages/airflow/example_dags/example_task_group.py took 0.186 seconds
