[2022-01-04 23:33:46,625] {processor.py:163} INFO - Started process (PID=11159) to work on /home/rhavel/Documentos/DEPLOY-PROJECTS/first-airflow/venv/lib/python3.9/site-packages/airflow/example_dags/example_external_task_marker_dag.py
[2022-01-04 23:33:46,627] {processor.py:642} INFO - Processing file /home/rhavel/Documentos/DEPLOY-PROJECTS/first-airflow/venv/lib/python3.9/site-packages/airflow/example_dags/example_external_task_marker_dag.py for tasks to queue
[2022-01-04 23:33:46,638] {logging_mixin.py:109} INFO - [2022-01-04 23:33:46,637] {dagbag.py:500} INFO - Filling up the DagBag from /home/rhavel/Documentos/DEPLOY-PROJECTS/first-airflow/venv/lib/python3.9/site-packages/airflow/example_dags/example_external_task_marker_dag.py
[2022-01-04 23:33:46,785] {processor.py:654} INFO - DAG(s) dict_keys(['example_external_task_marker_parent', 'example_external_task_marker_child']) retrieved from /home/rhavel/Documentos/DEPLOY-PROJECTS/first-airflow/venv/lib/python3.9/site-packages/airflow/example_dags/example_external_task_marker_dag.py
[2022-01-04 23:33:46,850] {logging_mixin.py:109} INFO - [2022-01-04 23:33:46,850] {dag.py:2396} INFO - Sync 2 DAGs
[2022-01-04 23:33:46,906] {logging_mixin.py:109} INFO - [2022-01-04 23:33:46,906] {dag.py:2935} INFO - Setting next_dagrun for example_external_task_marker_child to None
[2022-01-04 23:33:46,907] {logging_mixin.py:109} INFO - [2022-01-04 23:33:46,907] {dag.py:2935} INFO - Setting next_dagrun for example_external_task_marker_parent to None
[2022-01-04 23:33:47,017] {processor.py:171} INFO - Processing /home/rhavel/Documentos/DEPLOY-PROJECTS/first-airflow/venv/lib/python3.9/site-packages/airflow/example_dags/example_external_task_marker_dag.py took 0.401 seconds
[2022-01-04 23:34:30,971] {processor.py:163} INFO - Started process (PID=11263) to work on /home/rhavel/Documentos/DEPLOY-PROJECTS/first-airflow/venv/lib/python3.9/site-packages/airflow/example_dags/example_external_task_marker_dag.py
[2022-01-04 23:34:30,989] {processor.py:642} INFO - Processing file /home/rhavel/Documentos/DEPLOY-PROJECTS/first-airflow/venv/lib/python3.9/site-packages/airflow/example_dags/example_external_task_marker_dag.py for tasks to queue
[2022-01-04 23:34:30,990] {logging_mixin.py:109} INFO - [2022-01-04 23:34:30,990] {dagbag.py:500} INFO - Filling up the DagBag from /home/rhavel/Documentos/DEPLOY-PROJECTS/first-airflow/venv/lib/python3.9/site-packages/airflow/example_dags/example_external_task_marker_dag.py
[2022-01-04 23:34:31,049] {processor.py:654} INFO - DAG(s) dict_keys(['example_external_task_marker_parent', 'example_external_task_marker_child']) retrieved from /home/rhavel/Documentos/DEPLOY-PROJECTS/first-airflow/venv/lib/python3.9/site-packages/airflow/example_dags/example_external_task_marker_dag.py
[2022-01-04 23:34:31,068] {logging_mixin.py:109} INFO - [2022-01-04 23:34:31,068] {dag.py:2396} INFO - Sync 2 DAGs
[2022-01-04 23:34:31,084] {logging_mixin.py:109} INFO - [2022-01-04 23:34:31,084] {dag.py:2935} INFO - Setting next_dagrun for example_external_task_marker_child to None
[2022-01-04 23:34:31,085] {logging_mixin.py:109} INFO - [2022-01-04 23:34:31,084] {dag.py:2935} INFO - Setting next_dagrun for example_external_task_marker_parent to None
[2022-01-04 23:34:31,186] {processor.py:171} INFO - Processing /home/rhavel/Documentos/DEPLOY-PROJECTS/first-airflow/venv/lib/python3.9/site-packages/airflow/example_dags/example_external_task_marker_dag.py took 0.219 seconds
[2022-01-04 23:35:17,379] {processor.py:163} INFO - Started process (PID=11337) to work on /home/rhavel/Documentos/DEPLOY-PROJECTS/first-airflow/venv/lib/python3.9/site-packages/airflow/example_dags/example_external_task_marker_dag.py
[2022-01-04 23:35:17,404] {processor.py:642} INFO - Processing file /home/rhavel/Documentos/DEPLOY-PROJECTS/first-airflow/venv/lib/python3.9/site-packages/airflow/example_dags/example_external_task_marker_dag.py for tasks to queue
[2022-01-04 23:35:17,405] {logging_mixin.py:109} INFO - [2022-01-04 23:35:17,405] {dagbag.py:500} INFO - Filling up the DagBag from /home/rhavel/Documentos/DEPLOY-PROJECTS/first-airflow/venv/lib/python3.9/site-packages/airflow/example_dags/example_external_task_marker_dag.py
[2022-01-04 23:35:17,457] {processor.py:654} INFO - DAG(s) dict_keys(['example_external_task_marker_parent', 'example_external_task_marker_child']) retrieved from /home/rhavel/Documentos/DEPLOY-PROJECTS/first-airflow/venv/lib/python3.9/site-packages/airflow/example_dags/example_external_task_marker_dag.py
[2022-01-04 23:35:17,473] {logging_mixin.py:109} INFO - [2022-01-04 23:35:17,472] {dag.py:2396} INFO - Sync 2 DAGs
[2022-01-04 23:35:17,491] {logging_mixin.py:109} INFO - [2022-01-04 23:35:17,491] {dag.py:2935} INFO - Setting next_dagrun for example_external_task_marker_child to None
[2022-01-04 23:35:17,492] {logging_mixin.py:109} INFO - [2022-01-04 23:35:17,492] {dag.py:2935} INFO - Setting next_dagrun for example_external_task_marker_parent to None
[2022-01-04 23:35:17,582] {processor.py:171} INFO - Processing /home/rhavel/Documentos/DEPLOY-PROJECTS/first-airflow/venv/lib/python3.9/site-packages/airflow/example_dags/example_external_task_marker_dag.py took 0.207 seconds
[2022-01-04 23:36:07,274] {processor.py:163} INFO - Started process (PID=11380) to work on /home/rhavel/Documentos/DEPLOY-PROJECTS/first-airflow/venv/lib/python3.9/site-packages/airflow/example_dags/example_external_task_marker_dag.py
[2022-01-04 23:36:07,275] {processor.py:642} INFO - Processing file /home/rhavel/Documentos/DEPLOY-PROJECTS/first-airflow/venv/lib/python3.9/site-packages/airflow/example_dags/example_external_task_marker_dag.py for tasks to queue
[2022-01-04 23:36:07,276] {logging_mixin.py:109} INFO - [2022-01-04 23:36:07,276] {dagbag.py:500} INFO - Filling up the DagBag from /home/rhavel/Documentos/DEPLOY-PROJECTS/first-airflow/venv/lib/python3.9/site-packages/airflow/example_dags/example_external_task_marker_dag.py
[2022-01-04 23:36:07,301] {processor.py:654} INFO - DAG(s) dict_keys(['example_external_task_marker_parent', 'example_external_task_marker_child']) retrieved from /home/rhavel/Documentos/DEPLOY-PROJECTS/first-airflow/venv/lib/python3.9/site-packages/airflow/example_dags/example_external_task_marker_dag.py
[2022-01-04 23:36:07,316] {logging_mixin.py:109} INFO - [2022-01-04 23:36:07,316] {dag.py:2396} INFO - Sync 2 DAGs
[2022-01-04 23:36:07,334] {logging_mixin.py:109} INFO - [2022-01-04 23:36:07,334] {dag.py:2935} INFO - Setting next_dagrun for example_external_task_marker_child to None
[2022-01-04 23:36:07,335] {logging_mixin.py:109} INFO - [2022-01-04 23:36:07,335] {dag.py:2935} INFO - Setting next_dagrun for example_external_task_marker_parent to None
[2022-01-04 23:36:07,450] {processor.py:171} INFO - Processing /home/rhavel/Documentos/DEPLOY-PROJECTS/first-airflow/venv/lib/python3.9/site-packages/airflow/example_dags/example_external_task_marker_dag.py took 0.182 seconds
[2022-01-04 23:36:50,575] {processor.py:163} INFO - Started process (PID=11424) to work on /home/rhavel/Documentos/DEPLOY-PROJECTS/first-airflow/venv/lib/python3.9/site-packages/airflow/example_dags/example_external_task_marker_dag.py
[2022-01-04 23:36:50,603] {processor.py:642} INFO - Processing file /home/rhavel/Documentos/DEPLOY-PROJECTS/first-airflow/venv/lib/python3.9/site-packages/airflow/example_dags/example_external_task_marker_dag.py for tasks to queue
[2022-01-04 23:36:50,605] {logging_mixin.py:109} INFO - [2022-01-04 23:36:50,605] {dagbag.py:500} INFO - Filling up the DagBag from /home/rhavel/Documentos/DEPLOY-PROJECTS/first-airflow/venv/lib/python3.9/site-packages/airflow/example_dags/example_external_task_marker_dag.py
[2022-01-04 23:36:50,642] {processor.py:654} INFO - DAG(s) dict_keys(['example_external_task_marker_parent', 'example_external_task_marker_child']) retrieved from /home/rhavel/Documentos/DEPLOY-PROJECTS/first-airflow/venv/lib/python3.9/site-packages/airflow/example_dags/example_external_task_marker_dag.py
[2022-01-04 23:36:50,661] {logging_mixin.py:109} INFO - [2022-01-04 23:36:50,661] {dag.py:2396} INFO - Sync 2 DAGs
[2022-01-04 23:36:50,683] {logging_mixin.py:109} INFO - [2022-01-04 23:36:50,682] {dag.py:2935} INFO - Setting next_dagrun for example_external_task_marker_child to None
[2022-01-04 23:36:50,684] {logging_mixin.py:109} INFO - [2022-01-04 23:36:50,683] {dag.py:2935} INFO - Setting next_dagrun for example_external_task_marker_parent to None
[2022-01-04 23:36:50,956] {processor.py:171} INFO - Processing /home/rhavel/Documentos/DEPLOY-PROJECTS/first-airflow/venv/lib/python3.9/site-packages/airflow/example_dags/example_external_task_marker_dag.py took 0.386 seconds
