[2022-01-04 23:33:26,471] {processor.py:163} INFO - Started process (PID=11141) to work on /home/rhavel/Documentos/DEPLOY-PROJECTS/first-airflow/venv/lib/python3.9/site-packages/airflow/example_dags/example_task_group_decorator.py
[2022-01-04 23:33:26,472] {processor.py:642} INFO - Processing file /home/rhavel/Documentos/DEPLOY-PROJECTS/first-airflow/venv/lib/python3.9/site-packages/airflow/example_dags/example_task_group_decorator.py for tasks to queue
[2022-01-04 23:33:26,473] {logging_mixin.py:109} INFO - [2022-01-04 23:33:26,473] {dagbag.py:500} INFO - Filling up the DagBag from /home/rhavel/Documentos/DEPLOY-PROJECTS/first-airflow/venv/lib/python3.9/site-packages/airflow/example_dags/example_task_group_decorator.py
[2022-01-04 23:33:26,557] {processor.py:654} INFO - DAG(s) dict_keys(['example_task_group_decorator']) retrieved from /home/rhavel/Documentos/DEPLOY-PROJECTS/first-airflow/venv/lib/python3.9/site-packages/airflow/example_dags/example_task_group_decorator.py
[2022-01-04 23:33:26,561] {logging_mixin.py:109} INFO - [2022-01-04 23:33:26,561] {dag.py:2396} INFO - Sync 1 DAGs
[2022-01-04 23:33:26,578] {logging_mixin.py:109} INFO - [2022-01-04 23:33:26,578] {dag.py:2935} INFO - Setting next_dagrun for example_task_group_decorator to 2022-01-04T02:33:26.577854+00:00
[2022-01-04 23:33:26,747] {processor.py:171} INFO - Processing /home/rhavel/Documentos/DEPLOY-PROJECTS/first-airflow/venv/lib/python3.9/site-packages/airflow/example_dags/example_task_group_decorator.py took 0.281 seconds
[2022-01-04 23:34:15,634] {processor.py:163} INFO - Started process (PID=11196) to work on /home/rhavel/Documentos/DEPLOY-PROJECTS/first-airflow/venv/lib/python3.9/site-packages/airflow/example_dags/example_task_group_decorator.py
[2022-01-04 23:34:15,665] {processor.py:642} INFO - Processing file /home/rhavel/Documentos/DEPLOY-PROJECTS/first-airflow/venv/lib/python3.9/site-packages/airflow/example_dags/example_task_group_decorator.py for tasks to queue
[2022-01-04 23:34:15,666] {logging_mixin.py:109} INFO - [2022-01-04 23:34:15,666] {dagbag.py:500} INFO - Filling up the DagBag from /home/rhavel/Documentos/DEPLOY-PROJECTS/first-airflow/venv/lib/python3.9/site-packages/airflow/example_dags/example_task_group_decorator.py
[2022-01-04 23:34:15,729] {processor.py:654} INFO - DAG(s) dict_keys(['example_task_group_decorator']) retrieved from /home/rhavel/Documentos/DEPLOY-PROJECTS/first-airflow/venv/lib/python3.9/site-packages/airflow/example_dags/example_task_group_decorator.py
[2022-01-04 23:34:16,052] {logging_mixin.py:109} INFO - [2022-01-04 23:34:16,052] {dag.py:2396} INFO - Sync 1 DAGs
[2022-01-04 23:34:16,069] {logging_mixin.py:109} INFO - [2022-01-04 23:34:16,069] {dag.py:2935} INFO - Setting next_dagrun for example_task_group_decorator to 2022-01-04T02:34:16.069058+00:00
[2022-01-04 23:34:16,185] {processor.py:171} INFO - Processing /home/rhavel/Documentos/DEPLOY-PROJECTS/first-airflow/venv/lib/python3.9/site-packages/airflow/example_dags/example_task_group_decorator.py took 0.556 seconds
[2022-01-04 23:34:59,875] {processor.py:163} INFO - Started process (PID=11320) to work on /home/rhavel/Documentos/DEPLOY-PROJECTS/first-airflow/venv/lib/python3.9/site-packages/airflow/example_dags/example_task_group_decorator.py
[2022-01-04 23:34:59,877] {processor.py:642} INFO - Processing file /home/rhavel/Documentos/DEPLOY-PROJECTS/first-airflow/venv/lib/python3.9/site-packages/airflow/example_dags/example_task_group_decorator.py for tasks to queue
[2022-01-04 23:34:59,878] {logging_mixin.py:109} INFO - [2022-01-04 23:34:59,877] {dagbag.py:500} INFO - Filling up the DagBag from /home/rhavel/Documentos/DEPLOY-PROJECTS/first-airflow/venv/lib/python3.9/site-packages/airflow/example_dags/example_task_group_decorator.py
[2022-01-04 23:34:59,924] {processor.py:654} INFO - DAG(s) dict_keys(['example_task_group_decorator']) retrieved from /home/rhavel/Documentos/DEPLOY-PROJECTS/first-airflow/venv/lib/python3.9/site-packages/airflow/example_dags/example_task_group_decorator.py
[2022-01-04 23:35:00,240] {logging_mixin.py:109} INFO - [2022-01-04 23:35:00,240] {dag.py:2396} INFO - Sync 1 DAGs
[2022-01-04 23:35:00,259] {logging_mixin.py:109} INFO - [2022-01-04 23:35:00,258] {dag.py:2935} INFO - Setting next_dagrun for example_task_group_decorator to 2022-01-04T02:35:00.258527+00:00
[2022-01-04 23:35:00,699] {processor.py:171} INFO - Processing /home/rhavel/Documentos/DEPLOY-PROJECTS/first-airflow/venv/lib/python3.9/site-packages/airflow/example_dags/example_task_group_decorator.py took 0.829 seconds
[2022-01-04 23:35:47,635] {processor.py:163} INFO - Started process (PID=11363) to work on /home/rhavel/Documentos/DEPLOY-PROJECTS/first-airflow/venv/lib/python3.9/site-packages/airflow/example_dags/example_task_group_decorator.py
[2022-01-04 23:35:47,676] {processor.py:642} INFO - Processing file /home/rhavel/Documentos/DEPLOY-PROJECTS/first-airflow/venv/lib/python3.9/site-packages/airflow/example_dags/example_task_group_decorator.py for tasks to queue
[2022-01-04 23:35:47,678] {logging_mixin.py:109} INFO - [2022-01-04 23:35:47,678] {dagbag.py:500} INFO - Filling up the DagBag from /home/rhavel/Documentos/DEPLOY-PROJECTS/first-airflow/venv/lib/python3.9/site-packages/airflow/example_dags/example_task_group_decorator.py
[2022-01-04 23:35:47,739] {processor.py:654} INFO - DAG(s) dict_keys(['example_task_group_decorator']) retrieved from /home/rhavel/Documentos/DEPLOY-PROJECTS/first-airflow/venv/lib/python3.9/site-packages/airflow/example_dags/example_task_group_decorator.py
[2022-01-04 23:35:48,053] {logging_mixin.py:109} INFO - [2022-01-04 23:35:48,053] {dag.py:2396} INFO - Sync 1 DAGs
[2022-01-04 23:35:48,068] {logging_mixin.py:109} INFO - [2022-01-04 23:35:48,068] {dag.py:2935} INFO - Setting next_dagrun for example_task_group_decorator to 2022-01-04T02:35:48.068038+00:00
[2022-01-04 23:35:48,170] {processor.py:171} INFO - Processing /home/rhavel/Documentos/DEPLOY-PROJECTS/first-airflow/venv/lib/python3.9/site-packages/airflow/example_dags/example_task_group_decorator.py took 0.541 seconds
[2022-01-04 23:36:30,754] {processor.py:163} INFO - Started process (PID=11407) to work on /home/rhavel/Documentos/DEPLOY-PROJECTS/first-airflow/venv/lib/python3.9/site-packages/airflow/example_dags/example_task_group_decorator.py
[2022-01-04 23:36:30,778] {processor.py:642} INFO - Processing file /home/rhavel/Documentos/DEPLOY-PROJECTS/first-airflow/venv/lib/python3.9/site-packages/airflow/example_dags/example_task_group_decorator.py for tasks to queue
[2022-01-04 23:36:30,779] {logging_mixin.py:109} INFO - [2022-01-04 23:36:30,778] {dagbag.py:500} INFO - Filling up the DagBag from /home/rhavel/Documentos/DEPLOY-PROJECTS/first-airflow/venv/lib/python3.9/site-packages/airflow/example_dags/example_task_group_decorator.py
[2022-01-04 23:36:30,850] {processor.py:654} INFO - DAG(s) dict_keys(['example_task_group_decorator']) retrieved from /home/rhavel/Documentos/DEPLOY-PROJECTS/first-airflow/venv/lib/python3.9/site-packages/airflow/example_dags/example_task_group_decorator.py
[2022-01-04 23:36:31,435] {logging_mixin.py:109} INFO - [2022-01-04 23:36:31,435] {dag.py:2396} INFO - Sync 1 DAGs
[2022-01-04 23:36:31,457] {logging_mixin.py:109} INFO - [2022-01-04 23:36:31,457] {dag.py:2935} INFO - Setting next_dagrun for example_task_group_decorator to 2022-01-04T02:36:31.456911+00:00
[2022-01-04 23:36:31,698] {processor.py:171} INFO - Processing /home/rhavel/Documentos/DEPLOY-PROJECTS/first-airflow/venv/lib/python3.9/site-packages/airflow/example_dags/example_task_group_decorator.py took 0.949 seconds
[2022-01-04 23:37:12,333] {processor.py:163} INFO - Started process (PID=11442) to work on /home/rhavel/Documentos/DEPLOY-PROJECTS/first-airflow/venv/lib/python3.9/site-packages/airflow/example_dags/example_task_group_decorator.py
[2022-01-04 23:37:12,335] {processor.py:642} INFO - Processing file /home/rhavel/Documentos/DEPLOY-PROJECTS/first-airflow/venv/lib/python3.9/site-packages/airflow/example_dags/example_task_group_decorator.py for tasks to queue
[2022-01-04 23:37:12,335] {logging_mixin.py:109} INFO - [2022-01-04 23:37:12,335] {dagbag.py:500} INFO - Filling up the DagBag from /home/rhavel/Documentos/DEPLOY-PROJECTS/first-airflow/venv/lib/python3.9/site-packages/airflow/example_dags/example_task_group_decorator.py
[2022-01-04 23:37:12,378] {processor.py:654} INFO - DAG(s) dict_keys(['example_task_group_decorator']) retrieved from /home/rhavel/Documentos/DEPLOY-PROJECTS/first-airflow/venv/lib/python3.9/site-packages/airflow/example_dags/example_task_group_decorator.py
[2022-01-04 23:37:12,676] {logging_mixin.py:109} INFO - [2022-01-04 23:37:12,676] {dag.py:2396} INFO - Sync 1 DAGs
[2022-01-04 23:37:12,690] {logging_mixin.py:109} INFO - [2022-01-04 23:37:12,690] {dag.py:2935} INFO - Setting next_dagrun for example_task_group_decorator to 2022-01-04T02:37:12.690485+00:00
[2022-01-04 23:37:12,787] {processor.py:171} INFO - Processing /home/rhavel/Documentos/DEPLOY-PROJECTS/first-airflow/venv/lib/python3.9/site-packages/airflow/example_dags/example_task_group_decorator.py took 0.460 seconds
