[2022-01-04 23:33:45,107] {processor.py:163} INFO - Started process (PID=11157) to work on /home/rhavel/Documentos/DEPLOY-PROJECTS/first-airflow/venv/lib/python3.9/site-packages/airflow/example_dags/example_branch_labels.py
[2022-01-04 23:33:45,118] {processor.py:642} INFO - Processing file /home/rhavel/Documentos/DEPLOY-PROJECTS/first-airflow/venv/lib/python3.9/site-packages/airflow/example_dags/example_branch_labels.py for tasks to queue
[2022-01-04 23:33:45,119] {logging_mixin.py:109} INFO - [2022-01-04 23:33:45,119] {dagbag.py:500} INFO - Filling up the DagBag from /home/rhavel/Documentos/DEPLOY-PROJECTS/first-airflow/venv/lib/python3.9/site-packages/airflow/example_dags/example_branch_labels.py
[2022-01-04 23:33:45,223] {processor.py:654} INFO - DAG(s) dict_keys(['example_branch_labels']) retrieved from /home/rhavel/Documentos/DEPLOY-PROJECTS/first-airflow/venv/lib/python3.9/site-packages/airflow/example_dags/example_branch_labels.py
[2022-01-04 23:33:45,255] {logging_mixin.py:109} INFO - [2022-01-04 23:33:45,254] {dag.py:2396} INFO - Sync 1 DAGs
[2022-01-04 23:33:45,344] {logging_mixin.py:109} INFO - [2022-01-04 23:33:45,343] {dag.py:2935} INFO - Setting next_dagrun for example_branch_labels to 2022-01-04 00:00:00+00:00
[2022-01-04 23:33:45,460] {processor.py:171} INFO - Processing /home/rhavel/Documentos/DEPLOY-PROJECTS/first-airflow/venv/lib/python3.9/site-packages/airflow/example_dags/example_branch_labels.py took 0.359 seconds
[2022-01-04 23:34:29,411] {processor.py:163} INFO - Started process (PID=11262) to work on /home/rhavel/Documentos/DEPLOY-PROJECTS/first-airflow/venv/lib/python3.9/site-packages/airflow/example_dags/example_branch_labels.py
[2022-01-04 23:34:29,434] {processor.py:642} INFO - Processing file /home/rhavel/Documentos/DEPLOY-PROJECTS/first-airflow/venv/lib/python3.9/site-packages/airflow/example_dags/example_branch_labels.py for tasks to queue
[2022-01-04 23:34:29,436] {logging_mixin.py:109} INFO - [2022-01-04 23:34:29,436] {dagbag.py:500} INFO - Filling up the DagBag from /home/rhavel/Documentos/DEPLOY-PROJECTS/first-airflow/venv/lib/python3.9/site-packages/airflow/example_dags/example_branch_labels.py
[2022-01-04 23:34:29,478] {processor.py:654} INFO - DAG(s) dict_keys(['example_branch_labels']) retrieved from /home/rhavel/Documentos/DEPLOY-PROJECTS/first-airflow/venv/lib/python3.9/site-packages/airflow/example_dags/example_branch_labels.py
[2022-01-04 23:34:29,496] {logging_mixin.py:109} INFO - [2022-01-04 23:34:29,496] {dag.py:2396} INFO - Sync 1 DAGs
[2022-01-04 23:34:29,523] {logging_mixin.py:109} INFO - [2022-01-04 23:34:29,523] {dag.py:2935} INFO - Setting next_dagrun for example_branch_labels to 2022-01-04 00:00:00+00:00
[2022-01-04 23:34:29,801] {processor.py:171} INFO - Processing /home/rhavel/Documentos/DEPLOY-PROJECTS/first-airflow/venv/lib/python3.9/site-packages/airflow/example_dags/example_branch_labels.py took 0.399 seconds
[2022-01-04 23:35:16,017] {processor.py:163} INFO - Started process (PID=11336) to work on /home/rhavel/Documentos/DEPLOY-PROJECTS/first-airflow/venv/lib/python3.9/site-packages/airflow/example_dags/example_branch_labels.py
[2022-01-04 23:35:16,026] {processor.py:642} INFO - Processing file /home/rhavel/Documentos/DEPLOY-PROJECTS/first-airflow/venv/lib/python3.9/site-packages/airflow/example_dags/example_branch_labels.py for tasks to queue
[2022-01-04 23:35:16,027] {logging_mixin.py:109} INFO - [2022-01-04 23:35:16,026] {dagbag.py:500} INFO - Filling up the DagBag from /home/rhavel/Documentos/DEPLOY-PROJECTS/first-airflow/venv/lib/python3.9/site-packages/airflow/example_dags/example_branch_labels.py
[2022-01-04 23:35:16,080] {processor.py:654} INFO - DAG(s) dict_keys(['example_branch_labels']) retrieved from /home/rhavel/Documentos/DEPLOY-PROJECTS/first-airflow/venv/lib/python3.9/site-packages/airflow/example_dags/example_branch_labels.py
[2022-01-04 23:35:16,093] {logging_mixin.py:109} INFO - [2022-01-04 23:35:16,093] {dag.py:2396} INFO - Sync 1 DAGs
[2022-01-04 23:35:16,118] {logging_mixin.py:109} INFO - [2022-01-04 23:35:16,118] {dag.py:2935} INFO - Setting next_dagrun for example_branch_labels to 2022-01-04 00:00:00+00:00
[2022-01-04 23:35:16,219] {processor.py:171} INFO - Processing /home/rhavel/Documentos/DEPLOY-PROJECTS/first-airflow/venv/lib/python3.9/site-packages/airflow/example_dags/example_branch_labels.py took 0.208 seconds
[2022-01-04 23:36:05,919] {processor.py:163} INFO - Started process (PID=11378) to work on /home/rhavel/Documentos/DEPLOY-PROJECTS/first-airflow/venv/lib/python3.9/site-packages/airflow/example_dags/example_branch_labels.py
[2022-01-04 23:36:05,932] {processor.py:642} INFO - Processing file /home/rhavel/Documentos/DEPLOY-PROJECTS/first-airflow/venv/lib/python3.9/site-packages/airflow/example_dags/example_branch_labels.py for tasks to queue
[2022-01-04 23:36:05,933] {logging_mixin.py:109} INFO - [2022-01-04 23:36:05,933] {dagbag.py:500} INFO - Filling up the DagBag from /home/rhavel/Documentos/DEPLOY-PROJECTS/first-airflow/venv/lib/python3.9/site-packages/airflow/example_dags/example_branch_labels.py
[2022-01-04 23:36:05,966] {processor.py:654} INFO - DAG(s) dict_keys(['example_branch_labels']) retrieved from /home/rhavel/Documentos/DEPLOY-PROJECTS/first-airflow/venv/lib/python3.9/site-packages/airflow/example_dags/example_branch_labels.py
[2022-01-04 23:36:05,981] {logging_mixin.py:109} INFO - [2022-01-04 23:36:05,981] {dag.py:2396} INFO - Sync 1 DAGs
[2022-01-04 23:36:06,010] {logging_mixin.py:109} INFO - [2022-01-04 23:36:06,010] {dag.py:2935} INFO - Setting next_dagrun for example_branch_labels to 2022-01-04 00:00:00+00:00
[2022-01-04 23:36:06,162] {processor.py:171} INFO - Processing /home/rhavel/Documentos/DEPLOY-PROJECTS/first-airflow/venv/lib/python3.9/site-packages/airflow/example_dags/example_branch_labels.py took 0.249 seconds
[2022-01-04 23:36:49,154] {processor.py:163} INFO - Started process (PID=11421) to work on /home/rhavel/Documentos/DEPLOY-PROJECTS/first-airflow/venv/lib/python3.9/site-packages/airflow/example_dags/example_branch_labels.py
[2022-01-04 23:36:49,169] {processor.py:642} INFO - Processing file /home/rhavel/Documentos/DEPLOY-PROJECTS/first-airflow/venv/lib/python3.9/site-packages/airflow/example_dags/example_branch_labels.py for tasks to queue
[2022-01-04 23:36:49,171] {logging_mixin.py:109} INFO - [2022-01-04 23:36:49,171] {dagbag.py:500} INFO - Filling up the DagBag from /home/rhavel/Documentos/DEPLOY-PROJECTS/first-airflow/venv/lib/python3.9/site-packages/airflow/example_dags/example_branch_labels.py
[2022-01-04 23:36:49,207] {processor.py:654} INFO - DAG(s) dict_keys(['example_branch_labels']) retrieved from /home/rhavel/Documentos/DEPLOY-PROJECTS/first-airflow/venv/lib/python3.9/site-packages/airflow/example_dags/example_branch_labels.py
[2022-01-04 23:36:49,228] {logging_mixin.py:109} INFO - [2022-01-04 23:36:49,228] {dag.py:2396} INFO - Sync 1 DAGs
[2022-01-04 23:36:49,256] {logging_mixin.py:109} INFO - [2022-01-04 23:36:49,256] {dag.py:2935} INFO - Setting next_dagrun for example_branch_labels to 2022-01-04 00:00:00+00:00
[2022-01-04 23:36:49,411] {processor.py:171} INFO - Processing /home/rhavel/Documentos/DEPLOY-PROJECTS/first-airflow/venv/lib/python3.9/site-packages/airflow/example_dags/example_branch_labels.py took 0.262 seconds
