[2022-01-04 23:33:37,080] {processor.py:163} INFO - Started process (PID=11152) to work on /home/rhavel/Documentos/DEPLOY-PROJECTS/first-airflow/venv/lib/python3.9/site-packages/airflow/example_dags/example_xcom.py
[2022-01-04 23:33:37,081] {processor.py:642} INFO - Processing file /home/rhavel/Documentos/DEPLOY-PROJECTS/first-airflow/venv/lib/python3.9/site-packages/airflow/example_dags/example_xcom.py for tasks to queue
[2022-01-04 23:33:37,082] {logging_mixin.py:109} INFO - [2022-01-04 23:33:37,082] {dagbag.py:500} INFO - Filling up the DagBag from /home/rhavel/Documentos/DEPLOY-PROJECTS/first-airflow/venv/lib/python3.9/site-packages/airflow/example_dags/example_xcom.py
[2022-01-04 23:33:37,380] {processor.py:654} INFO - DAG(s) dict_keys(['example_xcom']) retrieved from /home/rhavel/Documentos/DEPLOY-PROJECTS/first-airflow/venv/lib/python3.9/site-packages/airflow/example_dags/example_xcom.py
[2022-01-04 23:33:39,536] {logging_mixin.py:109} INFO - [2022-01-04 23:33:39,535] {dag.py:2396} INFO - Sync 1 DAGs
[2022-01-04 23:33:39,592] {logging_mixin.py:109} INFO - [2022-01-04 23:33:39,592] {dag.py:2935} INFO - Setting next_dagrun for example_xcom to 2021-01-01T00:00:00+00:00
[2022-01-04 23:33:39,712] {processor.py:171} INFO - Processing /home/rhavel/Documentos/DEPLOY-PROJECTS/first-airflow/venv/lib/python3.9/site-packages/airflow/example_dags/example_xcom.py took 2.636 seconds
[2022-01-04 23:34:23,340] {processor.py:163} INFO - Started process (PID=11203) to work on /home/rhavel/Documentos/DEPLOY-PROJECTS/first-airflow/venv/lib/python3.9/site-packages/airflow/example_dags/example_xcom.py
[2022-01-04 23:34:23,355] {processor.py:642} INFO - Processing file /home/rhavel/Documentos/DEPLOY-PROJECTS/first-airflow/venv/lib/python3.9/site-packages/airflow/example_dags/example_xcom.py for tasks to queue
[2022-01-04 23:34:23,355] {logging_mixin.py:109} INFO - [2022-01-04 23:34:23,355] {dagbag.py:500} INFO - Filling up the DagBag from /home/rhavel/Documentos/DEPLOY-PROJECTS/first-airflow/venv/lib/python3.9/site-packages/airflow/example_dags/example_xcom.py
[2022-01-04 23:34:23,392] {processor.py:654} INFO - DAG(s) dict_keys(['example_xcom']) retrieved from /home/rhavel/Documentos/DEPLOY-PROJECTS/first-airflow/venv/lib/python3.9/site-packages/airflow/example_dags/example_xcom.py
[2022-01-04 23:34:23,739] {logging_mixin.py:109} INFO - [2022-01-04 23:34:23,739] {dag.py:2396} INFO - Sync 1 DAGs
[2022-01-04 23:34:23,760] {logging_mixin.py:109} INFO - [2022-01-04 23:34:23,759] {dag.py:2935} INFO - Setting next_dagrun for example_xcom to 2021-01-01T00:00:00+00:00
[2022-01-04 23:34:23,870] {processor.py:171} INFO - Processing /home/rhavel/Documentos/DEPLOY-PROJECTS/first-airflow/venv/lib/python3.9/site-packages/airflow/example_dags/example_xcom.py took 0.534 seconds
[2022-01-04 23:35:10,548] {processor.py:163} INFO - Started process (PID=11332) to work on /home/rhavel/Documentos/DEPLOY-PROJECTS/first-airflow/venv/lib/python3.9/site-packages/airflow/example_dags/example_xcom.py
[2022-01-04 23:35:10,570] {processor.py:642} INFO - Processing file /home/rhavel/Documentos/DEPLOY-PROJECTS/first-airflow/venv/lib/python3.9/site-packages/airflow/example_dags/example_xcom.py for tasks to queue
[2022-01-04 23:35:10,571] {logging_mixin.py:109} INFO - [2022-01-04 23:35:10,571] {dagbag.py:500} INFO - Filling up the DagBag from /home/rhavel/Documentos/DEPLOY-PROJECTS/first-airflow/venv/lib/python3.9/site-packages/airflow/example_dags/example_xcom.py
[2022-01-04 23:35:10,612] {processor.py:654} INFO - DAG(s) dict_keys(['example_xcom']) retrieved from /home/rhavel/Documentos/DEPLOY-PROJECTS/first-airflow/venv/lib/python3.9/site-packages/airflow/example_dags/example_xcom.py
[2022-01-04 23:35:10,944] {logging_mixin.py:109} INFO - [2022-01-04 23:35:10,944] {dag.py:2396} INFO - Sync 1 DAGs
[2022-01-04 23:35:10,964] {logging_mixin.py:109} INFO - [2022-01-04 23:35:10,964] {dag.py:2935} INFO - Setting next_dagrun for example_xcom to 2021-01-01T00:00:00+00:00
[2022-01-04 23:35:11,066] {processor.py:171} INFO - Processing /home/rhavel/Documentos/DEPLOY-PROJECTS/first-airflow/venv/lib/python3.9/site-packages/airflow/example_dags/example_xcom.py took 0.524 seconds
[2022-01-04 23:36:00,448] {processor.py:163} INFO - Started process (PID=11374) to work on /home/rhavel/Documentos/DEPLOY-PROJECTS/first-airflow/venv/lib/python3.9/site-packages/airflow/example_dags/example_xcom.py
[2022-01-04 23:36:00,498] {processor.py:642} INFO - Processing file /home/rhavel/Documentos/DEPLOY-PROJECTS/first-airflow/venv/lib/python3.9/site-packages/airflow/example_dags/example_xcom.py for tasks to queue
[2022-01-04 23:36:00,499] {logging_mixin.py:109} INFO - [2022-01-04 23:36:00,499] {dagbag.py:500} INFO - Filling up the DagBag from /home/rhavel/Documentos/DEPLOY-PROJECTS/first-airflow/venv/lib/python3.9/site-packages/airflow/example_dags/example_xcom.py
[2022-01-04 23:36:00,533] {processor.py:654} INFO - DAG(s) dict_keys(['example_xcom']) retrieved from /home/rhavel/Documentos/DEPLOY-PROJECTS/first-airflow/venv/lib/python3.9/site-packages/airflow/example_dags/example_xcom.py
[2022-01-04 23:36:00,891] {logging_mixin.py:109} INFO - [2022-01-04 23:36:00,891] {dag.py:2396} INFO - Sync 1 DAGs
[2022-01-04 23:36:00,908] {logging_mixin.py:109} INFO - [2022-01-04 23:36:00,907] {dag.py:2935} INFO - Setting next_dagrun for example_xcom to 2021-01-01T00:00:00+00:00
[2022-01-04 23:36:01,017] {processor.py:171} INFO - Processing /home/rhavel/Documentos/DEPLOY-PROJECTS/first-airflow/venv/lib/python3.9/site-packages/airflow/example_dags/example_xcom.py took 0.576 seconds
[2022-01-04 23:36:43,619] {processor.py:163} INFO - Started process (PID=11417) to work on /home/rhavel/Documentos/DEPLOY-PROJECTS/first-airflow/venv/lib/python3.9/site-packages/airflow/example_dags/example_xcom.py
[2022-01-04 23:36:43,646] {processor.py:642} INFO - Processing file /home/rhavel/Documentos/DEPLOY-PROJECTS/first-airflow/venv/lib/python3.9/site-packages/airflow/example_dags/example_xcom.py for tasks to queue
[2022-01-04 23:36:43,646] {logging_mixin.py:109} INFO - [2022-01-04 23:36:43,646] {dagbag.py:500} INFO - Filling up the DagBag from /home/rhavel/Documentos/DEPLOY-PROJECTS/first-airflow/venv/lib/python3.9/site-packages/airflow/example_dags/example_xcom.py
[2022-01-04 23:36:43,777] {processor.py:654} INFO - DAG(s) dict_keys(['example_xcom']) retrieved from /home/rhavel/Documentos/DEPLOY-PROJECTS/first-airflow/venv/lib/python3.9/site-packages/airflow/example_dags/example_xcom.py
[2022-01-04 23:36:44,153] {logging_mixin.py:109} INFO - [2022-01-04 23:36:44,153] {dag.py:2396} INFO - Sync 1 DAGs
[2022-01-04 23:36:44,177] {logging_mixin.py:109} INFO - [2022-01-04 23:36:44,177] {dag.py:2935} INFO - Setting next_dagrun for example_xcom to 2021-01-01T00:00:00+00:00
[2022-01-04 23:36:44,289] {processor.py:171} INFO - Processing /home/rhavel/Documentos/DEPLOY-PROJECTS/first-airflow/venv/lib/python3.9/site-packages/airflow/example_dags/example_xcom.py took 0.677 seconds
