[2022-01-04 23:33:48,341] {processor.py:163} INFO - Started process (PID=11160) to work on /home/rhavel/Documentos/DEPLOY-PROJECTS/first-airflow/venv/lib/python3.9/site-packages/airflow/example_dags/example_branch_datetime_operator.py
[2022-01-04 23:33:48,343] {processor.py:642} INFO - Processing file /home/rhavel/Documentos/DEPLOY-PROJECTS/first-airflow/venv/lib/python3.9/site-packages/airflow/example_dags/example_branch_datetime_operator.py for tasks to queue
[2022-01-04 23:33:48,344] {logging_mixin.py:109} INFO - [2022-01-04 23:33:48,343] {dagbag.py:500} INFO - Filling up the DagBag from /home/rhavel/Documentos/DEPLOY-PROJECTS/first-airflow/venv/lib/python3.9/site-packages/airflow/example_dags/example_branch_datetime_operator.py
[2022-01-04 23:33:48,409] {processor.py:654} INFO - DAG(s) dict_keys(['example_branch_datetime_operator_2']) retrieved from /home/rhavel/Documentos/DEPLOY-PROJECTS/first-airflow/venv/lib/python3.9/site-packages/airflow/example_dags/example_branch_datetime_operator.py
[2022-01-04 23:33:48,423] {logging_mixin.py:109} INFO - [2022-01-04 23:33:48,422] {dag.py:2396} INFO - Sync 1 DAGs
[2022-01-04 23:33:48,448] {logging_mixin.py:109} INFO - [2022-01-04 23:33:48,448] {dag.py:2935} INFO - Setting next_dagrun for example_branch_datetime_operator_2 to 2022-01-04 00:00:00+00:00
[2022-01-04 23:33:48,542] {processor.py:171} INFO - Processing /home/rhavel/Documentos/DEPLOY-PROJECTS/first-airflow/venv/lib/python3.9/site-packages/airflow/example_dags/example_branch_datetime_operator.py took 0.205 seconds
[2022-01-04 23:34:31,588] {processor.py:163} INFO - Started process (PID=11264) to work on /home/rhavel/Documentos/DEPLOY-PROJECTS/first-airflow/venv/lib/python3.9/site-packages/airflow/example_dags/example_branch_datetime_operator.py
[2022-01-04 23:34:31,590] {processor.py:642} INFO - Processing file /home/rhavel/Documentos/DEPLOY-PROJECTS/first-airflow/venv/lib/python3.9/site-packages/airflow/example_dags/example_branch_datetime_operator.py for tasks to queue
[2022-01-04 23:34:31,590] {logging_mixin.py:109} INFO - [2022-01-04 23:34:31,590] {dagbag.py:500} INFO - Filling up the DagBag from /home/rhavel/Documentos/DEPLOY-PROJECTS/first-airflow/venv/lib/python3.9/site-packages/airflow/example_dags/example_branch_datetime_operator.py
[2022-01-04 23:34:31,640] {processor.py:654} INFO - DAG(s) dict_keys(['example_branch_datetime_operator_2']) retrieved from /home/rhavel/Documentos/DEPLOY-PROJECTS/first-airflow/venv/lib/python3.9/site-packages/airflow/example_dags/example_branch_datetime_operator.py
[2022-01-04 23:34:31,654] {logging_mixin.py:109} INFO - [2022-01-04 23:34:31,654] {dag.py:2396} INFO - Sync 1 DAGs
[2022-01-04 23:34:31,680] {logging_mixin.py:109} INFO - [2022-01-04 23:34:31,680] {dag.py:2935} INFO - Setting next_dagrun for example_branch_datetime_operator_2 to 2022-01-04 00:00:00+00:00
[2022-01-04 23:34:31,775] {processor.py:171} INFO - Processing /home/rhavel/Documentos/DEPLOY-PROJECTS/first-airflow/venv/lib/python3.9/site-packages/airflow/example_dags/example_branch_datetime_operator.py took 0.189 seconds
[2022-01-04 23:35:18,747] {processor.py:163} INFO - Started process (PID=11338) to work on /home/rhavel/Documentos/DEPLOY-PROJECTS/first-airflow/venv/lib/python3.9/site-packages/airflow/example_dags/example_branch_datetime_operator.py
[2022-01-04 23:35:18,749] {processor.py:642} INFO - Processing file /home/rhavel/Documentos/DEPLOY-PROJECTS/first-airflow/venv/lib/python3.9/site-packages/airflow/example_dags/example_branch_datetime_operator.py for tasks to queue
[2022-01-04 23:35:18,750] {logging_mixin.py:109} INFO - [2022-01-04 23:35:18,750] {dagbag.py:500} INFO - Filling up the DagBag from /home/rhavel/Documentos/DEPLOY-PROJECTS/first-airflow/venv/lib/python3.9/site-packages/airflow/example_dags/example_branch_datetime_operator.py
[2022-01-04 23:35:18,796] {processor.py:654} INFO - DAG(s) dict_keys(['example_branch_datetime_operator_2']) retrieved from /home/rhavel/Documentos/DEPLOY-PROJECTS/first-airflow/venv/lib/python3.9/site-packages/airflow/example_dags/example_branch_datetime_operator.py
[2022-01-04 23:35:18,808] {logging_mixin.py:109} INFO - [2022-01-04 23:35:18,808] {dag.py:2396} INFO - Sync 1 DAGs
[2022-01-04 23:35:18,829] {logging_mixin.py:109} INFO - [2022-01-04 23:35:18,829] {dag.py:2935} INFO - Setting next_dagrun for example_branch_datetime_operator_2 to 2022-01-04 00:00:00+00:00
[2022-01-04 23:35:18,928] {processor.py:171} INFO - Processing /home/rhavel/Documentos/DEPLOY-PROJECTS/first-airflow/venv/lib/python3.9/site-packages/airflow/example_dags/example_branch_datetime_operator.py took 0.183 seconds
[2022-01-04 23:36:08,545] {processor.py:163} INFO - Started process (PID=11381) to work on /home/rhavel/Documentos/DEPLOY-PROJECTS/first-airflow/venv/lib/python3.9/site-packages/airflow/example_dags/example_branch_datetime_operator.py
[2022-01-04 23:36:08,566] {processor.py:642} INFO - Processing file /home/rhavel/Documentos/DEPLOY-PROJECTS/first-airflow/venv/lib/python3.9/site-packages/airflow/example_dags/example_branch_datetime_operator.py for tasks to queue
[2022-01-04 23:36:08,567] {logging_mixin.py:109} INFO - [2022-01-04 23:36:08,566] {dagbag.py:500} INFO - Filling up the DagBag from /home/rhavel/Documentos/DEPLOY-PROJECTS/first-airflow/venv/lib/python3.9/site-packages/airflow/example_dags/example_branch_datetime_operator.py
[2022-01-04 23:36:08,591] {processor.py:654} INFO - DAG(s) dict_keys(['example_branch_datetime_operator_2']) retrieved from /home/rhavel/Documentos/DEPLOY-PROJECTS/first-airflow/venv/lib/python3.9/site-packages/airflow/example_dags/example_branch_datetime_operator.py
[2022-01-04 23:36:08,602] {logging_mixin.py:109} INFO - [2022-01-04 23:36:08,602] {dag.py:2396} INFO - Sync 1 DAGs
[2022-01-04 23:36:08,626] {logging_mixin.py:109} INFO - [2022-01-04 23:36:08,626] {dag.py:2935} INFO - Setting next_dagrun for example_branch_datetime_operator_2 to 2022-01-04 00:00:00+00:00
[2022-01-04 23:36:08,729] {processor.py:171} INFO - Processing /home/rhavel/Documentos/DEPLOY-PROJECTS/first-airflow/venv/lib/python3.9/site-packages/airflow/example_dags/example_branch_datetime_operator.py took 0.187 seconds
[2022-01-04 23:36:52,061] {processor.py:163} INFO - Started process (PID=11425) to work on /home/rhavel/Documentos/DEPLOY-PROJECTS/first-airflow/venv/lib/python3.9/site-packages/airflow/example_dags/example_branch_datetime_operator.py
[2022-01-04 23:36:52,091] {processor.py:642} INFO - Processing file /home/rhavel/Documentos/DEPLOY-PROJECTS/first-airflow/venv/lib/python3.9/site-packages/airflow/example_dags/example_branch_datetime_operator.py for tasks to queue
[2022-01-04 23:36:52,092] {logging_mixin.py:109} INFO - [2022-01-04 23:36:52,092] {dagbag.py:500} INFO - Filling up the DagBag from /home/rhavel/Documentos/DEPLOY-PROJECTS/first-airflow/venv/lib/python3.9/site-packages/airflow/example_dags/example_branch_datetime_operator.py
[2022-01-04 23:36:52,116] {processor.py:654} INFO - DAG(s) dict_keys(['example_branch_datetime_operator_2']) retrieved from /home/rhavel/Documentos/DEPLOY-PROJECTS/first-airflow/venv/lib/python3.9/site-packages/airflow/example_dags/example_branch_datetime_operator.py
[2022-01-04 23:36:52,130] {logging_mixin.py:109} INFO - [2022-01-04 23:36:52,129] {dag.py:2396} INFO - Sync 1 DAGs
[2022-01-04 23:36:52,148] {logging_mixin.py:109} INFO - [2022-01-04 23:36:52,148] {dag.py:2935} INFO - Setting next_dagrun for example_branch_datetime_operator_2 to 2022-01-04 00:00:00+00:00
[2022-01-04 23:36:52,234] {processor.py:171} INFO - Processing /home/rhavel/Documentos/DEPLOY-PROJECTS/first-airflow/venv/lib/python3.9/site-packages/airflow/example_dags/example_branch_datetime_operator.py took 0.177 seconds
