[2022-01-04 23:33:20,995] {processor.py:163} INFO - Started process (PID=11132) to work on /home/rhavel/Documentos/DEPLOY-PROJECTS/first-airflow/venv/lib/python3.9/site-packages/airflow/example_dags/tutorial.py
[2022-01-04 23:33:20,996] {processor.py:642} INFO - Processing file /home/rhavel/Documentos/DEPLOY-PROJECTS/first-airflow/venv/lib/python3.9/site-packages/airflow/example_dags/tutorial.py for tasks to queue
[2022-01-04 23:33:20,997] {logging_mixin.py:109} INFO - [2022-01-04 23:33:20,997] {dagbag.py:500} INFO - Filling up the DagBag from /home/rhavel/Documentos/DEPLOY-PROJECTS/first-airflow/venv/lib/python3.9/site-packages/airflow/example_dags/tutorial.py
[2022-01-04 23:33:21,134] {processor.py:654} INFO - DAG(s) dict_keys(['tutorial']) retrieved from /home/rhavel/Documentos/DEPLOY-PROJECTS/first-airflow/venv/lib/python3.9/site-packages/airflow/example_dags/tutorial.py
[2022-01-04 23:33:21,145] {logging_mixin.py:109} INFO - [2022-01-04 23:33:21,145] {dag.py:2396} INFO - Sync 1 DAGs
[2022-01-04 23:33:21,162] {logging_mixin.py:109} INFO - [2022-01-04 23:33:21,162] {dag.py:2935} INFO - Setting next_dagrun for tutorial to 2022-01-04T02:33:21.161892+00:00
[2022-01-04 23:33:21,257] {processor.py:171} INFO - Processing /home/rhavel/Documentos/DEPLOY-PROJECTS/first-airflow/venv/lib/python3.9/site-packages/airflow/example_dags/tutorial.py took 0.265 seconds
[2022-01-04 23:34:10,511] {processor.py:163} INFO - Started process (PID=11190) to work on /home/rhavel/Documentos/DEPLOY-PROJECTS/first-airflow/venv/lib/python3.9/site-packages/airflow/example_dags/tutorial.py
[2022-01-04 23:34:10,542] {processor.py:642} INFO - Processing file /home/rhavel/Documentos/DEPLOY-PROJECTS/first-airflow/venv/lib/python3.9/site-packages/airflow/example_dags/tutorial.py for tasks to queue
[2022-01-04 23:34:10,543] {logging_mixin.py:109} INFO - [2022-01-04 23:34:10,543] {dagbag.py:500} INFO - Filling up the DagBag from /home/rhavel/Documentos/DEPLOY-PROJECTS/first-airflow/venv/lib/python3.9/site-packages/airflow/example_dags/tutorial.py
[2022-01-04 23:34:10,619] {processor.py:654} INFO - DAG(s) dict_keys(['tutorial']) retrieved from /home/rhavel/Documentos/DEPLOY-PROJECTS/first-airflow/venv/lib/python3.9/site-packages/airflow/example_dags/tutorial.py
[2022-01-04 23:34:10,630] {logging_mixin.py:109} INFO - [2022-01-04 23:34:10,630] {dag.py:2396} INFO - Sync 1 DAGs
[2022-01-04 23:34:10,649] {logging_mixin.py:109} INFO - [2022-01-04 23:34:10,649] {dag.py:2935} INFO - Setting next_dagrun for tutorial to 2022-01-04T02:34:10.648866+00:00
[2022-01-04 23:34:10,756] {processor.py:171} INFO - Processing /home/rhavel/Documentos/DEPLOY-PROJECTS/first-airflow/venv/lib/python3.9/site-packages/airflow/example_dags/tutorial.py took 0.249 seconds
[2022-01-04 23:34:54,477] {processor.py:163} INFO - Started process (PID=11298) to work on /home/rhavel/Documentos/DEPLOY-PROJECTS/first-airflow/venv/lib/python3.9/site-packages/airflow/example_dags/tutorial.py
[2022-01-04 23:34:54,501] {processor.py:642} INFO - Processing file /home/rhavel/Documentos/DEPLOY-PROJECTS/first-airflow/venv/lib/python3.9/site-packages/airflow/example_dags/tutorial.py for tasks to queue
[2022-01-04 23:34:54,503] {logging_mixin.py:109} INFO - [2022-01-04 23:34:54,503] {dagbag.py:500} INFO - Filling up the DagBag from /home/rhavel/Documentos/DEPLOY-PROJECTS/first-airflow/venv/lib/python3.9/site-packages/airflow/example_dags/tutorial.py
[2022-01-04 23:34:54,555] {processor.py:654} INFO - DAG(s) dict_keys(['tutorial']) retrieved from /home/rhavel/Documentos/DEPLOY-PROJECTS/first-airflow/venv/lib/python3.9/site-packages/airflow/example_dags/tutorial.py
[2022-01-04 23:34:54,567] {logging_mixin.py:109} INFO - [2022-01-04 23:34:54,566] {dag.py:2396} INFO - Sync 1 DAGs
[2022-01-04 23:34:54,583] {logging_mixin.py:109} INFO - [2022-01-04 23:34:54,583] {dag.py:2935} INFO - Setting next_dagrun for tutorial to 2022-01-04T02:34:54.582912+00:00
[2022-01-04 23:34:54,680] {processor.py:171} INFO - Processing /home/rhavel/Documentos/DEPLOY-PROJECTS/first-airflow/venv/lib/python3.9/site-packages/airflow/example_dags/tutorial.py took 0.208 seconds
[2022-01-04 23:35:42,154] {processor.py:163} INFO - Started process (PID=11357) to work on /home/rhavel/Documentos/DEPLOY-PROJECTS/first-airflow/venv/lib/python3.9/site-packages/airflow/example_dags/tutorial.py
[2022-01-04 23:35:42,176] {processor.py:642} INFO - Processing file /home/rhavel/Documentos/DEPLOY-PROJECTS/first-airflow/venv/lib/python3.9/site-packages/airflow/example_dags/tutorial.py for tasks to queue
[2022-01-04 23:35:42,177] {logging_mixin.py:109} INFO - [2022-01-04 23:35:42,177] {dagbag.py:500} INFO - Filling up the DagBag from /home/rhavel/Documentos/DEPLOY-PROJECTS/first-airflow/venv/lib/python3.9/site-packages/airflow/example_dags/tutorial.py
[2022-01-04 23:35:42,224] {processor.py:654} INFO - DAG(s) dict_keys(['tutorial']) retrieved from /home/rhavel/Documentos/DEPLOY-PROJECTS/first-airflow/venv/lib/python3.9/site-packages/airflow/example_dags/tutorial.py
[2022-01-04 23:35:42,239] {logging_mixin.py:109} INFO - [2022-01-04 23:35:42,238] {dag.py:2396} INFO - Sync 1 DAGs
[2022-01-04 23:35:42,256] {logging_mixin.py:109} INFO - [2022-01-04 23:35:42,256] {dag.py:2935} INFO - Setting next_dagrun for tutorial to 2022-01-04T02:35:42.255629+00:00
[2022-01-04 23:35:42,367] {processor.py:171} INFO - Processing /home/rhavel/Documentos/DEPLOY-PROJECTS/first-airflow/venv/lib/python3.9/site-packages/airflow/example_dags/tutorial.py took 0.218 seconds
[2022-01-04 23:36:15,091] {processor.py:163} INFO - Started process (PID=11386) to work on /home/rhavel/Documentos/DEPLOY-PROJECTS/first-airflow/venv/lib/python3.9/site-packages/airflow/example_dags/tutorial.py
[2022-01-04 23:36:15,092] {processor.py:642} INFO - Processing file /home/rhavel/Documentos/DEPLOY-PROJECTS/first-airflow/venv/lib/python3.9/site-packages/airflow/example_dags/tutorial.py for tasks to queue
[2022-01-04 23:36:15,093] {logging_mixin.py:109} INFO - [2022-01-04 23:36:15,093] {dagbag.py:500} INFO - Filling up the DagBag from /home/rhavel/Documentos/DEPLOY-PROJECTS/first-airflow/venv/lib/python3.9/site-packages/airflow/example_dags/tutorial.py
[2022-01-04 23:36:15,120] {processor.py:654} INFO - DAG(s) dict_keys(['tutorial']) retrieved from /home/rhavel/Documentos/DEPLOY-PROJECTS/first-airflow/venv/lib/python3.9/site-packages/airflow/example_dags/tutorial.py
[2022-01-04 23:36:15,131] {logging_mixin.py:109} INFO - [2022-01-04 23:36:15,130] {dag.py:2396} INFO - Sync 1 DAGs
[2022-01-04 23:36:15,146] {logging_mixin.py:109} INFO - [2022-01-04 23:36:15,146] {dag.py:2935} INFO - Setting next_dagrun for tutorial to 2022-01-04T02:36:15.146191+00:00
[2022-01-04 23:36:15,437] {processor.py:171} INFO - Processing /home/rhavel/Documentos/DEPLOY-PROJECTS/first-airflow/venv/lib/python3.9/site-packages/airflow/example_dags/tutorial.py took 0.351 seconds
[2022-01-04 23:36:55,595] {processor.py:163} INFO - Started process (PID=11428) to work on /home/rhavel/Documentos/DEPLOY-PROJECTS/first-airflow/venv/lib/python3.9/site-packages/airflow/example_dags/tutorial.py
[2022-01-04 23:36:55,604] {processor.py:642} INFO - Processing file /home/rhavel/Documentos/DEPLOY-PROJECTS/first-airflow/venv/lib/python3.9/site-packages/airflow/example_dags/tutorial.py for tasks to queue
[2022-01-04 23:36:55,604] {logging_mixin.py:109} INFO - [2022-01-04 23:36:55,604] {dagbag.py:500} INFO - Filling up the DagBag from /home/rhavel/Documentos/DEPLOY-PROJECTS/first-airflow/venv/lib/python3.9/site-packages/airflow/example_dags/tutorial.py
[2022-01-04 23:36:55,632] {processor.py:654} INFO - DAG(s) dict_keys(['tutorial']) retrieved from /home/rhavel/Documentos/DEPLOY-PROJECTS/first-airflow/venv/lib/python3.9/site-packages/airflow/example_dags/tutorial.py
[2022-01-04 23:36:55,643] {logging_mixin.py:109} INFO - [2022-01-04 23:36:55,643] {dag.py:2396} INFO - Sync 1 DAGs
[2022-01-04 23:36:55,659] {logging_mixin.py:109} INFO - [2022-01-04 23:36:55,659] {dag.py:2935} INFO - Setting next_dagrun for tutorial to 2022-01-04T02:36:55.658910+00:00
[2022-01-04 23:36:55,781] {processor.py:171} INFO - Processing /home/rhavel/Documentos/DEPLOY-PROJECTS/first-airflow/venv/lib/python3.9/site-packages/airflow/example_dags/tutorial.py took 0.190 seconds
