[2022-01-04 23:33:17,991] {processor.py:163} INFO - Started process (PID=11126) to work on /home/rhavel/Documentos/DEPLOY-PROJECTS/first-airflow/venv/lib/python3.9/site-packages/airflow/example_dags/tutorial_etl_dag.py
[2022-01-04 23:33:17,993] {processor.py:642} INFO - Processing file /home/rhavel/Documentos/DEPLOY-PROJECTS/first-airflow/venv/lib/python3.9/site-packages/airflow/example_dags/tutorial_etl_dag.py for tasks to queue
[2022-01-04 23:33:17,994] {logging_mixin.py:109} INFO - [2022-01-04 23:33:17,993] {dagbag.py:500} INFO - Filling up the DagBag from /home/rhavel/Documentos/DEPLOY-PROJECTS/first-airflow/venv/lib/python3.9/site-packages/airflow/example_dags/tutorial_etl_dag.py
[2022-01-04 23:33:18,027] {processor.py:654} INFO - DAG(s) dict_keys(['tutorial_etl_dag']) retrieved from /home/rhavel/Documentos/DEPLOY-PROJECTS/first-airflow/venv/lib/python3.9/site-packages/airflow/example_dags/tutorial_etl_dag.py
[2022-01-04 23:33:18,042] {logging_mixin.py:109} INFO - [2022-01-04 23:33:18,042] {dag.py:2396} INFO - Sync 1 DAGs
[2022-01-04 23:33:18,064] {logging_mixin.py:109} INFO - [2022-01-04 23:33:18,063] {dag.py:2935} INFO - Setting next_dagrun for tutorial_etl_dag to None
[2022-01-04 23:33:18,212] {processor.py:171} INFO - Processing /home/rhavel/Documentos/DEPLOY-PROJECTS/first-airflow/venv/lib/python3.9/site-packages/airflow/example_dags/tutorial_etl_dag.py took 0.225 seconds
[2022-01-04 23:34:06,896] {processor.py:163} INFO - Started process (PID=11183) to work on /home/rhavel/Documentos/DEPLOY-PROJECTS/first-airflow/venv/lib/python3.9/site-packages/airflow/example_dags/tutorial_etl_dag.py
[2022-01-04 23:34:06,918] {processor.py:642} INFO - Processing file /home/rhavel/Documentos/DEPLOY-PROJECTS/first-airflow/venv/lib/python3.9/site-packages/airflow/example_dags/tutorial_etl_dag.py for tasks to queue
[2022-01-04 23:34:06,919] {logging_mixin.py:109} INFO - [2022-01-04 23:34:06,919] {dagbag.py:500} INFO - Filling up the DagBag from /home/rhavel/Documentos/DEPLOY-PROJECTS/first-airflow/venv/lib/python3.9/site-packages/airflow/example_dags/tutorial_etl_dag.py
[2022-01-04 23:34:06,989] {processor.py:654} INFO - DAG(s) dict_keys(['tutorial_etl_dag']) retrieved from /home/rhavel/Documentos/DEPLOY-PROJECTS/first-airflow/venv/lib/python3.9/site-packages/airflow/example_dags/tutorial_etl_dag.py
[2022-01-04 23:34:07,005] {logging_mixin.py:109} INFO - [2022-01-04 23:34:07,005] {dag.py:2396} INFO - Sync 1 DAGs
[2022-01-04 23:34:07,022] {logging_mixin.py:109} INFO - [2022-01-04 23:34:07,022] {dag.py:2935} INFO - Setting next_dagrun for tutorial_etl_dag to None
[2022-01-04 23:34:07,134] {processor.py:171} INFO - Processing /home/rhavel/Documentos/DEPLOY-PROJECTS/first-airflow/venv/lib/python3.9/site-packages/airflow/example_dags/tutorial_etl_dag.py took 0.243 seconds
[2022-01-04 23:34:50,850] {processor.py:163} INFO - Started process (PID=11294) to work on /home/rhavel/Documentos/DEPLOY-PROJECTS/first-airflow/venv/lib/python3.9/site-packages/airflow/example_dags/tutorial_etl_dag.py
[2022-01-04 23:34:50,866] {processor.py:642} INFO - Processing file /home/rhavel/Documentos/DEPLOY-PROJECTS/first-airflow/venv/lib/python3.9/site-packages/airflow/example_dags/tutorial_etl_dag.py for tasks to queue
[2022-01-04 23:34:50,866] {logging_mixin.py:109} INFO - [2022-01-04 23:34:50,866] {dagbag.py:500} INFO - Filling up the DagBag from /home/rhavel/Documentos/DEPLOY-PROJECTS/first-airflow/venv/lib/python3.9/site-packages/airflow/example_dags/tutorial_etl_dag.py
[2022-01-04 23:34:50,902] {processor.py:654} INFO - DAG(s) dict_keys(['tutorial_etl_dag']) retrieved from /home/rhavel/Documentos/DEPLOY-PROJECTS/first-airflow/venv/lib/python3.9/site-packages/airflow/example_dags/tutorial_etl_dag.py
[2022-01-04 23:34:50,914] {logging_mixin.py:109} INFO - [2022-01-04 23:34:50,914] {dag.py:2396} INFO - Sync 1 DAGs
[2022-01-04 23:34:50,930] {logging_mixin.py:109} INFO - [2022-01-04 23:34:50,930] {dag.py:2935} INFO - Setting next_dagrun for tutorial_etl_dag to None
[2022-01-04 23:34:51,059] {processor.py:171} INFO - Processing /home/rhavel/Documentos/DEPLOY-PROJECTS/first-airflow/venv/lib/python3.9/site-packages/airflow/example_dags/tutorial_etl_dag.py took 0.214 seconds
[2022-01-04 23:35:24,704] {processor.py:163} INFO - Started process (PID=11344) to work on /home/rhavel/Documentos/DEPLOY-PROJECTS/first-airflow/venv/lib/python3.9/site-packages/airflow/example_dags/tutorial_etl_dag.py
[2022-01-04 23:35:24,705] {processor.py:642} INFO - Processing file /home/rhavel/Documentos/DEPLOY-PROJECTS/first-airflow/venv/lib/python3.9/site-packages/airflow/example_dags/tutorial_etl_dag.py for tasks to queue
[2022-01-04 23:35:24,706] {logging_mixin.py:109} INFO - [2022-01-04 23:35:24,706] {dagbag.py:500} INFO - Filling up the DagBag from /home/rhavel/Documentos/DEPLOY-PROJECTS/first-airflow/venv/lib/python3.9/site-packages/airflow/example_dags/tutorial_etl_dag.py
[2022-01-04 23:35:24,784] {processor.py:654} INFO - DAG(s) dict_keys(['tutorial_etl_dag']) retrieved from /home/rhavel/Documentos/DEPLOY-PROJECTS/first-airflow/venv/lib/python3.9/site-packages/airflow/example_dags/tutorial_etl_dag.py
[2022-01-04 23:35:24,795] {logging_mixin.py:109} INFO - [2022-01-04 23:35:24,795] {dag.py:2396} INFO - Sync 1 DAGs
[2022-01-04 23:35:24,813] {logging_mixin.py:109} INFO - [2022-01-04 23:35:24,813] {dag.py:2935} INFO - Setting next_dagrun for tutorial_etl_dag to None
[2022-01-04 23:35:24,905] {processor.py:171} INFO - Processing /home/rhavel/Documentos/DEPLOY-PROJECTS/first-airflow/venv/lib/python3.9/site-packages/airflow/example_dags/tutorial_etl_dag.py took 0.206 seconds
[2022-01-04 23:35:58,880] {processor.py:163} INFO - Started process (PID=11373) to work on /home/rhavel/Documentos/DEPLOY-PROJECTS/first-airflow/venv/lib/python3.9/site-packages/airflow/example_dags/tutorial_etl_dag.py
[2022-01-04 23:35:58,899] {processor.py:642} INFO - Processing file /home/rhavel/Documentos/DEPLOY-PROJECTS/first-airflow/venv/lib/python3.9/site-packages/airflow/example_dags/tutorial_etl_dag.py for tasks to queue
[2022-01-04 23:35:58,900] {logging_mixin.py:109} INFO - [2022-01-04 23:35:58,900] {dagbag.py:500} INFO - Filling up the DagBag from /home/rhavel/Documentos/DEPLOY-PROJECTS/first-airflow/venv/lib/python3.9/site-packages/airflow/example_dags/tutorial_etl_dag.py
[2022-01-04 23:35:58,929] {processor.py:654} INFO - DAG(s) dict_keys(['tutorial_etl_dag']) retrieved from /home/rhavel/Documentos/DEPLOY-PROJECTS/first-airflow/venv/lib/python3.9/site-packages/airflow/example_dags/tutorial_etl_dag.py
[2022-01-04 23:35:58,941] {logging_mixin.py:109} INFO - [2022-01-04 23:35:58,941] {dag.py:2396} INFO - Sync 1 DAGs
[2022-01-04 23:35:58,958] {logging_mixin.py:109} INFO - [2022-01-04 23:35:58,957] {dag.py:2935} INFO - Setting next_dagrun for tutorial_etl_dag to None
[2022-01-04 23:35:59,214] {processor.py:171} INFO - Processing /home/rhavel/Documentos/DEPLOY-PROJECTS/first-airflow/venv/lib/python3.9/site-packages/airflow/example_dags/tutorial_etl_dag.py took 0.340 seconds
[2022-01-04 23:36:42,152] {processor.py:163} INFO - Started process (PID=11416) to work on /home/rhavel/Documentos/DEPLOY-PROJECTS/first-airflow/venv/lib/python3.9/site-packages/airflow/example_dags/tutorial_etl_dag.py
[2022-01-04 23:36:42,192] {processor.py:642} INFO - Processing file /home/rhavel/Documentos/DEPLOY-PROJECTS/first-airflow/venv/lib/python3.9/site-packages/airflow/example_dags/tutorial_etl_dag.py for tasks to queue
[2022-01-04 23:36:42,192] {logging_mixin.py:109} INFO - [2022-01-04 23:36:42,192] {dagbag.py:500} INFO - Filling up the DagBag from /home/rhavel/Documentos/DEPLOY-PROJECTS/first-airflow/venv/lib/python3.9/site-packages/airflow/example_dags/tutorial_etl_dag.py
[2022-01-04 23:36:42,224] {processor.py:654} INFO - DAG(s) dict_keys(['tutorial_etl_dag']) retrieved from /home/rhavel/Documentos/DEPLOY-PROJECTS/first-airflow/venv/lib/python3.9/site-packages/airflow/example_dags/tutorial_etl_dag.py
[2022-01-04 23:36:42,240] {logging_mixin.py:109} INFO - [2022-01-04 23:36:42,240] {dag.py:2396} INFO - Sync 1 DAGs
[2022-01-04 23:36:42,260] {logging_mixin.py:109} INFO - [2022-01-04 23:36:42,260] {dag.py:2935} INFO - Setting next_dagrun for tutorial_etl_dag to None
[2022-01-04 23:36:42,358] {processor.py:171} INFO - Processing /home/rhavel/Documentos/DEPLOY-PROJECTS/first-airflow/venv/lib/python3.9/site-packages/airflow/example_dags/tutorial_etl_dag.py took 0.213 seconds
[2022-01-04 23:38:43,260] {processor.py:163} INFO - Started process (PID=11523) to work on /home/rhavel/Documentos/DEPLOY-PROJECTS/first-airflow/venv/lib/python3.9/site-packages/airflow/example_dags/tutorial_etl_dag.py
[2022-01-04 23:38:43,278] {processor.py:642} INFO - Processing file /home/rhavel/Documentos/DEPLOY-PROJECTS/first-airflow/venv/lib/python3.9/site-packages/airflow/example_dags/tutorial_etl_dag.py for tasks to queue
[2022-01-04 23:38:43,279] {logging_mixin.py:109} INFO - [2022-01-04 23:38:43,279] {dagbag.py:500} INFO - Filling up the DagBag from /home/rhavel/Documentos/DEPLOY-PROJECTS/first-airflow/venv/lib/python3.9/site-packages/airflow/example_dags/tutorial_etl_dag.py
[2022-01-04 23:38:43,308] {processor.py:654} INFO - DAG(s) dict_keys(['tutorial_etl_dag']) retrieved from /home/rhavel/Documentos/DEPLOY-PROJECTS/first-airflow/venv/lib/python3.9/site-packages/airflow/example_dags/tutorial_etl_dag.py
[2022-01-04 23:38:43,322] {logging_mixin.py:109} INFO - [2022-01-04 23:38:43,322] {dag.py:2396} INFO - Sync 1 DAGs
[2022-01-04 23:38:43,340] {logging_mixin.py:109} INFO - [2022-01-04 23:38:43,340] {dag.py:2935} INFO - Setting next_dagrun for tutorial_etl_dag to None
[2022-01-04 23:38:43,416] {processor.py:171} INFO - Processing /home/rhavel/Documentos/DEPLOY-PROJECTS/first-airflow/venv/lib/python3.9/site-packages/airflow/example_dags/tutorial_etl_dag.py took 0.160 seconds
